<?xml version="1.0" encoding="UTF-8"?>
<!-- Generated by org.testng.reporters.JUnitXMLReporter -->
<<<<<<< HEAD
<testsuite hostname="LAPTOP-7DB4GVKK" ignored="0" name="Test14" tests="6" failures="4" timestamp="2022-09-13T00:24:24 IST" time="14.057" errors="0">
  <testcase name="verifyDate" time="0.031" classname="com.demoQA.tests.Datepicker_Test">
=======
<testsuite hostname="LAPTOP-7DB4GVKK" ignored="0" name="Test14" tests="6" failures="5" timestamp="2022-09-14T22:27:26 IST" time="117.62" errors="0">
  <testcase name="verifyDate" time="2.329" classname="com.demoQA.tests.Datepicker_Test">
>>>>>>> 6364e11fe48bb0a3f1a8a329bea4d2c995220102
    <failure type="org.testng.internal.reflect.MethodMatcherException" message="
[public void com.demoQA.tests.Datepicker_Test.verifyDate() throws java.lang.InterruptedException] has no parameters defined but was found to be using a data provider (either explicitly specified or inherited from class level annotation).
Data provider mismatch
Method: verifyDate([])
Arguments: [(java.lang.Integer) 2013,(java.lang.String) August,(java.lang.Integer) 13]">
      <![CDATA[org.testng.internal.reflect.MethodMatcherException: 
[public void com.demoQA.tests.Datepicker_Test.verifyDate() throws java.lang.InterruptedException] has no parameters defined but was found to be using a data provider (either explicitly specified or inherited from class level annotation).
Data provider mismatch
Method: verifyDate([])
Arguments: [(java.lang.Integer) 2013,(java.lang.String) August,(java.lang.Integer) 13]
at java.util.ArrayList.forEach(ArrayList.java:1259)
<<<<<<< HEAD
... Removed 22 stack frames]]>
    </failure>
  </testcase> <!-- verifyDate -->
  <testcase name="verifyDateAndTime" time="1.846" classname="com.demoQA.tests.Datepicker_Test"/>
  <testcase name="verifyDateByPrevNextBtn" time="1.135" classname="com.demoQA.tests.Datepicker_Test">
=======
... Removed 25 stack frames]]>
    </failure>
  </testcase> <!-- verifyDate -->
  <testcase name="verifyDateAndTime" time="2.363" classname="com.demoQA.tests.Datepicker_Test"/>
  <testcase name="verifyDateByPrevNextBtn" time="3.577" classname="com.demoQA.tests.Datepicker_Test">
>>>>>>> 6364e11fe48bb0a3f1a8a329bea4d2c995220102
    <failure type="java.lang.AssertionError" message="expected [08/15/2015] but found [08/12/2020]">
      <![CDATA[java.lang.AssertionError: expected [08/15/2015] but found [08/12/2020]
at com.demoQA.tests.Datepicker_Test.verifyDateByPrevNextBtn(Datepicker_Test.java:57)
at java.util.ArrayList.forEach(ArrayList.java:1259)
<<<<<<< HEAD
... Removed 32 stack frames]]>
    </failure>
  </testcase> <!-- verifyDateByPrevNextBtn -->
  <testcase name="verifyDateByPrevNextBtn" time="1.083" classname="com.demoQA.tests.Datepicker_Test">
=======
... Removed 35 stack frames]]>
    </failure>
  </testcase> <!-- verifyDateByPrevNextBtn -->
  <testcase name="verifyDateByPrevNextBtn" time="1.44" classname="com.demoQA.tests.Datepicker_Test">
>>>>>>> 6364e11fe48bb0a3f1a8a329bea4d2c995220102
    <failure type="java.lang.AssertionError" message="expected [08/15/2015] but found [09/13/2022]">
      <![CDATA[java.lang.AssertionError: expected [08/15/2015] but found [09/13/2022]
at com.demoQA.tests.Datepicker_Test.verifyDateByPrevNextBtn(Datepicker_Test.java:57)
at java.util.ArrayList.forEach(ArrayList.java:1259)
<<<<<<< HEAD
... Removed 32 stack frames]]>
    </failure>
  </testcase> <!-- verifyDateByPrevNextBtn -->
  <testcase name="verifyDateByPrevNextBtn" time="0.654" classname="com.demoQA.tests.Datepicker_Test">
    <failure type="java.lang.AssertionError" message="expected [08/15/2015] but found [10/14/2023]">
      <![CDATA[java.lang.AssertionError: expected [08/15/2015] but found [10/14/2023]
at com.demoQA.tests.Datepicker_Test.verifyDateByPrevNextBtn(Datepicker_Test.java:57)
at java.util.ArrayList.forEach(ArrayList.java:1259)
... Removed 32 stack frames]]>
    </failure>
  </testcase> <!-- verifyDateByPrevNextBtn -->
  <testcase name="verifyTitle" time="0.034" classname="com.demoQA.tests.Datepicker_Test"/>
=======
... Removed 35 stack frames]]>
    </failure>
  </testcase> <!-- verifyDateByPrevNextBtn -->
  <testcase name="verifyDateByPrevNextBtn" time="0.039" classname="com.demoQA.tests.Datepicker_Test">
    <failure type="org.openqa.selenium.NoSuchElementException" message="Cannot locate an element using id=datePickerMonthYearInput
For documentation on this error, please visit: https://www.seleniumhq.org/exceptions/no_such_element.html
Build info: version: &amp;apos;3.141.59&amp;apos;, revision: &amp;apos;e82be7d358&amp;apos;, time: &amp;apos;2018-11-14T08:17:03&amp;apos;
System info: host: &amp;apos;LAPTOP-7DB4GVKK&amp;apos;, ip: &amp;apos;192.168.7.201&amp;apos;, os.name: &amp;apos;Windows 10&amp;apos;, os.arch: &amp;apos;amd64&amp;apos;, os.version: &amp;apos;10.0&amp;apos;, java.version: &amp;apos;1.8.0_321&amp;apos;
Driver info: driver.version: RemoteWebDriver">
      <![CDATA[org.openqa.selenium.NoSuchElementException: Cannot locate an element using id=datePickerMonthYearInput
For documentation on this error, please visit: https://www.seleniumhq.org/exceptions/no_such_element.html
Build info: version: '3.141.59', revision: 'e82be7d358', time: '2018-11-14T08:17:03'
System info: host: 'LAPTOP-7DB4GVKK', ip: '192.168.7.201', os.name: 'Windows 10', os.arch: 'amd64', os.version: '10.0', java.version: '1.8.0_321'
Driver info: driver.version: RemoteWebDriver
at org.openqa.selenium.remote.RemoteWebDriver.findElement(RemoteWebDriver.java:327)
at org.openqa.selenium.remote.RemoteWebDriver.findElementById(RemoteWebDriver.java:372)
at org.openqa.selenium.By$ById.findElement(By.java:188)
at org.openqa.selenium.remote.RemoteWebDriver.findElement(RemoteWebDriver.java:315)
at com.demoQA.page.Datepicker.selectDateByPrevNextBtn(Datepicker.java:49)
at com.demoQA.tests.Datepicker_Test.verifyDateByPrevNextBtn(Datepicker_Test.java:53)
at java.util.ArrayList.forEach(ArrayList.java:1259)
... Removed 30 stack frames]]>
    </failure>
  </testcase> <!-- verifyDateByPrevNextBtn -->
  <testcase name="verifyTitle" time="0.013" classname="com.demoQA.tests.Datepicker_Test">
    <failure type="org.openqa.selenium.NoSuchWindowException" message="no such window: target window already closed
from unknown error: web view not found
  (Session info: chrome=105.0.5195.102)
Build info: version: &amp;apos;3.141.59&amp;apos;, revision: &amp;apos;e82be7d358&amp;apos;, time: &amp;apos;2018-11-14T08:17:03&amp;apos;
System info: host: &amp;apos;LAPTOP-7DB4GVKK&amp;apos;, ip: &amp;apos;192.168.7.201&amp;apos;, os.name: &amp;apos;Windows 10&amp;apos;, os.arch: &amp;apos;amd64&amp;apos;, os.version: &amp;apos;10.0&amp;apos;, java.version: &amp;apos;1.8.0_321&amp;apos;
Driver info: org.openqa.selenium.chrome.ChromeDriver
Capabilities {acceptInsecureCerts: false, browserName: chrome, browserVersion: 105.0.5195.102, chrome: {chromedriverVersion: 105.0.5195.52 (412c95e51883..., userDataDir: C:\Users\bhalerao\AppData\L...}, goog:chromeOptions: {debuggerAddress: localhost:61351}, javascriptEnabled: true, networkConnectionEnabled: false, pageLoadStrategy: normal, platform: WINDOWS, platformName: WINDOWS, proxy: Proxy(), setWindowRect: true, strictFileInteractability: false, timeouts: {implicit: 0, pageLoad: 300000, script: 30000}, unhandledPromptBehavior: dismiss and notify, webauthn:extension:credBlob: true, webauthn:extension:largeBlob: true, webauthn:virtualAuthenticators: true}
Session ID: 45177076d13234cbc4961cf4ea700d1c
*** Element info: {Using=xpath, value=//div[text()=&amp;apos;Date Picker&amp;apos;]}">
      <![CDATA[org.openqa.selenium.NoSuchWindowException: no such window: target window already closed
from unknown error: web view not found
  (Session info: chrome=105.0.5195.102)
Build info: version: '3.141.59', revision: 'e82be7d358', time: '2018-11-14T08:17:03'
System info: host: 'LAPTOP-7DB4GVKK', ip: '192.168.7.201', os.name: 'Windows 10', os.arch: 'amd64', os.version: '10.0', java.version: '1.8.0_321'
Driver info: org.openqa.selenium.chrome.ChromeDriver
Capabilities {acceptInsecureCerts: false, browserName: chrome, browserVersion: 105.0.5195.102, chrome: {chromedriverVersion: 105.0.5195.52 (412c95e51883..., userDataDir: C:\Users\bhalerao\AppData\L...}, goog:chromeOptions: {debuggerAddress: localhost:61351}, javascriptEnabled: true, networkConnectionEnabled: false, pageLoadStrategy: normal, platform: WINDOWS, platformName: WINDOWS, proxy: Proxy(), setWindowRect: true, strictFileInteractability: false, timeouts: {implicit: 0, pageLoad: 300000, script: 30000}, unhandledPromptBehavior: dismiss and notify, webauthn:extension:credBlob: true, webauthn:extension:largeBlob: true, webauthn:virtualAuthenticators: true}
Session ID: 45177076d13234cbc4961cf4ea700d1c
*** Element info: {Using=xpath, value=//div[text()='Date Picker']}
at org.openqa.selenium.remote.http.W3CHttpResponseCodec.createException(W3CHttpResponseCodec.java:187)
at org.openqa.selenium.remote.http.W3CHttpResponseCodec.decode(W3CHttpResponseCodec.java:122)
at org.openqa.selenium.remote.http.W3CHttpResponseCodec.decode(W3CHttpResponseCodec.java:49)
at org.openqa.selenium.remote.HttpCommandExecutor.execute(HttpCommandExecutor.java:158)
at org.openqa.selenium.remote.service.DriverCommandExecutor.execute(DriverCommandExecutor.java:83)
at org.openqa.selenium.remote.RemoteWebDriver.execute(RemoteWebDriver.java:552)
at org.openqa.selenium.remote.RemoteWebDriver.findElement(RemoteWebDriver.java:323)
at org.openqa.selenium.remote.RemoteWebDriver.findElementByXPath(RemoteWebDriver.java:428)
at org.openqa.selenium.By$ByXPath.findElement(By.java:353)
at org.openqa.selenium.remote.RemoteWebDriver.findElement(RemoteWebDriver.java:315)
at com.demoQA.page.Datepicker.getTitle(Datepicker.java:31)
at com.demoQA.tests.Datepicker_Test.verifyTitle(Datepicker_Test.java:29)
at java.util.ArrayList.forEach(ArrayList.java:1259)
... Removed 34 stack frames]]>
    </failure>
  </testcase> <!-- verifyTitle -->
>>>>>>> 6364e11fe48bb0a3f1a8a329bea4d2c995220102
</testsuite> <!-- Test14 -->
