<?xml version="1.0" encoding="UTF-8"?>
<!-- Generated by org.testng.reporters.JUnitXMLReporter -->
<testsuite hostname="LAPTOP-7DB4GVKK" ignored="0" name="Test13" tests="3" failures="1" timestamp="2022-09-13T00:24:10 IST" time="14.396" errors="0">
  <testcase name="testHeaderTxt" time="0.033" classname="com.demoQA.tests.CheckBox_Test"/>
  <testcase name="testHomeCheckBox" time="5.145" classname="com.demoQA.tests.CheckBox_Test">
    <failure type="java.lang.AssertionError">
      <![CDATA[java.lang.AssertionError: 
at com.demoQA.tests.CheckBox_Test.testHomeCheckBox(CheckBox_Test.java:45)
at java.util.ArrayList.forEach(ArrayList.java:1259)
... Removed 30 stack frames]]>
    </failure>
  </testcase> <!-- testHomeCheckBox -->
  <testcase name="testHomeTxt" time="0.033" classname="com.demoQA.tests.CheckBox_Test"/>
</testsuite> <!-- Test13 -->
