<!DOCTYPE html PUBLIC "-//W3C//DTD XHTML 1.1//EN" "http://www.w3.org/TR/xhtml11/DTD/xhtml11.dtd">
<html xmlns="http://www.w3.org/1999/xhtml">
<head>
<meta http-equiv="content-type" content="text/html; charset=UTF-8"/>
<title>TestNG Report</title>
<style type="text/css">table {margin-bottom:10px;border-collapse:collapse;empty-cells:show}th,td {border:1px solid #009;padding:.25em .5em}th {vertical-align:bottom}td {vertical-align:top}table a {font-weight:bold}.stripe td {background-color: #E6EBF9}.num {text-align:right}.passedodd td {background-color: #3F3}.passedeven td {background-color: #0A0}.skippedodd td {background-color: #DDD}.skippedeven td {background-color: #CCC}.failedodd td,.attn {background-color: #F33}.failedeven td,.stripe .attn {background-color: #D00}.stacktrace {white-space:pre;font-family:monospace}.totop {font-size:85%;text-align:center;border-bottom:2px solid #000}.invisible {display:none}</style>
</head>
<body>
<table>
<tr><th>Test</th><th># Passed</th><th># Skipped</th><th># Retried</th><th># Failed</th><th>Time (ms)</th><th>Included Groups</th><th>Excluded Groups</th></tr>
<<<<<<< HEAD
<tr><th colspan="7">Suite</th></tr>
<tr><td><a href="#t0">Test1</a></td><td class="num">3</td><td class="num">0</td><td class="num">0</td><td class="num">0</td><td class="num">22,379</td><td></td><td></td></tr>
<tr class="stripe"><td><a href="#t1">Test2</a></td><td class="num">0</td><td class="num">0</td><td class="num">0</td><td class="num attn">3</td><td class="num">14,345</td><td></td><td></td></tr>
<tr><td><a href="#t2">Test3</a></td><td class="num">3</td><td class="num">0</td><td class="num">0</td><td class="num">0</td><td class="num">8,321</td><td></td><td></td></tr>
<tr class="stripe"><td><a href="#t3">Test4</a></td><td class="num">1</td><td class="num">0</td><td class="num">0</td><td class="num attn">1</td><td class="num">25,977</td><td></td><td></td></tr>
<tr><td><a href="#t4">Test5</a></td><td class="num">3</td><td class="num">0</td><td class="num">0</td><td class="num">0</td><td class="num">14,471</td><td></td><td></td></tr>
<tr class="stripe"><td><a href="#t5">Test6</a></td><td class="num">1</td><td class="num">0</td><td class="num">0</td><td class="num attn">4</td><td class="num">115,451</td><td></td><td></td></tr>
<tr><td><a href="#t6">Test7</a></td><td class="num">2</td><td class="num">0</td><td class="num">0</td><td class="num">0</td><td class="num">12,911</td><td></td><td></td></tr>
<tr class="stripe"><td><a href="#t7">Test8</a></td><td class="num">1</td><td class="num">0</td><td class="num">0</td><td class="num">0</td><td class="num">7,684</td><td></td><td></td></tr>
<tr><td><a href="#t8">Test9</a></td><td class="num">4</td><td class="num">0</td><td class="num">0</td><td class="num">0</td><td class="num">9,381</td><td></td><td></td></tr>
<tr class="stripe"><td><a href="#t9">Test10</a></td><td class="num">2</td><td class="num">0</td><td class="num">0</td><td class="num">0</td><td class="num">9,939</td><td></td><td></td></tr>
<tr><td><a href="#t10">Test11</a></td><td class="num">3</td><td class="num">0</td><td class="num">0</td><td class="num">0</td><td class="num">15,503</td><td></td><td></td></tr>
<tr class="stripe"><td><a href="#t11">Test12</a></td><td class="num">1</td><td class="num">0</td><td class="num">0</td><td class="num attn">2</td><td class="num">52,938</td><td></td><td></td></tr>
<tr><td><a href="#t12">Test13</a></td><td class="num">2</td><td class="num">0</td><td class="num">0</td><td class="num attn">1</td><td class="num">14,396</td><td></td><td></td></tr>
<tr class="stripe"><td><a href="#t13">Test14</a></td><td class="num">2</td><td class="num">0</td><td class="num">0</td><td class="num attn">4</td><td class="num">14,057</td><td></td><td></td></tr>
<tr><td><a href="#t14">Test15</a></td><td class="num">4</td><td class="num">0</td><td class="num">0</td><td class="num">0</td><td class="num">12,720</td><td></td><td></td></tr>
<tr class="stripe"><td><a href="#t15">Test16</a></td><td class="num">2</td><td class="num">0</td><td class="num">0</td><td class="num">0</td><td class="num">16,362</td><td></td><td></td></tr>
<tr><th>Total</th><th class="num">34</th><th class="num">0</th><th class="num">0</th><th class="num attn">15</th><th class="num">366,835</th><th colspan="2"></th></tr>
</table>
<table id='summary'><thead><tr><th>Class</th><th>Method</th><th>Start</th><th>Time (ms)</th></tr></thead><tbody><tr><th colspan="4">Suite</th></tr></tbody><tbody id="t0"><tr><th colspan="4">Test1 &#8212; passed</th></tr><tr class="passedeven"><td rowspan="3">com.demoQA.tests.Element_Page_Test</td><td><a href="#m0">testCheckBox</a></td><td rowspan="1">1663008546433</td><td rowspan="1">142</td></tr><tr class="passedeven"><td><a href="#m1">testRadioButtons</a></td><td rowspan="1">1663008546591</td><td rowspan="1">92</td></tr><tr class="passedeven"><td><a href="#m2">testTextBox</a></td><td rowspan="1">1663008546693</td><td rowspan="1">97</td></tr></tbody>
<tbody id="t1"><tr><th colspan="4">Test2 &#8212; failed</th></tr><tr class="failedeven"><td rowspan="3">com.demoQA.tests.TextBox_Test</td><td><a href="#m3">testCurrentAdd</a></td><td rowspan="1">1663008559175</td><td rowspan="1">1104</td></tr><tr class="failedeven"><td><a href="#m4">testEmail</a></td><td rowspan="1">1663008560295</td><td rowspan="1">53</td></tr><tr class="failedeven"><td><a href="#m5">testFullName</a></td><td rowspan="1">1663008560362</td><td rowspan="1">48</td></tr></tbody>
<tbody id="t2"><tr><th colspan="4">Test3 &#8212; passed</th></tr><tr class="passedeven"><td rowspan="3">com.demoQA.tests.RadioButtons_Test</td><td><a href="#m6">testHeaderTxt</a></td><td rowspan="1">1663008569869</td><td rowspan="1">34</td></tr><tr class="passedeven"><td><a href="#m7">testImpressiveBtn</a></td><td rowspan="1">1663008569904</td><td rowspan="1">122</td></tr><tr class="passedeven"><td><a href="#m8">testYesBtn</a></td><td rowspan="1">1663008570029</td><td rowspan="1">98</td></tr></tbody>
<tbody id="t3"><tr><th colspan="4">Test4 &#8212; failed</th></tr><tr class="failedeven"><td rowspan="1">com.demoQA.tests.Test_Interactions</td><td><a href="#m9">verifyTitle</a></td><td rowspan="1">1663008584144</td><td rowspan="1">10569</td></tr><tr><th colspan="4">Test4 &#8212; passed</th></tr><tr class="passedeven"><td rowspan="1">com.demoQA.tests.Test_Interactions</td><td><a href="#m10">verifyDroppableTitle</a></td><td rowspan="1">1663008583928</td><td rowspan="1">210</td></tr></tbody>
<tbody id="t4"><tr><th colspan="4">Test5 &#8212; passed</th></tr><tr class="passedeven"><td rowspan="3">com.demoQA.tests.Widgets_Test</td><td><a href="#m11">getTitle</a></td><td rowspan="1">1663008610578</td><td rowspan="1">33</td></tr><tr class="passedeven"><td><a href="#m12">getTitleOFDatepicker</a></td><td rowspan="1">1663008610613</td><td rowspan="1">100</td></tr><tr class="passedeven"><td><a href="#m13">getTitleOFProgressBar</a></td><td rowspan="1">1663008610716</td><td rowspan="1">88</td></tr></tbody>
<tbody id="t5"><tr><th colspan="4">Test6 &#8212; failed</th></tr><tr class="failedeven"><td rowspan="4">com.demoQA.tests.Alert_Test</td><td><a href="#m14">testConfirmAlert</a></td><td rowspan="1">1663008625027</td><td rowspan="1">100886</td></tr><tr class="failedeven"><td><a href="#m15">testPromptAlert</a></td><td rowspan="1">1663008726021</td><td rowspan="1">14</td></tr><tr class="failedeven"><td><a href="#m16">testTimerAlert</a></td><td rowspan="1">1663008726046</td><td rowspan="1">18</td></tr><tr class="failedeven"><td><a href="#m17">testTitle</a></td><td rowspan="1">1663008726071</td><td rowspan="1">9</td></tr><tr><th colspan="4">Test6 &#8212; passed</th></tr><tr class="passedeven"><td rowspan="1">com.demoQA.tests.Alert_Test</td><td><a href="#m18">testAlert</a></td><td rowspan="1">1663008624657</td><td rowspan="1">367</td></tr></tbody>
<tbody id="t6"><tr><th colspan="4">Test7 &#8212; passed</th></tr><tr class="passedeven"><td rowspan="2">com.demoQA.tests.Frame_Test</td><td><a href="#m19">testFrame</a></td><td rowspan="1">1663008739181</td><td rowspan="1">221</td></tr><tr class="passedeven"><td><a href="#m20">verifyTitle</a></td><td rowspan="1">1663008739146</td><td rowspan="1">34</td></tr></tbody>
<tbody id="t7"><tr><th colspan="4">Test8 &#8212; passed</th></tr><tr class="passedeven"><td rowspan="1">com.demoQA.tests.HomePage_Test</td><td><a href="#m21">testElement</a></td><td rowspan="1">1663008747088</td><td rowspan="1">128</td></tr></tbody>
<tbody id="t8"><tr><th colspan="4">Test9 &#8212; passed</th></tr><tr class="passedeven"><td rowspan="4">com.demoQA.tests.ToolTip_Test</td><td><a href="#m22">verifyEnterText</a></td><td rowspan="1">1663008755757</td><td rowspan="1">173</td></tr><tr class="passedeven"><td><a href="#m23">verifyHoverFieldText</a></td><td rowspan="1">1663008755932</td><td rowspan="1">391</td></tr><tr class="passedeven"><td><a href="#m24">verifyHoverText</a></td><td rowspan="1">1663008756326</td><td rowspan="1">329</td></tr><tr class="passedeven"><td><a href="#m25">verifyTitle</a></td><td rowspan="1">1663008756658</td><td rowspan="1">29</td></tr></tbody>
<tbody id="t9"><tr><th colspan="4">Test10 &#8212; passed</th></tr><tr class="passedeven"><td rowspan="2">com.demoQA.tests.NestedFrames_Test</td><td><a href="#m26">verifyNestedFrame</a></td><td rowspan="1">1663008766434</td><td rowspan="1">347</td></tr><tr class="passedeven"><td><a href="#m27">verifyTitle</a></td><td rowspan="1">1663008766403</td><td rowspan="1">29</td></tr></tbody>
<tbody id="t10"><tr><th colspan="4">Test11 &#8212; passed</th></tr><tr class="passedeven"><td rowspan="3">com.demoQA.tests.Alert_Frame_Window_Page_Test</td><td><a href="#m28">testAlertTitle</a></td><td rowspan="1">1663008781774</td><td rowspan="1">99</td></tr><tr class="passedeven"><td><a href="#m29">testFrameTitle</a></td><td rowspan="1">1663008781874</td><td rowspan="1">91</td></tr><tr class="passedeven"><td><a href="#m30">testNestedIFrameTitle</a></td><td rowspan="1">1663008781966</td><td rowspan="1">89</td></tr></tbody>
<tbody id="t11"><tr><th colspan="4">Test12 &#8212; failed</th></tr><tr class="failedeven"><td rowspan="2">com.demoQA.tests.Browsers_Windows_Test</td><td><a href="#m31">verifyNewTab</a></td><td rowspan="1">1663008800688</td><td rowspan="1">180</td></tr><tr class="failedeven"><td><a href="#m32">verifyNewWindow</a></td><td rowspan="1">1663008801380</td><td rowspan="1">33133</td></tr><tr><th colspan="4">Test12 &#8212; passed</th></tr><tr class="passedeven"><td rowspan="1">com.demoQA.tests.Browsers_Windows_Test</td><td><a href="#m33">verifyTitle</a></td><td rowspan="1">1663008800657</td><td rowspan="1">30</td></tr></tbody>
<tbody id="t12"><tr><th colspan="4">Test13 &#8212; failed</th></tr><tr class="failedeven"><td rowspan="1">com.demoQA.tests.CheckBox_Test</td><td><a href="#m34">testHomeCheckBox</a></td><td rowspan="1">1663008844279</td><td rowspan="1">5145</td></tr><tr><th colspan="4">Test13 &#8212; passed</th></tr><tr class="passedeven"><td rowspan="2">com.demoQA.tests.CheckBox_Test</td><td><a href="#m35">testHeaderTxt</a></td><td rowspan="1">1663008844245</td><td rowspan="1">33</td></tr><tr class="passedeven"><td><a href="#m36">testHomeTxt</a></td><td rowspan="1">1663008849816</td><td rowspan="1">33</td></tr></tbody>
<tbody id="t13"><tr><th colspan="4">Test14 &#8212; failed</th></tr><tr class="failedeven"><td rowspan="4">com.demoQA.tests.Datepicker_Test</td><td><a href="#m37">verifyDate</a></td><td rowspan="1">1663008858628</td><td rowspan="1">31</td></tr><tr class="failedeven"><td><a href="#m38">verifyDateByPrevNextBtn</a></td><td rowspan="3">1663008860545</td><td rowspan="3">1135</td></tr><tr class="failedeven"><td><a href="#m39">verifyDateByPrevNextBtn</a></td></tr><tr class="failedeven"><td><a href="#m40">verifyDateByPrevNextBtn</a></td></tr><tr><th colspan="4">Test14 &#8212; passed</th></tr><tr class="passedeven"><td rowspan="2">com.demoQA.tests.Datepicker_Test</td><td><a href="#m41">verifyDateAndTime</a></td><td rowspan="1">1663008858660</td><td rowspan="1">1846</td></tr><tr class="passedeven"><td><a href="#m42">verifyTitle</a></td><td rowspan="1">1663008863979</td><td rowspan="1">34</td></tr></tbody>
<tbody id="t14"><tr><th colspan="4">Test15 &#8212; passed</th></tr><tr class="passedeven"><td rowspan="4">com.demoQA.tests.Droppable_Test</td><td><a href="#m43">verifyAccepatbleDragDrop</a></td><td rowspan="1">1663008872166</td><td rowspan="1">377</td></tr><tr class="passedeven"><td><a href="#m44">verifyDragDrop</a></td><td rowspan="1">1663008872544</td><td rowspan="1">3834</td></tr><tr class="passedeven"><td><a href="#m45">verifyNotAccepatbleDragDrop</a></td><td rowspan="1">1663008876435</td><td rowspan="1">336</td></tr><tr class="passedeven"><td><a href="#m46">verifyTitle</a></td><td rowspan="1">1663008876378</td><td rowspan="1">55</td></tr></tbody>
<tbody id="t15"><tr><th colspan="4">Test16 &#8212; passed</th></tr><tr class="passedeven"><td rowspan="2">com.demoQA.tests.ProgressBar_Test</td><td><a href="#m47">verifyProgressBar</a></td><td rowspan="1">1663008886056</td><td rowspan="1">7129</td></tr><tr class="passedeven"><td><a href="#m48">verifyTitle</a></td><td rowspan="1">1663008893186</td><td rowspan="1">35</td></tr></tbody>
</table>
<h2>Test1</h2><h3 id="m0">com.demoQA.tests.Element_Page_Test#testCheckBox</h3><table class="result"><tr><th class="invisible"/></tr></table><p class="totop"><a href="#summary">back to summary</a></p>
<h3 id="m1">com.demoQA.tests.Element_Page_Test#testRadioButtons</h3><table class="result"><tr><th class="invisible"/></tr></table><p class="totop"><a href="#summary">back to summary</a></p>
<h3 id="m2">com.demoQA.tests.Element_Page_Test#testTextBox</h3><table class="result"><tr><th class="invisible"/></tr></table><p class="totop"><a href="#summary">back to summary</a></p>
<h2>Test2</h2><h3 id="m3">com.demoQA.tests.TextBox_Test#testCurrentAdd</h3><table class="result"><tr><th>Exception</th></tr><tr><td><div class="stacktrace">org.testng.internal.reflect.MethodMatcherException: 
[public void com.demoQA.tests.TextBox_Test.testCurrentAdd(java.lang.String,java.lang.String,java.lang.String,java.lang.String,java.lang.String,java.lang.String)] has no parameters defined but was found to be using a data provider (either explicitly specified or inherited from class level annotation).
Data provider mismatch
Method: testCurrentAdd([Parameter{index=0, type=java.lang.String, declaredAnnotations=[]}, Parameter{index=1, type=java.lang.String, declaredAnnotations=[]}, Parameter{index=2, type=java.lang.String, declaredAnnotations=[]}, Parameter{index=3, type=java.lang.String, declaredAnnotations=[]}, Parameter{index=4, type=java.lang.String, declaredAnnotations=[]}, Parameter{index=5, type=java.lang.String, declaredAnnotations=[]}])
Arguments: [(java.lang.String) Nagbhushan Bhalerao,(java.lang.String) bhushan@123,(java.lang.String) Pune,(java.lang.String) Group 1, option 1,(java.lang.String) Ms.,(java.lang.String) Black,(java.lang.Integer) 10]
	at java.util.ArrayList.forEach(ArrayList.java:1259)
... Removed 22 stack frames</div></td></tr></table><p class="totop"><a href="#summary">back to summary</a></p>
<h3 id="m4">com.demoQA.tests.TextBox_Test#testEmail</h3><table class="result"><tr><th>Exception</th></tr><tr><td><div class="stacktrace">org.testng.internal.reflect.MethodMatcherException: 
[public void com.demoQA.tests.TextBox_Test.testEmail(java.lang.String,java.lang.String,java.lang.String,java.lang.String,java.lang.String,java.lang.String)] has no parameters defined but was found to be using a data provider (either explicitly specified or inherited from class level annotation).
Data provider mismatch
Method: testEmail([Parameter{index=0, type=java.lang.String, declaredAnnotations=[]}, Parameter{index=1, type=java.lang.String, declaredAnnotations=[]}, Parameter{index=2, type=java.lang.String, declaredAnnotations=[]}, Parameter{index=3, type=java.lang.String, declaredAnnotations=[]}, Parameter{index=4, type=java.lang.String, declaredAnnotations=[]}, Parameter{index=5, type=java.lang.String, declaredAnnotations=[]}])
Arguments: [(java.lang.String) Nagbhushan Bhalerao,(java.lang.String) bhushan@123,(java.lang.String) Pune,(java.lang.String) Group 1, option 1,(java.lang.String) Ms.,(java.lang.String) Black,(java.lang.Integer) 10]
	at java.util.ArrayList.forEach(ArrayList.java:1259)
... Removed 22 stack frames</div></td></tr></table><p class="totop"><a href="#summary">back to summary</a></p>
<h3 id="m5">com.demoQA.tests.TextBox_Test#testFullName</h3><table class="result"><tr><th>Exception</th></tr><tr><td><div class="stacktrace">org.testng.internal.reflect.MethodMatcherException: 
[public void com.demoQA.tests.TextBox_Test.testFullName(java.lang.String,java.lang.String,java.lang.String,java.lang.String,java.lang.String,java.lang.String)] has no parameters defined but was found to be using a data provider (either explicitly specified or inherited from class level annotation).
Data provider mismatch
Method: testFullName([Parameter{index=0, type=java.lang.String, declaredAnnotations=[]}, Parameter{index=1, type=java.lang.String, declaredAnnotations=[]}, Parameter{index=2, type=java.lang.String, declaredAnnotations=[]}, Parameter{index=3, type=java.lang.String, declaredAnnotations=[]}, Parameter{index=4, type=java.lang.String, declaredAnnotations=[]}, Parameter{index=5, type=java.lang.String, declaredAnnotations=[]}])
Arguments: [(java.lang.String) Nagbhushan Bhalerao,(java.lang.String) bhushan@123,(java.lang.String) Pune,(java.lang.String) Group 1, option 1,(java.lang.String) Ms.,(java.lang.String) Black,(java.lang.Integer) 10]
	at java.util.ArrayList.forEach(ArrayList.java:1259)
... Removed 22 stack frames</div></td></tr></table><p class="totop"><a href="#summary">back to summary</a></p>
<h2>Test3</h2><h3 id="m6">com.demoQA.tests.RadioButtons_Test#testHeaderTxt</h3><table class="result"><tr><th class="invisible"/></tr></table><p class="totop"><a href="#summary">back to summary</a></p>
<h3 id="m7">com.demoQA.tests.RadioButtons_Test#testImpressiveBtn</h3><table class="result"><tr><th class="invisible"/></tr></table><p class="totop"><a href="#summary">back to summary</a></p>
<h3 id="m8">com.demoQA.tests.RadioButtons_Test#testYesBtn</h3><table class="result"><tr><th class="invisible"/></tr></table><p class="totop"><a href="#summary">back to summary</a></p>
<h2>Test4</h2><h3 id="m9">com.demoQA.tests.Test_Interactions#verifyTitle</h3><table class="result"><tr><th>Exception</th></tr><tr><td><div class="stacktrace">org.openqa.selenium.NoSuchElementException: no such element: Unable to locate element: {&quot;method&quot;:&quot;xpath&quot;,&quot;selector&quot;:&quot;//div[@class=&apos;pattern-backgound playgound-header&apos;]//div[text()=&apos;Interactions&apos;]&quot;}
  (Session info: chrome=105.0.5195.102)
For documentation on this error, please visit: https://www.seleniumhq.org/exceptions/no_such_element.html
Build info: version: &apos;3.141.59&apos;, revision: &apos;e82be7d358&apos;, time: &apos;2018-11-14T08:17:03&apos;
System info: host: &apos;LAPTOP-7DB4GVKK&apos;, ip: &apos;192.168.7.201&apos;, os.name: &apos;Windows 10&apos;, os.arch: &apos;amd64&apos;, os.version: &apos;10.0&apos;, java.version: &apos;1.8.0_321&apos;
Driver info: org.openqa.selenium.chrome.ChromeDriver
Capabilities {acceptInsecureCerts: false, browserName: chrome, browserVersion: 105.0.5195.102, chrome: {chromedriverVersion: 105.0.5195.52 (412c95e51883..., userDataDir: C:\Users\bhalerao\AppData\L...}, goog:chromeOptions: {debuggerAddress: localhost:57373}, javascriptEnabled: true, networkConnectionEnabled: false, pageLoadStrategy: normal, platform: WINDOWS, platformName: WINDOWS, proxy: Proxy(), setWindowRect: true, strictFileInteractability: false, timeouts: {implicit: 0, pageLoad: 300000, script: 30000}, unhandledPromptBehavior: dismiss and notify, webauthn:extension:credBlob: true, webauthn:extension:largeBlob: true, webauthn:virtualAuthenticators: true}
Session ID: 1b383ebc3a292b98324211dec0e8630c
*** Element info: {Using=xpath, value=//div[@class=&apos;pattern-backgound playgound-header&apos;]//div[text()=&apos;Interactions&apos;]}
	at org.openqa.selenium.remote.http.W3CHttpResponseCodec.createException(W3CHttpResponseCodec.java:187)
	at org.openqa.selenium.remote.http.W3CHttpResponseCodec.decode(W3CHttpResponseCodec.java:122)
	at org.openqa.selenium.remote.http.W3CHttpResponseCodec.decode(W3CHttpResponseCodec.java:49)
	at org.openqa.selenium.remote.HttpCommandExecutor.execute(HttpCommandExecutor.java:158)
	at org.openqa.selenium.remote.service.DriverCommandExecutor.execute(DriverCommandExecutor.java:83)
	at org.openqa.selenium.remote.RemoteWebDriver.execute(RemoteWebDriver.java:552)
	at org.openqa.selenium.remote.RemoteWebDriver.findElement(RemoteWebDriver.java:323)
	at org.openqa.selenium.remote.RemoteWebDriver.findElementByXPath(RemoteWebDriver.java:428)
	at org.openqa.selenium.By$ByXPath.findElement(By.java:353)
	at org.openqa.selenium.remote.RemoteWebDriver.findElement(RemoteWebDriver.java:315)
	at com.demoQA.page.Interactions.checkTitle(Interactions.java:31)
	at com.demoQA.tests.Test_Interactions.verifyTitle(Test_Interactions.java:23)
	at java.util.ArrayList.forEach(ArrayList.java:1259)
... Removed 31 stack frames</div></td></tr></table><p class="totop"><a href="#summary">back to summary</a></p>
<h3 id="m10">com.demoQA.tests.Test_Interactions#verifyDroppableTitle</h3><table class="result"><tr><th class="invisible"/></tr></table><p class="totop"><a href="#summary">back to summary</a></p>
<h2>Test5</h2><h3 id="m11">com.demoQA.tests.Widgets_Test#getTitle</h3><table class="result"><tr><th class="invisible"/></tr></table><p class="totop"><a href="#summary">back to summary</a></p>
<h3 id="m12">com.demoQA.tests.Widgets_Test#getTitleOFDatepicker</h3><table class="result"><tr><th class="invisible"/></tr></table><p class="totop"><a href="#summary">back to summary</a></p>
<h3 id="m13">com.demoQA.tests.Widgets_Test#getTitleOFProgressBar</h3><table class="result"><tr><th class="invisible"/></tr></table><p class="totop"><a href="#summary">back to summary</a></p>
<h2>Test6</h2><h3 id="m14">com.demoQA.tests.Alert_Test#testConfirmAlert</h3><table class="result"><tr><th>Exception</th></tr><tr><td><div class="stacktrace">org.openqa.selenium.NoSuchWindowException: no such window: target window already closed
from unknown error: web view not found
  (Session info: chrome=105.0.5195.102)
Build info: version: &apos;3.141.59&apos;, revision: &apos;e82be7d358&apos;, time: &apos;2018-11-14T08:17:03&apos;
System info: host: &apos;LAPTOP-7DB4GVKK&apos;, ip: &apos;192.168.7.201&apos;, os.name: &apos;Windows 10&apos;, os.arch: &apos;amd64&apos;, os.version: &apos;10.0&apos;, java.version: &apos;1.8.0_321&apos;
Driver info: org.openqa.selenium.chrome.ChromeDriver
Capabilities {acceptInsecureCerts: false, browserName: chrome, browserVersion: 105.0.5195.102, chrome: {chromedriverVersion: 105.0.5195.52 (412c95e51883..., userDataDir: C:\Users\bhalerao\AppData\L...}, goog:chromeOptions: {debuggerAddress: localhost:57523}, javascriptEnabled: true, networkConnectionEnabled: false, pageLoadStrategy: normal, platform: WINDOWS, platformName: WINDOWS, proxy: Proxy(), setWindowRect: true, strictFileInteractability: false, timeouts: {implicit: 0, pageLoad: 300000, script: 30000}, unhandledPromptBehavior: dismiss and notify, webauthn:extension:credBlob: true, webauthn:extension:largeBlob: true, webauthn:virtualAuthenticators: true}
Session ID: f96291f519340066d7b5962f73bea8fe
*** Element info: {Using=xpath, value=//span[@id=&apos;confirmResult&apos;]}
	at org.openqa.selenium.remote.http.W3CHttpResponseCodec.createException(W3CHttpResponseCodec.java:187)
	at org.openqa.selenium.remote.http.W3CHttpResponseCodec.decode(W3CHttpResponseCodec.java:122)
	at org.openqa.selenium.remote.http.W3CHttpResponseCodec.decode(W3CHttpResponseCodec.java:49)
	at org.openqa.selenium.remote.HttpCommandExecutor.execute(HttpCommandExecutor.java:158)
	at org.openqa.selenium.remote.service.DriverCommandExecutor.execute(DriverCommandExecutor.java:83)
	at org.openqa.selenium.remote.RemoteWebDriver.execute(RemoteWebDriver.java:552)
	at org.openqa.selenium.remote.RemoteWebDriver.findElement(RemoteWebDriver.java:323)
	at org.openqa.selenium.remote.RemoteWebDriver.findElementByXPath(RemoteWebDriver.java:428)
	at org.openqa.selenium.By$ByXPath.findElement(By.java:353)
	at org.openqa.selenium.remote.RemoteWebDriver.findElement(RemoteWebDriver.java:315)
	at com.demoQA.page.Alerts.clickConfirmAlert(Alerts.java:45)
	at com.demoQA.tests.Alert_Test.testConfirmAlert(Alert_Test.java:43)
	at java.util.ArrayList.forEach(ArrayList.java:1259)
... Removed 31 stack frames</div></td></tr></table><p class="totop"><a href="#summary">back to summary</a></p>
<h3 id="m15">com.demoQA.tests.Alert_Test#testPromptAlert</h3><table class="result"><tr><th>Exception</th></tr><tr><td><div class="stacktrace">org.openqa.selenium.NoSuchWindowException: no such window: target window already closed
from unknown error: web view not found
  (Session info: chrome=105.0.5195.102)
Build info: version: &apos;3.141.59&apos;, revision: &apos;e82be7d358&apos;, time: &apos;2018-11-14T08:17:03&apos;
System info: host: &apos;LAPTOP-7DB4GVKK&apos;, ip: &apos;192.168.7.201&apos;, os.name: &apos;Windows 10&apos;, os.arch: &apos;amd64&apos;, os.version: &apos;10.0&apos;, java.version: &apos;1.8.0_321&apos;
Driver info: org.openqa.selenium.chrome.ChromeDriver
Capabilities {acceptInsecureCerts: false, browserName: chrome, browserVersion: 105.0.5195.102, chrome: {chromedriverVersion: 105.0.5195.52 (412c95e51883..., userDataDir: C:\Users\bhalerao\AppData\L...}, goog:chromeOptions: {debuggerAddress: localhost:57523}, javascriptEnabled: true, networkConnectionEnabled: false, pageLoadStrategy: normal, platform: WINDOWS, platformName: WINDOWS, proxy: Proxy(), setWindowRect: true, strictFileInteractability: false, timeouts: {implicit: 0, pageLoad: 300000, script: 30000}, unhandledPromptBehavior: dismiss and notify, webauthn:extension:credBlob: true, webauthn:extension:largeBlob: true, webauthn:virtualAuthenticators: true}
Session ID: f96291f519340066d7b5962f73bea8fe
*** Element info: {Using=xpath, value=//button[@id=&apos;promtButton&apos;]}
	at org.openqa.selenium.remote.http.W3CHttpResponseCodec.createException(W3CHttpResponseCodec.java:187)
	at org.openqa.selenium.remote.http.W3CHttpResponseCodec.decode(W3CHttpResponseCodec.java:122)
	at org.openqa.selenium.remote.http.W3CHttpResponseCodec.decode(W3CHttpResponseCodec.java:49)
	at org.openqa.selenium.remote.HttpCommandExecutor.execute(HttpCommandExecutor.java:158)
	at org.openqa.selenium.remote.service.DriverCommandExecutor.execute(DriverCommandExecutor.java:83)
	at org.openqa.selenium.remote.RemoteWebDriver.execute(RemoteWebDriver.java:552)
	at org.openqa.selenium.remote.RemoteWebDriver.findElement(RemoteWebDriver.java:323)
	at org.openqa.selenium.remote.RemoteWebDriver.findElementByXPath(RemoteWebDriver.java:428)
	at org.openqa.selenium.By$ByXPath.findElement(By.java:353)
	at org.openqa.selenium.remote.RemoteWebDriver.findElement(RemoteWebDriver.java:315)
	at com.demoQA.page.Alerts.clickPromptAlert(Alerts.java:49)
	at com.demoQA.tests.Alert_Test.testPromptAlert(Alert_Test.java:51)
	at java.util.ArrayList.forEach(ArrayList.java:1259)
... Removed 31 stack frames</div></td></tr></table><p class="totop"><a href="#summary">back to summary</a></p>
<h3 id="m16">com.demoQA.tests.Alert_Test#testTimerAlert</h3><table class="result"><tr><th>Exception</th></tr><tr><td><div class="stacktrace">org.openqa.selenium.NoSuchWindowException: no such window: target window already closed
from unknown error: web view not found
  (Session info: chrome=105.0.5195.102)
Build info: version: &apos;3.141.59&apos;, revision: &apos;e82be7d358&apos;, time: &apos;2018-11-14T08:17:03&apos;
System info: host: &apos;LAPTOP-7DB4GVKK&apos;, ip: &apos;192.168.7.201&apos;, os.name: &apos;Windows 10&apos;, os.arch: &apos;amd64&apos;, os.version: &apos;10.0&apos;, java.version: &apos;1.8.0_321&apos;
Driver info: org.openqa.selenium.chrome.ChromeDriver
Capabilities {acceptInsecureCerts: false, browserName: chrome, browserVersion: 105.0.5195.102, chrome: {chromedriverVersion: 105.0.5195.52 (412c95e51883..., userDataDir: C:\Users\bhalerao\AppData\L...}, goog:chromeOptions: {debuggerAddress: localhost:57523}, javascriptEnabled: true, networkConnectionEnabled: false, pageLoadStrategy: normal, platform: WINDOWS, platformName: WINDOWS, proxy: Proxy(), setWindowRect: true, strictFileInteractability: false, timeouts: {implicit: 0, pageLoad: 300000, script: 30000}, unhandledPromptBehavior: dismiss and notify, webauthn:extension:credBlob: true, webauthn:extension:largeBlob: true, webauthn:virtualAuthenticators: true}
Session ID: f96291f519340066d7b5962f73bea8fe
*** Element info: {Using=xpath, value=//button[@id=&apos;timerAlertButton&apos;]}
	at org.openqa.selenium.remote.http.W3CHttpResponseCodec.createException(W3CHttpResponseCodec.java:187)
	at org.openqa.selenium.remote.http.W3CHttpResponseCodec.decode(W3CHttpResponseCodec.java:122)
	at org.openqa.selenium.remote.http.W3CHttpResponseCodec.decode(W3CHttpResponseCodec.java:49)
	at org.openqa.selenium.remote.HttpCommandExecutor.execute(HttpCommandExecutor.java:158)
	at org.openqa.selenium.remote.service.DriverCommandExecutor.execute(DriverCommandExecutor.java:83)
	at org.openqa.selenium.remote.RemoteWebDriver.execute(RemoteWebDriver.java:552)
	at org.openqa.selenium.remote.RemoteWebDriver.findElement(RemoteWebDriver.java:323)
	at org.openqa.selenium.remote.RemoteWebDriver.findElementByXPath(RemoteWebDriver.java:428)
	at org.openqa.selenium.By$ByXPath.findElement(By.java:353)
	at org.openqa.selenium.remote.RemoteWebDriver.findElement(RemoteWebDriver.java:315)
	at com.demoQA.page.Alerts.clicktimerAlert(Alerts.java:35)
	at com.demoQA.tests.Alert_Test.testTimerAlert(Alert_Test.java:37)
	at java.util.ArrayList.forEach(ArrayList.java:1259)
... Removed 31 stack frames</div></td></tr></table><p class="totop"><a href="#summary">back to summary</a></p>
<h3 id="m17">com.demoQA.tests.Alert_Test#testTitle</h3><table class="result"><tr><th>Exception</th></tr><tr><td><div class="stacktrace">org.openqa.selenium.NoSuchWindowException: no such window: target window already closed
from unknown error: web view not found
  (Session info: chrome=105.0.5195.102)
Build info: version: &apos;3.141.59&apos;, revision: &apos;e82be7d358&apos;, time: &apos;2018-11-14T08:17:03&apos;
System info: host: &apos;LAPTOP-7DB4GVKK&apos;, ip: &apos;192.168.7.201&apos;, os.name: &apos;Windows 10&apos;, os.arch: &apos;amd64&apos;, os.version: &apos;10.0&apos;, java.version: &apos;1.8.0_321&apos;
Driver info: org.openqa.selenium.chrome.ChromeDriver
Capabilities {acceptInsecureCerts: false, browserName: chrome, browserVersion: 105.0.5195.102, chrome: {chromedriverVersion: 105.0.5195.52 (412c95e51883..., userDataDir: C:\Users\bhalerao\AppData\L...}, goog:chromeOptions: {debuggerAddress: localhost:57523}, javascriptEnabled: true, networkConnectionEnabled: false, pageLoadStrategy: normal, platform: WINDOWS, platformName: WINDOWS, proxy: Proxy(), setWindowRect: true, strictFileInteractability: false, timeouts: {implicit: 0, pageLoad: 300000, script: 30000}, unhandledPromptBehavior: dismiss and notify, webauthn:extension:credBlob: true, webauthn:extension:largeBlob: true, webauthn:virtualAuthenticators: true}
Session ID: f96291f519340066d7b5962f73bea8fe
*** Element info: {Using=xpath, value=//div[text()=&apos;Alerts&apos;]}
	at org.openqa.selenium.remote.http.W3CHttpResponseCodec.createException(W3CHttpResponseCodec.java:187)
	at org.openqa.selenium.remote.http.W3CHttpResponseCodec.decode(W3CHttpResponseCodec.java:122)
	at org.openqa.selenium.remote.http.W3CHttpResponseCodec.decode(W3CHttpResponseCodec.java:49)
	at org.openqa.selenium.remote.HttpCommandExecutor.execute(HttpCommandExecutor.java:158)
	at org.openqa.selenium.remote.service.DriverCommandExecutor.execute(DriverCommandExecutor.java:83)
	at org.openqa.selenium.remote.RemoteWebDriver.execute(RemoteWebDriver.java:552)
	at org.openqa.selenium.remote.RemoteWebDriver.findElement(RemoteWebDriver.java:323)
	at org.openqa.selenium.remote.RemoteWebDriver.findElementByXPath(RemoteWebDriver.java:428)
	at org.openqa.selenium.By$ByXPath.findElement(By.java:353)
	at org.openqa.selenium.remote.RemoteWebDriver.findElement(RemoteWebDriver.java:315)
	at com.demoQA.page.Alerts.getTitle(Alerts.java:25)
	at com.demoQA.tests.Alert_Test.testTitle(Alert_Test.java:29)
	at java.util.ArrayList.forEach(ArrayList.java:1259)
... Removed 31 stack frames</div></td></tr></table><p class="totop"><a href="#summary">back to summary</a></p>
<h3 id="m18">com.demoQA.tests.Alert_Test#testAlert</h3><table class="result"><tr><th class="invisible"/></tr></table><p class="totop"><a href="#summary">back to summary</a></p>
<h2>Test7</h2><h3 id="m19">com.demoQA.tests.Frame_Test#testFrame</h3><table class="result"><tr><th class="invisible"/></tr></table><p class="totop"><a href="#summary">back to summary</a></p>
<h3 id="m20">com.demoQA.tests.Frame_Test#verifyTitle</h3><table class="result"><tr><th class="invisible"/></tr></table><p class="totop"><a href="#summary">back to summary</a></p>
<h2>Test8</h2><h3 id="m21">com.demoQA.tests.HomePage_Test#testElement</h3><table class="result"><tr><th class="invisible"/></tr></table><p class="totop"><a href="#summary">back to summary</a></p>
<h2>Test9</h2><h3 id="m22">com.demoQA.tests.ToolTip_Test#verifyEnterText</h3><table class="result"><tr><th class="invisible"/></tr></table><p class="totop"><a href="#summary">back to summary</a></p>
<h3 id="m23">com.demoQA.tests.ToolTip_Test#verifyHoverFieldText</h3><table class="result"><tr><th class="invisible"/></tr></table><p class="totop"><a href="#summary">back to summary</a></p>
<h3 id="m24">com.demoQA.tests.ToolTip_Test#verifyHoverText</h3><table class="result"><tr><th class="invisible"/></tr></table><p class="totop"><a href="#summary">back to summary</a></p>
<h3 id="m25">com.demoQA.tests.ToolTip_Test#verifyTitle</h3><table class="result"><tr><th class="invisible"/></tr></table><p class="totop"><a href="#summary">back to summary</a></p>
<h2>Test10</h2><h3 id="m26">com.demoQA.tests.NestedFrames_Test#verifyNestedFrame</h3><table class="result"><tr><th class="invisible"/></tr></table><p class="totop"><a href="#summary">back to summary</a></p>
<h3 id="m27">com.demoQA.tests.NestedFrames_Test#verifyTitle</h3><table class="result"><tr><th class="invisible"/></tr></table><p class="totop"><a href="#summary">back to summary</a></p>
<h2>Test11</h2><h3 id="m28">com.demoQA.tests.Alert_Frame_Window_Page_Test#testAlertTitle</h3><table class="result"><tr><th class="invisible"/></tr></table><p class="totop"><a href="#summary">back to summary</a></p>
<h3 id="m29">com.demoQA.tests.Alert_Frame_Window_Page_Test#testFrameTitle</h3><table class="result"><tr><th class="invisible"/></tr></table><p class="totop"><a href="#summary">back to summary</a></p>
<h3 id="m30">com.demoQA.tests.Alert_Frame_Window_Page_Test#testNestedIFrameTitle</h3><table class="result"><tr><th class="invisible"/></tr></table><p class="totop"><a href="#summary">back to summary</a></p>
<h2>Test12</h2><h3 id="m31">com.demoQA.tests.Browsers_Windows_Test#verifyNewTab</h3><table class="result"><tr><th>Exception</th></tr><tr><td><div class="stacktrace">java.lang.AssertionError: expected [This is a sample page] but found [ ]
	at com.demoQA.tests.Browsers_Windows_Test.verifyNewTab(Browsers_Windows_Test.java:36)
	at java.util.ArrayList.forEach(ArrayList.java:1259)
... Removed 32 stack frames</div></td></tr></table><p class="totop"><a href="#summary">back to summary</a></p>
<h3 id="m32">com.demoQA.tests.Browsers_Windows_Test#verifyNewWindow</h3><table class="result"><tr><th>Exception</th></tr><tr><td><div class="stacktrace">org.openqa.selenium.NoSuchWindowException: no such window: target window already closed
from unknown error: web view not found
  (Session info: chrome=105.0.5195.102)
Build info: version: &apos;3.141.59&apos;, revision: &apos;e82be7d358&apos;, time: &apos;2018-11-14T08:17:03&apos;
System info: host: &apos;LAPTOP-7DB4GVKK&apos;, ip: &apos;192.168.7.201&apos;, os.name: &apos;Windows 10&apos;, os.arch: &apos;amd64&apos;, os.version: &apos;10.0&apos;, java.version: &apos;1.8.0_321&apos;
Driver info: org.openqa.selenium.chrome.ChromeDriver
Capabilities {acceptInsecureCerts: false, browserName: chrome, browserVersion: 105.0.5195.102, chrome: {chromedriverVersion: 105.0.5195.52 (412c95e51883..., userDataDir: C:\Users\bhalerao\AppData\L...}, goog:chromeOptions: {debuggerAddress: localhost:57927}, javascriptEnabled: true, networkConnectionEnabled: false, pageLoadStrategy: normal, platform: WINDOWS, platformName: WINDOWS, proxy: Proxy(), setWindowRect: true, strictFileInteractability: false, timeouts: {implicit: 0, pageLoad: 300000, script: 30000}, unhandledPromptBehavior: dismiss and notify, webauthn:extension:credBlob: true, webauthn:extension:largeBlob: true, webauthn:virtualAuthenticators: true}
Session ID: e1c921dea3e2d0373ad1439041232612
*** Element info: {Using=xpath, value=//body[contains(text(),&apos;Knowledge increases by sharing but not by saving&apos;)] }
	at org.openqa.selenium.remote.http.W3CHttpResponseCodec.createException(W3CHttpResponseCodec.java:187)
	at org.openqa.selenium.remote.http.W3CHttpResponseCodec.decode(W3CHttpResponseCodec.java:122)
	at org.openqa.selenium.remote.http.W3CHttpResponseCodec.decode(W3CHttpResponseCodec.java:49)
	at org.openqa.selenium.remote.HttpCommandExecutor.execute(HttpCommandExecutor.java:158)
	at org.openqa.selenium.remote.service.DriverCommandExecutor.execute(DriverCommandExecutor.java:83)
	at org.openqa.selenium.remote.RemoteWebDriver.execute(RemoteWebDriver.java:552)
	at org.openqa.selenium.remote.RemoteWebDriver.findElement(RemoteWebDriver.java:323)
	at org.openqa.selenium.remote.RemoteWebDriver.findElementByXPath(RemoteWebDriver.java:428)
	at org.openqa.selenium.By$ByXPath.findElement(By.java:353)
	at org.openqa.selenium.remote.RemoteWebDriver.findElement(RemoteWebDriver.java:315)
	at com.demoQA.page.Browser_Windows.switchToNewWindows(Browser_Windows.java:56)
	at com.demoQA.tests.Browsers_Windows_Test.verifyNewWindow(Browsers_Windows_Test.java:40)
	at java.util.ArrayList.forEach(ArrayList.java:1259)
... Removed 31 stack frames</div></td></tr></table><p class="totop"><a href="#summary">back to summary</a></p>
<h3 id="m33">com.demoQA.tests.Browsers_Windows_Test#verifyTitle</h3><table class="result"><tr><th class="invisible"/></tr></table><p class="totop"><a href="#summary">back to summary</a></p>
<h2>Test13</h2><h3 id="m34">com.demoQA.tests.CheckBox_Test#testHomeCheckBox</h3><table class="result"><tr><th>Exception</th></tr><tr><td><div class="stacktrace">java.lang.AssertionError: 
	at com.demoQA.tests.CheckBox_Test.testHomeCheckBox(CheckBox_Test.java:45)
	at java.util.ArrayList.forEach(ArrayList.java:1259)
... Removed 30 stack frames</div></td></tr></table><p class="totop"><a href="#summary">back to summary</a></p>
<h3 id="m35">com.demoQA.tests.CheckBox_Test#testHeaderTxt</h3><table class="result"><tr><th class="invisible"/></tr></table><p class="totop"><a href="#summary">back to summary</a></p>
<h3 id="m36">com.demoQA.tests.CheckBox_Test#testHomeTxt</h3><table class="result"><tr><th class="invisible"/></tr></table><p class="totop"><a href="#summary">back to summary</a></p>
<h2>Test14</h2><h3 id="m37">com.demoQA.tests.Datepicker_Test#verifyDate</h3><table class="result"><tr><th>Exception</th></tr><tr><td><div class="stacktrace">org.testng.internal.reflect.MethodMatcherException: 
[public void com.demoQA.tests.Datepicker_Test.verifyDate() throws java.lang.InterruptedException] has no parameters defined but was found to be using a data provider (either explicitly specified or inherited from class level annotation).
Data provider mismatch
Method: verifyDate([])
Arguments: [(java.lang.Integer) 2013,(java.lang.String) August,(java.lang.Integer) 13]
	at java.util.ArrayList.forEach(ArrayList.java:1259)
... Removed 22 stack frames</div></td></tr></table><p class="totop"><a href="#summary">back to summary</a></p>
<h3 id="m38">com.demoQA.tests.Datepicker_Test#verifyDateByPrevNextBtn</h3><table class="result"><tr class="param"><th>Parameter #1</th><th>Parameter #2</th><th>Parameter #3</th></tr><tr class="param stripe"><td>2020</td><td>8</td><td>12</td></tr><tr><th colspan="3">Exception</th></tr><tr><td colspan="3"><div class="stacktrace">java.lang.AssertionError: expected [08/15/2015] but found [08/12/2020]
	at com.demoQA.tests.Datepicker_Test.verifyDateByPrevNextBtn(Datepicker_Test.java:57)
	at java.util.ArrayList.forEach(ArrayList.java:1259)
... Removed 32 stack frames</div></td></tr></table><p class="totop"><a href="#summary">back to summary</a></p>
<h3 id="m39">com.demoQA.tests.Datepicker_Test#verifyDateByPrevNextBtn</h3><table class="result"><tr class="param"><th>Parameter #1</th><th>Parameter #2</th><th>Parameter #3</th></tr><tr class="param stripe"><td>2022</td><td>9</td><td>13</td></tr><tr><th colspan="3">Exception</th></tr><tr><td colspan="3"><div class="stacktrace">java.lang.AssertionError: expected [08/15/2015] but found [09/13/2022]
	at com.demoQA.tests.Datepicker_Test.verifyDateByPrevNextBtn(Datepicker_Test.java:57)
	at java.util.ArrayList.forEach(ArrayList.java:1259)
... Removed 32 stack frames</div></td></tr></table><p class="totop"><a href="#summary">back to summary</a></p>
<h3 id="m40">com.demoQA.tests.Datepicker_Test#verifyDateByPrevNextBtn</h3><table class="result"><tr class="param"><th>Parameter #1</th><th>Parameter #2</th><th>Parameter #3</th></tr><tr class="param stripe"><td>2023</td><td>10</td><td>14</td></tr><tr><th colspan="3">Exception</th></tr><tr><td colspan="3"><div class="stacktrace">java.lang.AssertionError: expected [08/15/2015] but found [10/14/2023]
	at com.demoQA.tests.Datepicker_Test.verifyDateByPrevNextBtn(Datepicker_Test.java:57)
	at java.util.ArrayList.forEach(ArrayList.java:1259)
... Removed 32 stack frames</div></td></tr></table><p class="totop"><a href="#summary">back to summary</a></p>
<h3 id="m41">com.demoQA.tests.Datepicker_Test#verifyDateAndTime</h3><table class="result"><tr><th class="invisible"/></tr></table><p class="totop"><a href="#summary">back to summary</a></p>
<h3 id="m42">com.demoQA.tests.Datepicker_Test#verifyTitle</h3><table class="result"><tr><th class="invisible"/></tr></table><p class="totop"><a href="#summary">back to summary</a></p>
<h2>Test15</h2><h3 id="m43">com.demoQA.tests.Droppable_Test#verifyAccepatbleDragDrop</h3><table class="result"><tr><th class="invisible"/></tr></table><p class="totop"><a href="#summary">back to summary</a></p>
<h3 id="m44">com.demoQA.tests.Droppable_Test#verifyDragDrop</h3><table class="result"><tr><th class="invisible"/></tr></table><p class="totop"><a href="#summary">back to summary</a></p>
<h3 id="m45">com.demoQA.tests.Droppable_Test#verifyNotAccepatbleDragDrop</h3><table class="result"><tr><th class="invisible"/></tr></table><p class="totop"><a href="#summary">back to summary</a></p>
<h3 id="m46">com.demoQA.tests.Droppable_Test#verifyTitle</h3><table class="result"><tr><th class="invisible"/></tr></table><p class="totop"><a href="#summary">back to summary</a></p>
<h2>Test16</h2><h3 id="m47">com.demoQA.tests.ProgressBar_Test#verifyProgressBar</h3><table class="result"><tr><th class="invisible"/></tr></table><p class="totop"><a href="#summary">back to summary</a></p>
<h3 id="m48">com.demoQA.tests.ProgressBar_Test#verifyTitle</h3><table class="result"><tr><th class="invisible"/></tr></table><p class="totop"><a href="#summary">back to summary</a></p>
=======
<tr><th colspan="7">Default suite</th></tr>
<tr><td><a href="#t0">Default test</a></td><td class="num">1</td><td class="num">0</td><td class="num">0</td><td class="num">0</td><td class="num">11,333</td><td></td><td></td></tr>
</table>
<table id='summary'><thead><tr><th>Class</th><th>Method</th><th>Start</th><th>Time (ms)</th></tr></thead><tbody><tr><th colspan="4">Default suite</th></tr></tbody><tbody id="t0"><tr><th colspan="4">Default test &#8212; passed</th></tr><tr class="passedeven"><td rowspan="1">com.demoQA.tests.Alert_Test</td><td><a href="#m0">testPromptAlert</a></td><td rowspan="1">1664305812606</td><td rowspan="1">520</td></tr></tbody>
</table>
<h2>Default test</h2><h3 id="m0">com.demoQA.tests.Alert_Test#testPromptAlert</h3><table class="result"><tr><th class="invisible"/></tr></table><p class="totop"><a href="#summary">back to summary</a></p>
>>>>>>> 6364e11fe48bb0a3f1a8a329bea4d2c995220102
</body>
</html>
