<!DOCTYPE html>

<html>
  <head>
  <meta charset='utf-8'>
  <title>TestNG reports</title>

    <link type="text/css" href="testng-reports.css" rel="stylesheet" />
    <script type="text/javascript" src="jquery-1.7.1.min.js"></script>
    <script type="text/javascript" src="testng-reports.js"></script>
    <script type="text/javascript" src="https://www.google.com/jsapi"></script>
    <script type='text/javascript'>
      google.load('visualization', '1', {packages:['table']});
      google.setOnLoadCallback(drawTable);
      var suiteTableInitFunctions = new Array();
      var suiteTableData = new Array();
    </script>
    <!--
      <script type="text/javascript" src="jquery-ui/js/jquery-ui-1.8.16.custom.min.js"></script>
     -->
  </head>

  <body>
    <div class="top-banner-root">
      <span class="top-banner-title-font">Test results</span>
      <br/>
<<<<<<< HEAD
      <span class="top-banner-font-1">1 suite, 15 failed tests</span>
=======
      <span class="top-banner-font-1">1 suite</span>
>>>>>>> 6364e11fe48bb0a3f1a8a329bea4d2c995220102
    </div> <!-- top-banner-root -->
    <div class="navigator-root">
      <div class="navigator-suite-header">
        <span>All suites</span>
        <a href="#" class="collapse-all-link" title="Collapse/expand all the suites">
          <img class="collapse-all-icon" src="collapseall.gif">
          </img> <!-- collapse-all-icon -->
        </a> <!-- collapse-all-link -->
      </div> <!-- navigator-suite-header -->
      <div class="suite">
        <div class="rounded-window">
          <div class="suite-header light-rounded-window-top">
<<<<<<< HEAD
            <a href="#" class="navigator-link" panel-name="suite-Suite">
              <span class="suite-name border-failed">Suite</span>
=======
            <a href="#" class="navigator-link" panel-name="suite-Default_suite">
              <span class="suite-name border-passed">Default suite</span>
>>>>>>> 6364e11fe48bb0a3f1a8a329bea4d2c995220102
            </a> <!-- navigator-link -->
          </div> <!-- suite-header light-rounded-window-top -->
          <div class="navigator-suite-content">
            <div class="suite-section-title">
              <span>Info</span>
            </div> <!-- suite-section-title -->
            <div class="suite-section-content">
              <ul>
                <li>
<<<<<<< HEAD
                  <a href="#" class="navigator-link " panel-name="test-xml-Suite">
                    <span>C:\Users\bhalerao\Desktop\TDIT CORE jJava\Demo_QA_Framework\src\test\java\com\demoQA\testrunner\testng.xml</span>
=======
                  <a href="#" class="navigator-link " panel-name="test-xml-Default_suite">
                    <span>C:\Users\bhalerao\AppData\Local\Temp\testng-eclipse-307267810\testng-customsuite.xml</span>
>>>>>>> 6364e11fe48bb0a3f1a8a329bea4d2c995220102
                  </a> <!-- navigator-link  -->
                </li>
                <li>
                  <a href="#" class="navigator-link " panel-name="testlist-Suite">
                    <span class="test-stats">16 tests</span>
                  </a> <!-- navigator-link  -->
                </li>
                <li>
                  <a href="#" class="navigator-link " panel-name="group-Suite">
                    <span>0 groups</span>
                  </a> <!-- navigator-link  -->
                </li>
                <li>
                  <a href="#" class="navigator-link " panel-name="times-Suite">
                    <span>Times</span>
                  </a> <!-- navigator-link  -->
                </li>
                <li>
                  <a href="#" class="navigator-link " panel-name="reporter-Suite">
                    <span>Reporter output</span>
                  </a> <!-- navigator-link  -->
                </li>
                <li>
                  <a href="#" class="navigator-link " panel-name="ignored-methods-Suite">
                    <span>Ignored methods</span>
                  </a> <!-- navigator-link  -->
                </li>
                <li>
                  <a href="#" class="navigator-link " panel-name="chronological-Suite">
                    <span>Chronological view</span>
                  </a> <!-- navigator-link  -->
                </li>
              </ul>
            </div> <!-- suite-section-content -->
            <div class="result-section">
              <div class="suite-section-title">
                <span>Results</span>
              </div> <!-- suite-section-title -->
              <div class="suite-section-content">
                <ul>
                  <li>
<<<<<<< HEAD
                    <span class="method-stats">49 methods, 15 failed,   34 passed</span>
                  </li>
                  <li>
                    <span class="method-list-title failed">Failed methods</span>
                    <span class="show-or-hide-methods failed">
                      <a href="#" panel-name="suite-Suite" class="hide-methods failed suite-Suite"> (hide)</a> <!-- hide-methods failed suite-Suite -->
                      <a href="#" panel-name="suite-Suite" class="show-methods failed suite-Suite"> (show)</a> <!-- show-methods failed suite-Suite -->
                    </span>
                    <div class="method-list-content failed suite-Suite">
                      <span>
                        <img width="3%" src="failed.png"/>
                        <a href="#" class="method navigator-link" panel-name="suite-Suite" title="com.demoQA.tests.Alert_Test" hash-for-method="testConfirmAlert">testConfirmAlert</a> <!-- method navigator-link -->
                      </span>
                      <br/>
                      <span>
                        <img width="3%" src="failed.png"/>
                        <a href="#" class="method navigator-link" panel-name="suite-Suite" title="com.demoQA.tests.TextBox_Test" hash-for-method="testCurrentAdd">testCurrentAdd</a> <!-- method navigator-link -->
                      </span>
                      <br/>
                      <span>
                        <img width="3%" src="failed.png"/>
                        <a href="#" class="method navigator-link" panel-name="suite-Suite" title="com.demoQA.tests.TextBox_Test" hash-for-method="testEmail">testEmail</a> <!-- method navigator-link -->
                      </span>
                      <br/>
                      <span>
                        <img width="3%" src="failed.png"/>
                        <a href="#" class="method navigator-link" panel-name="suite-Suite" title="com.demoQA.tests.TextBox_Test" hash-for-method="testFullName">testFullName</a> <!-- method navigator-link -->
                      </span>
                      <br/>
                      <span>
                        <img width="3%" src="failed.png"/>
                        <a href="#" class="method navigator-link" panel-name="suite-Suite" title="com.demoQA.tests.CheckBox_Test" hash-for-method="testHomeCheckBox">testHomeCheckBox</a> <!-- method navigator-link -->
                      </span>
                      <br/>
                      <span>
                        <img width="3%" src="failed.png"/>
                        <a href="#" class="method navigator-link" panel-name="suite-Suite" title="com.demoQA.tests.Alert_Test" hash-for-method="testPromptAlert">testPromptAlert</a> <!-- method navigator-link -->
                      </span>
                      <br/>
                      <span>
                        <img width="3%" src="failed.png"/>
                        <a href="#" class="method navigator-link" panel-name="suite-Suite" title="com.demoQA.tests.Alert_Test" hash-for-method="testTimerAlert">testTimerAlert</a> <!-- method navigator-link -->
                      </span>
                      <br/>
                      <span>
                        <img width="3%" src="failed.png"/>
                        <a href="#" class="method navigator-link" panel-name="suite-Suite" title="com.demoQA.tests.Alert_Test" hash-for-method="testTitle">testTitle</a> <!-- method navigator-link -->
                      </span>
                      <br/>
                      <span>
                        <img width="3%" src="failed.png"/>
                        <a href="#" class="method navigator-link" panel-name="suite-Suite" title="com.demoQA.tests.Datepicker_Test" hash-for-method="verifyDate">verifyDate</a> <!-- method navigator-link -->
                      </span>
                      <br/>
                      <span>
                        <img width="3%" src="failed.png"/>
                        <a href="#" class="method navigator-link" panel-name="suite-Suite" title="com.demoQA.tests.Datepicker_Test" hash-for-method="verifyDateByPrevNextBtn(2020, 8, 12)">verifyDateByPrevNextBtn(2020, 8, 12)</a> <!-- method navigator-link -->
                      </span>
                      <br/>
                      <span>
                        <img width="3%" src="failed.png"/>
                        <a href="#" class="method navigator-link" panel-name="suite-Suite" title="com.demoQA.tests.Datepicker_Test" hash-for-method="verifyDateByPrevNextBtn(2022, 9, 13)">verifyDateByPrevNextBtn(2022, 9, 13)</a> <!-- method navigator-link -->
                      </span>
                      <br/>
                      <span>
                        <img width="3%" src="failed.png"/>
                        <a href="#" class="method navigator-link" panel-name="suite-Suite" title="com.demoQA.tests.Datepicker_Test" hash-for-method="verifyDateByPrevNextBtn(2023, 10, 14)">verifyDateByPrevNextBtn(2023, 10, 14)</a> <!-- method navigator-link -->
                      </span>
                      <br/>
                      <span>
                        <img width="3%" src="failed.png"/>
                        <a href="#" class="method navigator-link" panel-name="suite-Suite" title="com.demoQA.tests.Browsers_Windows_Test" hash-for-method="verifyNewTab">verifyNewTab</a> <!-- method navigator-link -->
                      </span>
                      <br/>
                      <span>
                        <img width="3%" src="failed.png"/>
                        <a href="#" class="method navigator-link" panel-name="suite-Suite" title="com.demoQA.tests.Browsers_Windows_Test" hash-for-method="verifyNewWindow">verifyNewWindow</a> <!-- method navigator-link -->
                      </span>
                      <br/>
                      <span>
                        <img width="3%" src="failed.png"/>
                        <a href="#" class="method navigator-link" panel-name="suite-Suite" title="com.demoQA.tests.Test_Interactions" hash-for-method="verifyTitle">verifyTitle</a> <!-- method navigator-link -->
                      </span>
                      <br/>
                    </div> <!-- method-list-content failed suite-Suite -->
                  </li>
                  <li>
                    <span class="method-list-title passed">Passed methods</span>
                    <span class="show-or-hide-methods passed">
                      <a href="#" panel-name="suite-Suite" class="hide-methods passed suite-Suite"> (hide)</a> <!-- hide-methods passed suite-Suite -->
                      <a href="#" panel-name="suite-Suite" class="show-methods passed suite-Suite"> (show)</a> <!-- show-methods passed suite-Suite -->
                    </span>
                    <div class="method-list-content passed suite-Suite">
                      <span>
                        <img width="3%" src="passed.png"/>
                        <a href="#" class="method navigator-link" panel-name="suite-Suite" title="com.demoQA.tests.Widgets_Test" hash-for-method="getTitle">getTitle</a> <!-- method navigator-link -->
                      </span>
                      <br/>
                      <span>
                        <img width="3%" src="passed.png"/>
                        <a href="#" class="method navigator-link" panel-name="suite-Suite" title="com.demoQA.tests.Widgets_Test" hash-for-method="getTitleOFDatepicker">getTitleOFDatepicker</a> <!-- method navigator-link -->
                      </span>
                      <br/>
                      <span>
                        <img width="3%" src="passed.png"/>
                        <a href="#" class="method navigator-link" panel-name="suite-Suite" title="com.demoQA.tests.Widgets_Test" hash-for-method="getTitleOFProgressBar">getTitleOFProgressBar</a> <!-- method navigator-link -->
                      </span>
                      <br/>
                      <span>
                        <img width="3%" src="passed.png"/>
                        <a href="#" class="method navigator-link" panel-name="suite-Suite" title="com.demoQA.tests.Alert_Test" hash-for-method="testAlert">testAlert</a> <!-- method navigator-link -->
                      </span>
                      <br/>
                      <span>
                        <img width="3%" src="passed.png"/>
                        <a href="#" class="method navigator-link" panel-name="suite-Suite" title="com.demoQA.tests.Alert_Frame_Window_Page_Test" hash-for-method="testAlertTitle">testAlertTitle</a> <!-- method navigator-link -->
                      </span>
                      <br/>
                      <span>
                        <img width="3%" src="passed.png"/>
                        <a href="#" class="method navigator-link" panel-name="suite-Suite" title="com.demoQA.tests.Element_Page_Test" hash-for-method="testCheckBox">testCheckBox</a> <!-- method navigator-link -->
                      </span>
                      <br/>
                      <span>
                        <img width="3%" src="passed.png"/>
                        <a href="#" class="method navigator-link" panel-name="suite-Suite" title="com.demoQA.tests.HomePage_Test" hash-for-method="testElement">testElement</a> <!-- method navigator-link -->
                      </span>
                      <br/>
                      <span>
                        <img width="3%" src="passed.png"/>
                        <a href="#" class="method navigator-link" panel-name="suite-Suite" title="com.demoQA.tests.Frame_Test" hash-for-method="testFrame">testFrame</a> <!-- method navigator-link -->
                      </span>
                      <br/>
                      <span>
                        <img width="3%" src="passed.png"/>
                        <a href="#" class="method navigator-link" panel-name="suite-Suite" title="com.demoQA.tests.Alert_Frame_Window_Page_Test" hash-for-method="testFrameTitle">testFrameTitle</a> <!-- method navigator-link -->
                      </span>
                      <br/>
                      <span>
                        <img width="3%" src="passed.png"/>
                        <a href="#" class="method navigator-link" panel-name="suite-Suite" title="com.demoQA.tests.RadioButtons_Test" hash-for-method="testHeaderTxt">testHeaderTxt</a> <!-- method navigator-link -->
                      </span>
                      <br/>
                      <span>
                        <img width="3%" src="passed.png"/>
                        <a href="#" class="method navigator-link" panel-name="suite-Suite" title="com.demoQA.tests.CheckBox_Test" hash-for-method="testHeaderTxt">testHeaderTxt</a> <!-- method navigator-link -->
                      </span>
                      <br/>
                      <span>
                        <img width="3%" src="passed.png"/>
                        <a href="#" class="method navigator-link" panel-name="suite-Suite" title="com.demoQA.tests.CheckBox_Test" hash-for-method="testHomeTxt">testHomeTxt</a> <!-- method navigator-link -->
                      </span>
                      <br/>
                      <span>
                        <img width="3%" src="passed.png"/>
                        <a href="#" class="method navigator-link" panel-name="suite-Suite" title="com.demoQA.tests.RadioButtons_Test" hash-for-method="testImpressiveBtn">testImpressiveBtn</a> <!-- method navigator-link -->
                      </span>
                      <br/>
                      <span>
                        <img width="3%" src="passed.png"/>
                        <a href="#" class="method navigator-link" panel-name="suite-Suite" title="com.demoQA.tests.Alert_Frame_Window_Page_Test" hash-for-method="testNestedIFrameTitle">testNestedIFrameTitle</a> <!-- method navigator-link -->
                      </span>
                      <br/>
                      <span>
                        <img width="3%" src="passed.png"/>
                        <a href="#" class="method navigator-link" panel-name="suite-Suite" title="com.demoQA.tests.Element_Page_Test" hash-for-method="testRadioButtons">testRadioButtons</a> <!-- method navigator-link -->
                      </span>
                      <br/>
                      <span>
                        <img width="3%" src="passed.png"/>
                        <a href="#" class="method navigator-link" panel-name="suite-Suite" title="com.demoQA.tests.Element_Page_Test" hash-for-method="testTextBox">testTextBox</a> <!-- method navigator-link -->
                      </span>
                      <br/>
                      <span>
                        <img width="3%" src="passed.png"/>
                        <a href="#" class="method navigator-link" panel-name="suite-Suite" title="com.demoQA.tests.RadioButtons_Test" hash-for-method="testYesBtn">testYesBtn</a> <!-- method navigator-link -->
                      </span>
                      <br/>
                      <span>
                        <img width="3%" src="passed.png"/>
                        <a href="#" class="method navigator-link" panel-name="suite-Suite" title="com.demoQA.tests.Droppable_Test" hash-for-method="verifyAccepatbleDragDrop">verifyAccepatbleDragDrop</a> <!-- method navigator-link -->
                      </span>
                      <br/>
                      <span>
                        <img width="3%" src="passed.png"/>
                        <a href="#" class="method navigator-link" panel-name="suite-Suite" title="com.demoQA.tests.Datepicker_Test" hash-for-method="verifyDateAndTime">verifyDateAndTime</a> <!-- method navigator-link -->
                      </span>
                      <br/>
                      <span>
                        <img width="3%" src="passed.png"/>
                        <a href="#" class="method navigator-link" panel-name="suite-Suite" title="com.demoQA.tests.Droppable_Test" hash-for-method="verifyDragDrop">verifyDragDrop</a> <!-- method navigator-link -->
                      </span>
                      <br/>
                      <span>
                        <img width="3%" src="passed.png"/>
                        <a href="#" class="method navigator-link" panel-name="suite-Suite" title="com.demoQA.tests.Test_Interactions" hash-for-method="verifyDroppableTitle">verifyDroppableTitle</a> <!-- method navigator-link -->
                      </span>
                      <br/>
                      <span>
                        <img width="3%" src="passed.png"/>
                        <a href="#" class="method navigator-link" panel-name="suite-Suite" title="com.demoQA.tests.ToolTip_Test" hash-for-method="verifyEnterText">verifyEnterText</a> <!-- method navigator-link -->
                      </span>
                      <br/>
                      <span>
                        <img width="3%" src="passed.png"/>
                        <a href="#" class="method navigator-link" panel-name="suite-Suite" title="com.demoQA.tests.ToolTip_Test" hash-for-method="verifyHoverFieldText">verifyHoverFieldText</a> <!-- method navigator-link -->
                      </span>
                      <br/>
                      <span>
                        <img width="3%" src="passed.png"/>
                        <a href="#" class="method navigator-link" panel-name="suite-Suite" title="com.demoQA.tests.ToolTip_Test" hash-for-method="verifyHoverText">verifyHoverText</a> <!-- method navigator-link -->
                      </span>
                      <br/>
                      <span>
                        <img width="3%" src="passed.png"/>
                        <a href="#" class="method navigator-link" panel-name="suite-Suite" title="com.demoQA.tests.NestedFrames_Test" hash-for-method="verifyNestedFrame">verifyNestedFrame</a> <!-- method navigator-link -->
                      </span>
                      <br/>
                      <span>
                        <img width="3%" src="passed.png"/>
                        <a href="#" class="method navigator-link" panel-name="suite-Suite" title="com.demoQA.tests.Droppable_Test" hash-for-method="verifyNotAccepatbleDragDrop">verifyNotAccepatbleDragDrop</a> <!-- method navigator-link -->
                      </span>
                      <br/>
                      <span>
                        <img width="3%" src="passed.png"/>
                        <a href="#" class="method navigator-link" panel-name="suite-Suite" title="com.demoQA.tests.ProgressBar_Test" hash-for-method="verifyProgressBar">verifyProgressBar</a> <!-- method navigator-link -->
                      </span>
                      <br/>
                      <span>
                        <img width="3%" src="passed.png"/>
                        <a href="#" class="method navigator-link" panel-name="suite-Suite" title="com.demoQA.tests.Frame_Test" hash-for-method="verifyTitle">verifyTitle</a> <!-- method navigator-link -->
                      </span>
                      <br/>
                      <span>
                        <img width="3%" src="passed.png"/>
                        <a href="#" class="method navigator-link" panel-name="suite-Suite" title="com.demoQA.tests.ToolTip_Test" hash-for-method="verifyTitle">verifyTitle</a> <!-- method navigator-link -->
                      </span>
                      <br/>
                      <span>
                        <img width="3%" src="passed.png"/>
                        <a href="#" class="method navigator-link" panel-name="suite-Suite" title="com.demoQA.tests.NestedFrames_Test" hash-for-method="verifyTitle">verifyTitle</a> <!-- method navigator-link -->
                      </span>
                      <br/>
                      <span>
                        <img width="3%" src="passed.png"/>
                        <a href="#" class="method navigator-link" panel-name="suite-Suite" title="com.demoQA.tests.Browsers_Windows_Test" hash-for-method="verifyTitle">verifyTitle</a> <!-- method navigator-link -->
                      </span>
                      <br/>
                      <span>
                        <img width="3%" src="passed.png"/>
                        <a href="#" class="method navigator-link" panel-name="suite-Suite" title="com.demoQA.tests.Datepicker_Test" hash-for-method="verifyTitle">verifyTitle</a> <!-- method navigator-link -->
                      </span>
                      <br/>
                      <span>
                        <img width="3%" src="passed.png"/>
                        <a href="#" class="method navigator-link" panel-name="suite-Suite" title="com.demoQA.tests.Droppable_Test" hash-for-method="verifyTitle">verifyTitle</a> <!-- method navigator-link -->
                      </span>
                      <br/>
                      <span>
                        <img width="3%" src="passed.png"/>
                        <a href="#" class="method navigator-link" panel-name="suite-Suite" title="com.demoQA.tests.ProgressBar_Test" hash-for-method="verifyTitle">verifyTitle</a> <!-- method navigator-link -->
                      </span>
                      <br/>
                    </div> <!-- method-list-content passed suite-Suite -->
=======
                    <span class="method-stats">1 method,   1 passed</span>
                  </li>
                  <li>
                    <span class="method-list-title passed">Passed methods</span>
                    <span class="show-or-hide-methods passed">
                      <a href="#" panel-name="suite-Default_suite" class="hide-methods passed suite-Default_suite"> (hide)</a> <!-- hide-methods passed suite-Default_suite -->
                      <a href="#" panel-name="suite-Default_suite" class="show-methods passed suite-Default_suite"> (show)</a> <!-- show-methods passed suite-Default_suite -->
                    </span>
                    <div class="method-list-content passed suite-Default_suite">
                      <span>
                        <img width="3%" src="passed.png"/>
                        <a href="#" class="method navigator-link" panel-name="suite-Default_suite" title="com.demoQA.tests.Alert_Test" hash-for-method="testPromptAlert">testPromptAlert</a> <!-- method navigator-link -->
                      </span>
                      <br/>
                    </div> <!-- method-list-content passed suite-Default_suite -->
>>>>>>> 6364e11fe48bb0a3f1a8a329bea4d2c995220102
                  </li>
                </ul>
              </div> <!-- suite-section-content -->
            </div> <!-- result-section -->
          </div> <!-- navigator-suite-content -->
        </div> <!-- rounded-window -->
      </div> <!-- suite -->
    </div> <!-- navigator-root -->
    <div class="wrapper">
      <div class="main-panel-root">
<<<<<<< HEAD
        <div panel-name="suite-Suite" class="panel Suite">
          <div class="suite-Suite-class-failed">
            <div class="main-panel-header rounded-window-top">
              <img src="failed.png"/>
              <span class="class-name">com.demoQA.tests.Browsers_Windows_Test</span>
            </div> <!-- main-panel-header rounded-window-top -->
            <div class="main-panel-content rounded-window-bottom">
              <div class="method">
                <div class="method-content">
                  <a name="verifyNewTab">
                  </a> <!-- verifyNewTab -->
                  <span class="method-name">verifyNewTab</span>
                  <div class="stack-trace">java.lang.AssertionError: expected [This is a sample page] but found [ ]
	at com.demoQA.tests.Browsers_Windows_Test.verifyNewTab(Browsers_Windows_Test.java:36)
	at java.util.ArrayList.forEach(ArrayList.java:1259)
... Removed 32 stack frames
</div> <!-- stack-trace -->
                </div> <!-- method-content -->
              </div> <!-- method -->
              <div class="method">
                <div class="method-content">
                  <a name="verifyNewWindow">
                  </a> <!-- verifyNewWindow -->
                  <span class="method-name">verifyNewWindow</span>
                  <div class="stack-trace">org.openqa.selenium.NoSuchWindowException: no such window: target window already closed
from unknown error: web view not found
  (Session info: chrome=105.0.5195.102)
Build info: version: &apos;3.141.59&apos;, revision: &apos;e82be7d358&apos;, time: &apos;2018-11-14T08:17:03&apos;
System info: host: &apos;LAPTOP-7DB4GVKK&apos;, ip: &apos;192.168.7.201&apos;, os.name: &apos;Windows 10&apos;, os.arch: &apos;amd64&apos;, os.version: &apos;10.0&apos;, java.version: &apos;1.8.0_321&apos;
Driver info: org.openqa.selenium.chrome.ChromeDriver
Capabilities {acceptInsecureCerts: false, browserName: chrome, browserVersion: 105.0.5195.102, chrome: {chromedriverVersion: 105.0.5195.52 (412c95e51883..., userDataDir: C:\Users\bhalerao\AppData\L...}, goog:chromeOptions: {debuggerAddress: localhost:57927}, javascriptEnabled: true, networkConnectionEnabled: false, pageLoadStrategy: normal, platform: WINDOWS, platformName: WINDOWS, proxy: Proxy(), setWindowRect: true, strictFileInteractability: false, timeouts: {implicit: 0, pageLoad: 300000, script: 30000}, unhandledPromptBehavior: dismiss and notify, webauthn:extension:credBlob: true, webauthn:extension:largeBlob: true, webauthn:virtualAuthenticators: true}
Session ID: e1c921dea3e2d0373ad1439041232612
*** Element info: {Using=xpath, value=//body[contains(text(),&apos;Knowledge increases by sharing but not by saving&apos;)] }
	at org.openqa.selenium.remote.http.W3CHttpResponseCodec.createException(W3CHttpResponseCodec.java:187)
	at org.openqa.selenium.remote.http.W3CHttpResponseCodec.decode(W3CHttpResponseCodec.java:122)
	at org.openqa.selenium.remote.http.W3CHttpResponseCodec.decode(W3CHttpResponseCodec.java:49)
	at org.openqa.selenium.remote.HttpCommandExecutor.execute(HttpCommandExecutor.java:158)
	at org.openqa.selenium.remote.service.DriverCommandExecutor.execute(DriverCommandExecutor.java:83)
	at org.openqa.selenium.remote.RemoteWebDriver.execute(RemoteWebDriver.java:552)
	at org.openqa.selenium.remote.RemoteWebDriver.findElement(RemoteWebDriver.java:323)
	at org.openqa.selenium.remote.RemoteWebDriver.findElementByXPath(RemoteWebDriver.java:428)
	at org.openqa.selenium.By$ByXPath.findElement(By.java:353)
	at org.openqa.selenium.remote.RemoteWebDriver.findElement(RemoteWebDriver.java:315)
	at com.demoQA.page.Browser_Windows.switchToNewWindows(Browser_Windows.java:56)
	at com.demoQA.tests.Browsers_Windows_Test.verifyNewWindow(Browsers_Windows_Test.java:40)
	at java.util.ArrayList.forEach(ArrayList.java:1259)
... Removed 31 stack frames
</div> <!-- stack-trace -->
                </div> <!-- method-content -->
              </div> <!-- method -->
            </div> <!-- main-panel-content rounded-window-bottom -->
          </div> <!-- suite-Suite-class-failed -->
          <div class="suite-Suite-class-failed">
            <div class="main-panel-header rounded-window-top">
              <img src="failed.png"/>
              <span class="class-name">com.demoQA.tests.TextBox_Test</span>
            </div> <!-- main-panel-header rounded-window-top -->
            <div class="main-panel-content rounded-window-bottom">
              <div class="method">
                <div class="method-content">
                  <a name="testCurrentAdd">
                  </a> <!-- testCurrentAdd -->
                  <span class="method-name">testCurrentAdd</span>
                  <div class="stack-trace">org.testng.internal.reflect.MethodMatcherException: 
[public void com.demoQA.tests.TextBox_Test.testCurrentAdd(java.lang.String,java.lang.String,java.lang.String,java.lang.String,java.lang.String,java.lang.String)] has no parameters defined but was found to be using a data provider (either explicitly specified or inherited from class level annotation).
Data provider mismatch
Method: testCurrentAdd([Parameter{index=0, type=java.lang.String, declaredAnnotations=[]}, Parameter{index=1, type=java.lang.String, declaredAnnotations=[]}, Parameter{index=2, type=java.lang.String, declaredAnnotations=[]}, Parameter{index=3, type=java.lang.String, declaredAnnotations=[]}, Parameter{index=4, type=java.lang.String, declaredAnnotations=[]}, Parameter{index=5, type=java.lang.String, declaredAnnotations=[]}])
Arguments: [(java.lang.String) Nagbhushan Bhalerao,(java.lang.String) bhushan@123,(java.lang.String) Pune,(java.lang.String) Group 1, option 1,(java.lang.String) Ms.,(java.lang.String) Black,(java.lang.Integer) 10]
	at java.util.ArrayList.forEach(ArrayList.java:1259)
... Removed 22 stack frames
</div> <!-- stack-trace -->
                </div> <!-- method-content -->
              </div> <!-- method -->
              <div class="method">
                <div class="method-content">
                  <a name="testEmail">
                  </a> <!-- testEmail -->
                  <span class="method-name">testEmail</span>
                  <div class="stack-trace">org.testng.internal.reflect.MethodMatcherException: 
[public void com.demoQA.tests.TextBox_Test.testEmail(java.lang.String,java.lang.String,java.lang.String,java.lang.String,java.lang.String,java.lang.String)] has no parameters defined but was found to be using a data provider (either explicitly specified or inherited from class level annotation).
Data provider mismatch
Method: testEmail([Parameter{index=0, type=java.lang.String, declaredAnnotations=[]}, Parameter{index=1, type=java.lang.String, declaredAnnotations=[]}, Parameter{index=2, type=java.lang.String, declaredAnnotations=[]}, Parameter{index=3, type=java.lang.String, declaredAnnotations=[]}, Parameter{index=4, type=java.lang.String, declaredAnnotations=[]}, Parameter{index=5, type=java.lang.String, declaredAnnotations=[]}])
Arguments: [(java.lang.String) Nagbhushan Bhalerao,(java.lang.String) bhushan@123,(java.lang.String) Pune,(java.lang.String) Group 1, option 1,(java.lang.String) Ms.,(java.lang.String) Black,(java.lang.Integer) 10]
	at java.util.ArrayList.forEach(ArrayList.java:1259)
... Removed 22 stack frames
</div> <!-- stack-trace -->
                </div> <!-- method-content -->
              </div> <!-- method -->
              <div class="method">
                <div class="method-content">
                  <a name="testFullName">
                  </a> <!-- testFullName -->
                  <span class="method-name">testFullName</span>
                  <div class="stack-trace">org.testng.internal.reflect.MethodMatcherException: 
[public void com.demoQA.tests.TextBox_Test.testFullName(java.lang.String,java.lang.String,java.lang.String,java.lang.String,java.lang.String,java.lang.String)] has no parameters defined but was found to be using a data provider (either explicitly specified or inherited from class level annotation).
Data provider mismatch
Method: testFullName([Parameter{index=0, type=java.lang.String, declaredAnnotations=[]}, Parameter{index=1, type=java.lang.String, declaredAnnotations=[]}, Parameter{index=2, type=java.lang.String, declaredAnnotations=[]}, Parameter{index=3, type=java.lang.String, declaredAnnotations=[]}, Parameter{index=4, type=java.lang.String, declaredAnnotations=[]}, Parameter{index=5, type=java.lang.String, declaredAnnotations=[]}])
Arguments: [(java.lang.String) Nagbhushan Bhalerao,(java.lang.String) bhushan@123,(java.lang.String) Pune,(java.lang.String) Group 1, option 1,(java.lang.String) Ms.,(java.lang.String) Black,(java.lang.Integer) 10]
	at java.util.ArrayList.forEach(ArrayList.java:1259)
... Removed 22 stack frames
</div> <!-- stack-trace -->
                </div> <!-- method-content -->
              </div> <!-- method -->
            </div> <!-- main-panel-content rounded-window-bottom -->
          </div> <!-- suite-Suite-class-failed -->
          <div class="suite-Suite-class-failed">
            <div class="main-panel-header rounded-window-top">
              <img src="failed.png"/>
              <span class="class-name">com.demoQA.tests.Alert_Test</span>
            </div> <!-- main-panel-header rounded-window-top -->
            <div class="main-panel-content rounded-window-bottom">
              <div class="method">
                <div class="method-content">
                  <a name="testConfirmAlert">
                  </a> <!-- testConfirmAlert -->
                  <span class="method-name">testConfirmAlert</span>
                  <div class="stack-trace">org.openqa.selenium.NoSuchWindowException: no such window: target window already closed
from unknown error: web view not found
  (Session info: chrome=105.0.5195.102)
Build info: version: &apos;3.141.59&apos;, revision: &apos;e82be7d358&apos;, time: &apos;2018-11-14T08:17:03&apos;
System info: host: &apos;LAPTOP-7DB4GVKK&apos;, ip: &apos;192.168.7.201&apos;, os.name: &apos;Windows 10&apos;, os.arch: &apos;amd64&apos;, os.version: &apos;10.0&apos;, java.version: &apos;1.8.0_321&apos;
Driver info: org.openqa.selenium.chrome.ChromeDriver
Capabilities {acceptInsecureCerts: false, browserName: chrome, browserVersion: 105.0.5195.102, chrome: {chromedriverVersion: 105.0.5195.52 (412c95e51883..., userDataDir: C:\Users\bhalerao\AppData\L...}, goog:chromeOptions: {debuggerAddress: localhost:57523}, javascriptEnabled: true, networkConnectionEnabled: false, pageLoadStrategy: normal, platform: WINDOWS, platformName: WINDOWS, proxy: Proxy(), setWindowRect: true, strictFileInteractability: false, timeouts: {implicit: 0, pageLoad: 300000, script: 30000}, unhandledPromptBehavior: dismiss and notify, webauthn:extension:credBlob: true, webauthn:extension:largeBlob: true, webauthn:virtualAuthenticators: true}
Session ID: f96291f519340066d7b5962f73bea8fe
*** Element info: {Using=xpath, value=//span[@id=&apos;confirmResult&apos;]}
	at org.openqa.selenium.remote.http.W3CHttpResponseCodec.createException(W3CHttpResponseCodec.java:187)
	at org.openqa.selenium.remote.http.W3CHttpResponseCodec.decode(W3CHttpResponseCodec.java:122)
	at org.openqa.selenium.remote.http.W3CHttpResponseCodec.decode(W3CHttpResponseCodec.java:49)
	at org.openqa.selenium.remote.HttpCommandExecutor.execute(HttpCommandExecutor.java:158)
	at org.openqa.selenium.remote.service.DriverCommandExecutor.execute(DriverCommandExecutor.java:83)
	at org.openqa.selenium.remote.RemoteWebDriver.execute(RemoteWebDriver.java:552)
	at org.openqa.selenium.remote.RemoteWebDriver.findElement(RemoteWebDriver.java:323)
	at org.openqa.selenium.remote.RemoteWebDriver.findElementByXPath(RemoteWebDriver.java:428)
	at org.openqa.selenium.By$ByXPath.findElement(By.java:353)
	at org.openqa.selenium.remote.RemoteWebDriver.findElement(RemoteWebDriver.java:315)
	at com.demoQA.page.Alerts.clickConfirmAlert(Alerts.java:45)
	at com.demoQA.tests.Alert_Test.testConfirmAlert(Alert_Test.java:43)
	at java.util.ArrayList.forEach(ArrayList.java:1259)
... Removed 31 stack frames
</div> <!-- stack-trace -->
                </div> <!-- method-content -->
              </div> <!-- method -->
              <div class="method">
                <div class="method-content">
                  <a name="testPromptAlert">
                  </a> <!-- testPromptAlert -->
                  <span class="method-name">testPromptAlert</span>
                  <div class="stack-trace">org.openqa.selenium.NoSuchWindowException: no such window: target window already closed
from unknown error: web view not found
  (Session info: chrome=105.0.5195.102)
Build info: version: &apos;3.141.59&apos;, revision: &apos;e82be7d358&apos;, time: &apos;2018-11-14T08:17:03&apos;
System info: host: &apos;LAPTOP-7DB4GVKK&apos;, ip: &apos;192.168.7.201&apos;, os.name: &apos;Windows 10&apos;, os.arch: &apos;amd64&apos;, os.version: &apos;10.0&apos;, java.version: &apos;1.8.0_321&apos;
Driver info: org.openqa.selenium.chrome.ChromeDriver
Capabilities {acceptInsecureCerts: false, browserName: chrome, browserVersion: 105.0.5195.102, chrome: {chromedriverVersion: 105.0.5195.52 (412c95e51883..., userDataDir: C:\Users\bhalerao\AppData\L...}, goog:chromeOptions: {debuggerAddress: localhost:57523}, javascriptEnabled: true, networkConnectionEnabled: false, pageLoadStrategy: normal, platform: WINDOWS, platformName: WINDOWS, proxy: Proxy(), setWindowRect: true, strictFileInteractability: false, timeouts: {implicit: 0, pageLoad: 300000, script: 30000}, unhandledPromptBehavior: dismiss and notify, webauthn:extension:credBlob: true, webauthn:extension:largeBlob: true, webauthn:virtualAuthenticators: true}
Session ID: f96291f519340066d7b5962f73bea8fe
*** Element info: {Using=xpath, value=//button[@id=&apos;promtButton&apos;]}
	at org.openqa.selenium.remote.http.W3CHttpResponseCodec.createException(W3CHttpResponseCodec.java:187)
	at org.openqa.selenium.remote.http.W3CHttpResponseCodec.decode(W3CHttpResponseCodec.java:122)
	at org.openqa.selenium.remote.http.W3CHttpResponseCodec.decode(W3CHttpResponseCodec.java:49)
	at org.openqa.selenium.remote.HttpCommandExecutor.execute(HttpCommandExecutor.java:158)
	at org.openqa.selenium.remote.service.DriverCommandExecutor.execute(DriverCommandExecutor.java:83)
	at org.openqa.selenium.remote.RemoteWebDriver.execute(RemoteWebDriver.java:552)
	at org.openqa.selenium.remote.RemoteWebDriver.findElement(RemoteWebDriver.java:323)
	at org.openqa.selenium.remote.RemoteWebDriver.findElementByXPath(RemoteWebDriver.java:428)
	at org.openqa.selenium.By$ByXPath.findElement(By.java:353)
	at org.openqa.selenium.remote.RemoteWebDriver.findElement(RemoteWebDriver.java:315)
	at com.demoQA.page.Alerts.clickPromptAlert(Alerts.java:49)
	at com.demoQA.tests.Alert_Test.testPromptAlert(Alert_Test.java:51)
	at java.util.ArrayList.forEach(ArrayList.java:1259)
... Removed 31 stack frames
</div> <!-- stack-trace -->
                </div> <!-- method-content -->
              </div> <!-- method -->
              <div class="method">
                <div class="method-content">
                  <a name="testTimerAlert">
                  </a> <!-- testTimerAlert -->
                  <span class="method-name">testTimerAlert</span>
                  <div class="stack-trace">org.openqa.selenium.NoSuchWindowException: no such window: target window already closed
from unknown error: web view not found
  (Session info: chrome=105.0.5195.102)
Build info: version: &apos;3.141.59&apos;, revision: &apos;e82be7d358&apos;, time: &apos;2018-11-14T08:17:03&apos;
System info: host: &apos;LAPTOP-7DB4GVKK&apos;, ip: &apos;192.168.7.201&apos;, os.name: &apos;Windows 10&apos;, os.arch: &apos;amd64&apos;, os.version: &apos;10.0&apos;, java.version: &apos;1.8.0_321&apos;
Driver info: org.openqa.selenium.chrome.ChromeDriver
Capabilities {acceptInsecureCerts: false, browserName: chrome, browserVersion: 105.0.5195.102, chrome: {chromedriverVersion: 105.0.5195.52 (412c95e51883..., userDataDir: C:\Users\bhalerao\AppData\L...}, goog:chromeOptions: {debuggerAddress: localhost:57523}, javascriptEnabled: true, networkConnectionEnabled: false, pageLoadStrategy: normal, platform: WINDOWS, platformName: WINDOWS, proxy: Proxy(), setWindowRect: true, strictFileInteractability: false, timeouts: {implicit: 0, pageLoad: 300000, script: 30000}, unhandledPromptBehavior: dismiss and notify, webauthn:extension:credBlob: true, webauthn:extension:largeBlob: true, webauthn:virtualAuthenticators: true}
Session ID: f96291f519340066d7b5962f73bea8fe
*** Element info: {Using=xpath, value=//button[@id=&apos;timerAlertButton&apos;]}
	at org.openqa.selenium.remote.http.W3CHttpResponseCodec.createException(W3CHttpResponseCodec.java:187)
	at org.openqa.selenium.remote.http.W3CHttpResponseCodec.decode(W3CHttpResponseCodec.java:122)
	at org.openqa.selenium.remote.http.W3CHttpResponseCodec.decode(W3CHttpResponseCodec.java:49)
	at org.openqa.selenium.remote.HttpCommandExecutor.execute(HttpCommandExecutor.java:158)
	at org.openqa.selenium.remote.service.DriverCommandExecutor.execute(DriverCommandExecutor.java:83)
	at org.openqa.selenium.remote.RemoteWebDriver.execute(RemoteWebDriver.java:552)
	at org.openqa.selenium.remote.RemoteWebDriver.findElement(RemoteWebDriver.java:323)
	at org.openqa.selenium.remote.RemoteWebDriver.findElementByXPath(RemoteWebDriver.java:428)
	at org.openqa.selenium.By$ByXPath.findElement(By.java:353)
	at org.openqa.selenium.remote.RemoteWebDriver.findElement(RemoteWebDriver.java:315)
	at com.demoQA.page.Alerts.clicktimerAlert(Alerts.java:35)
	at com.demoQA.tests.Alert_Test.testTimerAlert(Alert_Test.java:37)
	at java.util.ArrayList.forEach(ArrayList.java:1259)
... Removed 31 stack frames
</div> <!-- stack-trace -->
                </div> <!-- method-content -->
              </div> <!-- method -->
              <div class="method">
                <div class="method-content">
                  <a name="testTitle">
                  </a> <!-- testTitle -->
                  <span class="method-name">testTitle</span>
                  <div class="stack-trace">org.openqa.selenium.NoSuchWindowException: no such window: target window already closed
from unknown error: web view not found
  (Session info: chrome=105.0.5195.102)
Build info: version: &apos;3.141.59&apos;, revision: &apos;e82be7d358&apos;, time: &apos;2018-11-14T08:17:03&apos;
System info: host: &apos;LAPTOP-7DB4GVKK&apos;, ip: &apos;192.168.7.201&apos;, os.name: &apos;Windows 10&apos;, os.arch: &apos;amd64&apos;, os.version: &apos;10.0&apos;, java.version: &apos;1.8.0_321&apos;
Driver info: org.openqa.selenium.chrome.ChromeDriver
Capabilities {acceptInsecureCerts: false, browserName: chrome, browserVersion: 105.0.5195.102, chrome: {chromedriverVersion: 105.0.5195.52 (412c95e51883..., userDataDir: C:\Users\bhalerao\AppData\L...}, goog:chromeOptions: {debuggerAddress: localhost:57523}, javascriptEnabled: true, networkConnectionEnabled: false, pageLoadStrategy: normal, platform: WINDOWS, platformName: WINDOWS, proxy: Proxy(), setWindowRect: true, strictFileInteractability: false, timeouts: {implicit: 0, pageLoad: 300000, script: 30000}, unhandledPromptBehavior: dismiss and notify, webauthn:extension:credBlob: true, webauthn:extension:largeBlob: true, webauthn:virtualAuthenticators: true}
Session ID: f96291f519340066d7b5962f73bea8fe
*** Element info: {Using=xpath, value=//div[text()=&apos;Alerts&apos;]}
	at org.openqa.selenium.remote.http.W3CHttpResponseCodec.createException(W3CHttpResponseCodec.java:187)
	at org.openqa.selenium.remote.http.W3CHttpResponseCodec.decode(W3CHttpResponseCodec.java:122)
	at org.openqa.selenium.remote.http.W3CHttpResponseCodec.decode(W3CHttpResponseCodec.java:49)
	at org.openqa.selenium.remote.HttpCommandExecutor.execute(HttpCommandExecutor.java:158)
	at org.openqa.selenium.remote.service.DriverCommandExecutor.execute(DriverCommandExecutor.java:83)
	at org.openqa.selenium.remote.RemoteWebDriver.execute(RemoteWebDriver.java:552)
	at org.openqa.selenium.remote.RemoteWebDriver.findElement(RemoteWebDriver.java:323)
	at org.openqa.selenium.remote.RemoteWebDriver.findElementByXPath(RemoteWebDriver.java:428)
	at org.openqa.selenium.By$ByXPath.findElement(By.java:353)
	at org.openqa.selenium.remote.RemoteWebDriver.findElement(RemoteWebDriver.java:315)
	at com.demoQA.page.Alerts.getTitle(Alerts.java:25)
	at com.demoQA.tests.Alert_Test.testTitle(Alert_Test.java:29)
	at java.util.ArrayList.forEach(ArrayList.java:1259)
... Removed 31 stack frames
</div> <!-- stack-trace -->
                </div> <!-- method-content -->
              </div> <!-- method -->
            </div> <!-- main-panel-content rounded-window-bottom -->
          </div> <!-- suite-Suite-class-failed -->
          <div class="suite-Suite-class-failed">
            <div class="main-panel-header rounded-window-top">
              <img src="failed.png"/>
              <span class="class-name">com.demoQA.tests.CheckBox_Test</span>
            </div> <!-- main-panel-header rounded-window-top -->
            <div class="main-panel-content rounded-window-bottom">
              <div class="method">
                <div class="method-content">
                  <a name="testHomeCheckBox">
                  </a> <!-- testHomeCheckBox -->
                  <span class="method-name">testHomeCheckBox</span>
                  <div class="stack-trace">java.lang.AssertionError: 
	at com.demoQA.tests.CheckBox_Test.testHomeCheckBox(CheckBox_Test.java:45)
	at java.util.ArrayList.forEach(ArrayList.java:1259)
... Removed 30 stack frames
</div> <!-- stack-trace -->
                </div> <!-- method-content -->
              </div> <!-- method -->
            </div> <!-- main-panel-content rounded-window-bottom -->
          </div> <!-- suite-Suite-class-failed -->
          <div class="suite-Suite-class-failed">
            <div class="main-panel-header rounded-window-top">
              <img src="failed.png"/>
              <span class="class-name">com.demoQA.tests.Test_Interactions</span>
            </div> <!-- main-panel-header rounded-window-top -->
            <div class="main-panel-content rounded-window-bottom">
              <div class="method">
                <div class="method-content">
                  <a name="verifyTitle">
                  </a> <!-- verifyTitle -->
                  <span class="method-name">verifyTitle</span>
                  <div class="stack-trace">org.openqa.selenium.NoSuchElementException: no such element: Unable to locate element: {&quot;method&quot;:&quot;xpath&quot;,&quot;selector&quot;:&quot;//div[@class=&apos;pattern-backgound playgound-header&apos;]//div[text()=&apos;Interactions&apos;]&quot;}
  (Session info: chrome=105.0.5195.102)
For documentation on this error, please visit: https://www.seleniumhq.org/exceptions/no_such_element.html
Build info: version: &apos;3.141.59&apos;, revision: &apos;e82be7d358&apos;, time: &apos;2018-11-14T08:17:03&apos;
System info: host: &apos;LAPTOP-7DB4GVKK&apos;, ip: &apos;192.168.7.201&apos;, os.name: &apos;Windows 10&apos;, os.arch: &apos;amd64&apos;, os.version: &apos;10.0&apos;, java.version: &apos;1.8.0_321&apos;
Driver info: org.openqa.selenium.chrome.ChromeDriver
Capabilities {acceptInsecureCerts: false, browserName: chrome, browserVersion: 105.0.5195.102, chrome: {chromedriverVersion: 105.0.5195.52 (412c95e51883..., userDataDir: C:\Users\bhalerao\AppData\L...}, goog:chromeOptions: {debuggerAddress: localhost:57373}, javascriptEnabled: true, networkConnectionEnabled: false, pageLoadStrategy: normal, platform: WINDOWS, platformName: WINDOWS, proxy: Proxy(), setWindowRect: true, strictFileInteractability: false, timeouts: {implicit: 0, pageLoad: 300000, script: 30000}, unhandledPromptBehavior: dismiss and notify, webauthn:extension:credBlob: true, webauthn:extension:largeBlob: true, webauthn:virtualAuthenticators: true}
Session ID: 1b383ebc3a292b98324211dec0e8630c
*** Element info: {Using=xpath, value=//div[@class=&apos;pattern-backgound playgound-header&apos;]//div[text()=&apos;Interactions&apos;]}
	at org.openqa.selenium.remote.http.W3CHttpResponseCodec.createException(W3CHttpResponseCodec.java:187)
	at org.openqa.selenium.remote.http.W3CHttpResponseCodec.decode(W3CHttpResponseCodec.java:122)
	at org.openqa.selenium.remote.http.W3CHttpResponseCodec.decode(W3CHttpResponseCodec.java:49)
	at org.openqa.selenium.remote.HttpCommandExecutor.execute(HttpCommandExecutor.java:158)
	at org.openqa.selenium.remote.service.DriverCommandExecutor.execute(DriverCommandExecutor.java:83)
	at org.openqa.selenium.remote.RemoteWebDriver.execute(RemoteWebDriver.java:552)
	at org.openqa.selenium.remote.RemoteWebDriver.findElement(RemoteWebDriver.java:323)
	at org.openqa.selenium.remote.RemoteWebDriver.findElementByXPath(RemoteWebDriver.java:428)
	at org.openqa.selenium.By$ByXPath.findElement(By.java:353)
	at org.openqa.selenium.remote.RemoteWebDriver.findElement(RemoteWebDriver.java:315)
	at com.demoQA.page.Interactions.checkTitle(Interactions.java:31)
	at com.demoQA.tests.Test_Interactions.verifyTitle(Test_Interactions.java:23)
	at java.util.ArrayList.forEach(ArrayList.java:1259)
... Removed 31 stack frames
</div> <!-- stack-trace -->
                </div> <!-- method-content -->
              </div> <!-- method -->
            </div> <!-- main-panel-content rounded-window-bottom -->
          </div> <!-- suite-Suite-class-failed -->
          <div class="suite-Suite-class-failed">
=======
        <div panel-name="suite-Default_suite" class="panel Default_suite">
          <div class="suite-Default_suite-class-passed">
>>>>>>> 6364e11fe48bb0a3f1a8a329bea4d2c995220102
            <div class="main-panel-header rounded-window-top">
              <img src="passed.png"/>
              <span class="class-name">com.demoQA.tests.Alert_Test</span>
            </div> <!-- main-panel-header rounded-window-top -->
            <div class="main-panel-content rounded-window-bottom">
              <div class="method">
                <div class="method-content">
<<<<<<< HEAD
                  <a name="verifyDate">
                  </a> <!-- verifyDate -->
                  <span class="method-name">verifyDate</span>
                  <div class="stack-trace">org.testng.internal.reflect.MethodMatcherException: 
[public void com.demoQA.tests.Datepicker_Test.verifyDate() throws java.lang.InterruptedException] has no parameters defined but was found to be using a data provider (either explicitly specified or inherited from class level annotation).
Data provider mismatch
Method: verifyDate([])
Arguments: [(java.lang.Integer) 2013,(java.lang.String) August,(java.lang.Integer) 13]
	at java.util.ArrayList.forEach(ArrayList.java:1259)
... Removed 22 stack frames
</div> <!-- stack-trace -->
                </div> <!-- method-content -->
              </div> <!-- method -->
              <div class="method">
                <div class="method-content">
                  <a name="verifyDateByPrevNextBtn(2020, 8, 12)">
                  </a> <!-- verifyDateByPrevNextBtn(2020, 8, 12) -->
                  <span class="method-name">verifyDateByPrevNextBtn</span>
                  <span class="parameters">(2020, 8, 12)</span>
                  <div class="stack-trace">java.lang.AssertionError: expected [08/15/2015] but found [08/12/2020]
	at com.demoQA.tests.Datepicker_Test.verifyDateByPrevNextBtn(Datepicker_Test.java:57)
	at java.util.ArrayList.forEach(ArrayList.java:1259)
... Removed 32 stack frames
</div> <!-- stack-trace -->
                </div> <!-- method-content -->
              </div> <!-- method -->
              <div class="method">
                <div class="method-content">
                  <a name="verifyDateByPrevNextBtn(2022, 9, 13)">
                  </a> <!-- verifyDateByPrevNextBtn(2022, 9, 13) -->
                  <span class="method-name">verifyDateByPrevNextBtn</span>
                  <span class="parameters">(2022, 9, 13)</span>
                  <div class="stack-trace">java.lang.AssertionError: expected [08/15/2015] but found [09/13/2022]
	at com.demoQA.tests.Datepicker_Test.verifyDateByPrevNextBtn(Datepicker_Test.java:57)
	at java.util.ArrayList.forEach(ArrayList.java:1259)
... Removed 32 stack frames
</div> <!-- stack-trace -->
                </div> <!-- method-content -->
              </div> <!-- method -->
              <div class="method">
                <div class="method-content">
                  <a name="verifyDateByPrevNextBtn(2023, 10, 14)">
                  </a> <!-- verifyDateByPrevNextBtn(2023, 10, 14) -->
                  <span class="method-name">verifyDateByPrevNextBtn</span>
                  <span class="parameters">(2023, 10, 14)</span>
                  <div class="stack-trace">java.lang.AssertionError: expected [08/15/2015] but found [10/14/2023]
	at com.demoQA.tests.Datepicker_Test.verifyDateByPrevNextBtn(Datepicker_Test.java:57)
	at java.util.ArrayList.forEach(ArrayList.java:1259)
... Removed 32 stack frames
</div> <!-- stack-trace -->
                </div> <!-- method-content -->
              </div> <!-- method -->
            </div> <!-- main-panel-content rounded-window-bottom -->
          </div> <!-- suite-Suite-class-failed -->
          <div class="suite-Suite-class-passed">
            <div class="main-panel-header rounded-window-top">
              <img src="passed.png"/>
              <span class="class-name">com.demoQA.tests.Widgets_Test</span>
            </div> <!-- main-panel-header rounded-window-top -->
            <div class="main-panel-content rounded-window-bottom">
              <div class="method">
                <div class="method-content">
                  <a name="getTitle">
                  </a> <!-- getTitle -->
                  <span class="method-name">getTitle</span>
                </div> <!-- method-content -->
              </div> <!-- method -->
              <div class="method">
                <div class="method-content">
                  <a name="getTitleOFDatepicker">
                  </a> <!-- getTitleOFDatepicker -->
                  <span class="method-name">getTitleOFDatepicker</span>
                </div> <!-- method-content -->
              </div> <!-- method -->
              <div class="method">
                <div class="method-content">
                  <a name="getTitleOFProgressBar">
                  </a> <!-- getTitleOFProgressBar -->
                  <span class="method-name">getTitleOFProgressBar</span>
                </div> <!-- method-content -->
              </div> <!-- method -->
            </div> <!-- main-panel-content rounded-window-bottom -->
          </div> <!-- suite-Suite-class-passed -->
          <div class="suite-Suite-class-passed">
            <div class="main-panel-header rounded-window-top">
              <img src="passed.png"/>
              <span class="class-name">com.demoQA.tests.CheckBox_Test</span>
            </div> <!-- main-panel-header rounded-window-top -->
            <div class="main-panel-content rounded-window-bottom">
              <div class="method">
                <div class="method-content">
                  <a name="testHeaderTxt">
                  </a> <!-- testHeaderTxt -->
                  <span class="method-name">testHeaderTxt</span>
                </div> <!-- method-content -->
              </div> <!-- method -->
              <div class="method">
                <div class="method-content">
                  <a name="testHomeTxt">
                  </a> <!-- testHomeTxt -->
                  <span class="method-name">testHomeTxt</span>
                </div> <!-- method-content -->
              </div> <!-- method -->
            </div> <!-- main-panel-content rounded-window-bottom -->
          </div> <!-- suite-Suite-class-passed -->
          <div class="suite-Suite-class-passed">
            <div class="main-panel-header rounded-window-top">
              <img src="passed.png"/>
              <span class="class-name">com.demoQA.tests.RadioButtons_Test</span>
            </div> <!-- main-panel-header rounded-window-top -->
            <div class="main-panel-content rounded-window-bottom">
              <div class="method">
                <div class="method-content">
                  <a name="testHeaderTxt">
                  </a> <!-- testHeaderTxt -->
                  <span class="method-name">testHeaderTxt</span>
                </div> <!-- method-content -->
              </div> <!-- method -->
              <div class="method">
                <div class="method-content">
                  <a name="testImpressiveBtn">
                  </a> <!-- testImpressiveBtn -->
                  <span class="method-name">testImpressiveBtn</span>
                </div> <!-- method-content -->
              </div> <!-- method -->
              <div class="method">
                <div class="method-content">
                  <a name="testYesBtn">
                  </a> <!-- testYesBtn -->
                  <span class="method-name">testYesBtn</span>
                </div> <!-- method-content -->
              </div> <!-- method -->
            </div> <!-- main-panel-content rounded-window-bottom -->
          </div> <!-- suite-Suite-class-passed -->
          <div class="suite-Suite-class-passed">
            <div class="main-panel-header rounded-window-top">
              <img src="passed.png"/>
              <span class="class-name">com.demoQA.tests.Frame_Test</span>
            </div> <!-- main-panel-header rounded-window-top -->
            <div class="main-panel-content rounded-window-bottom">
              <div class="method">
                <div class="method-content">
                  <a name="testFrame">
                  </a> <!-- testFrame -->
                  <span class="method-name">testFrame</span>
                </div> <!-- method-content -->
              </div> <!-- method -->
              <div class="method">
                <div class="method-content">
                  <a name="verifyTitle">
                  </a> <!-- verifyTitle -->
                  <span class="method-name">verifyTitle</span>
                </div> <!-- method-content -->
              </div> <!-- method -->
            </div> <!-- main-panel-content rounded-window-bottom -->
          </div> <!-- suite-Suite-class-passed -->
          <div class="suite-Suite-class-passed">
            <div class="main-panel-header rounded-window-top">
              <img src="passed.png"/>
              <span class="class-name">com.demoQA.tests.HomePage_Test</span>
            </div> <!-- main-panel-header rounded-window-top -->
            <div class="main-panel-content rounded-window-bottom">
              <div class="method">
                <div class="method-content">
                  <a name="testElement">
                  </a> <!-- testElement -->
                  <span class="method-name">testElement</span>
                </div> <!-- method-content -->
              </div> <!-- method -->
            </div> <!-- main-panel-content rounded-window-bottom -->
          </div> <!-- suite-Suite-class-passed -->
          <div class="suite-Suite-class-passed">
            <div class="main-panel-header rounded-window-top">
              <img src="passed.png"/>
              <span class="class-name">com.demoQA.tests.ProgressBar_Test</span>
            </div> <!-- main-panel-header rounded-window-top -->
            <div class="main-panel-content rounded-window-bottom">
              <div class="method">
                <div class="method-content">
                  <a name="verifyProgressBar">
                  </a> <!-- verifyProgressBar -->
                  <span class="method-name">verifyProgressBar</span>
                </div> <!-- method-content -->
              </div> <!-- method -->
              <div class="method">
                <div class="method-content">
                  <a name="verifyTitle">
                  </a> <!-- verifyTitle -->
                  <span class="method-name">verifyTitle</span>
                </div> <!-- method-content -->
              </div> <!-- method -->
            </div> <!-- main-panel-content rounded-window-bottom -->
          </div> <!-- suite-Suite-class-passed -->
          <div class="suite-Suite-class-passed">
            <div class="main-panel-header rounded-window-top">
              <img src="passed.png"/>
              <span class="class-name">com.demoQA.tests.Browsers_Windows_Test</span>
            </div> <!-- main-panel-header rounded-window-top -->
            <div class="main-panel-content rounded-window-bottom">
              <div class="method">
                <div class="method-content">
                  <a name="verifyTitle">
                  </a> <!-- verifyTitle -->
                  <span class="method-name">verifyTitle</span>
                </div> <!-- method-content -->
              </div> <!-- method -->
            </div> <!-- main-panel-content rounded-window-bottom -->
          </div> <!-- suite-Suite-class-passed -->
          <div class="suite-Suite-class-passed">
            <div class="main-panel-header rounded-window-top">
              <img src="passed.png"/>
              <span class="class-name">com.demoQA.tests.NestedFrames_Test</span>
            </div> <!-- main-panel-header rounded-window-top -->
            <div class="main-panel-content rounded-window-bottom">
              <div class="method">
                <div class="method-content">
                  <a name="verifyNestedFrame">
                  </a> <!-- verifyNestedFrame -->
                  <span class="method-name">verifyNestedFrame</span>
                </div> <!-- method-content -->
              </div> <!-- method -->
              <div class="method">
                <div class="method-content">
                  <a name="verifyTitle">
                  </a> <!-- verifyTitle -->
                  <span class="method-name">verifyTitle</span>
                </div> <!-- method-content -->
              </div> <!-- method -->
            </div> <!-- main-panel-content rounded-window-bottom -->
          </div> <!-- suite-Suite-class-passed -->
          <div class="suite-Suite-class-passed">
            <div class="main-panel-header rounded-window-top">
              <img src="passed.png"/>
              <span class="class-name">com.demoQA.tests.ToolTip_Test</span>
            </div> <!-- main-panel-header rounded-window-top -->
            <div class="main-panel-content rounded-window-bottom">
              <div class="method">
                <div class="method-content">
                  <a name="verifyEnterText">
                  </a> <!-- verifyEnterText -->
                  <span class="method-name">verifyEnterText</span>
                </div> <!-- method-content -->
              </div> <!-- method -->
              <div class="method">
                <div class="method-content">
                  <a name="verifyHoverFieldText">
                  </a> <!-- verifyHoverFieldText -->
                  <span class="method-name">verifyHoverFieldText</span>
                </div> <!-- method-content -->
              </div> <!-- method -->
              <div class="method">
                <div class="method-content">
                  <a name="verifyHoverText">
                  </a> <!-- verifyHoverText -->
                  <span class="method-name">verifyHoverText</span>
                </div> <!-- method-content -->
              </div> <!-- method -->
              <div class="method">
                <div class="method-content">
                  <a name="verifyTitle">
                  </a> <!-- verifyTitle -->
                  <span class="method-name">verifyTitle</span>
                </div> <!-- method-content -->
              </div> <!-- method -->
            </div> <!-- main-panel-content rounded-window-bottom -->
          </div> <!-- suite-Suite-class-passed -->
          <div class="suite-Suite-class-passed">
            <div class="main-panel-header rounded-window-top">
              <img src="passed.png"/>
              <span class="class-name">com.demoQA.tests.Alert_Frame_Window_Page_Test</span>
            </div> <!-- main-panel-header rounded-window-top -->
            <div class="main-panel-content rounded-window-bottom">
              <div class="method">
                <div class="method-content">
                  <a name="testAlertTitle">
                  </a> <!-- testAlertTitle -->
                  <span class="method-name">testAlertTitle</span>
                </div> <!-- method-content -->
              </div> <!-- method -->
              <div class="method">
                <div class="method-content">
                  <a name="testFrameTitle">
                  </a> <!-- testFrameTitle -->
                  <span class="method-name">testFrameTitle</span>
                </div> <!-- method-content -->
              </div> <!-- method -->
              <div class="method">
                <div class="method-content">
                  <a name="testNestedIFrameTitle">
                  </a> <!-- testNestedIFrameTitle -->
                  <span class="method-name">testNestedIFrameTitle</span>
                </div> <!-- method-content -->
              </div> <!-- method -->
            </div> <!-- main-panel-content rounded-window-bottom -->
          </div> <!-- suite-Suite-class-passed -->
          <div class="suite-Suite-class-passed">
            <div class="main-panel-header rounded-window-top">
              <img src="passed.png"/>
              <span class="class-name">com.demoQA.tests.Alert_Test</span>
            </div> <!-- main-panel-header rounded-window-top -->
            <div class="main-panel-content rounded-window-bottom">
              <div class="method">
                <div class="method-content">
                  <a name="testAlert">
                  </a> <!-- testAlert -->
                  <span class="method-name">testAlert</span>
                </div> <!-- method-content -->
              </div> <!-- method -->
            </div> <!-- main-panel-content rounded-window-bottom -->
          </div> <!-- suite-Suite-class-passed -->
          <div class="suite-Suite-class-passed">
            <div class="main-panel-header rounded-window-top">
              <img src="passed.png"/>
              <span class="class-name">com.demoQA.tests.Element_Page_Test</span>
            </div> <!-- main-panel-header rounded-window-top -->
            <div class="main-panel-content rounded-window-bottom">
              <div class="method">
                <div class="method-content">
                  <a name="testCheckBox">
                  </a> <!-- testCheckBox -->
                  <span class="method-name">testCheckBox</span>
                </div> <!-- method-content -->
              </div> <!-- method -->
              <div class="method">
                <div class="method-content">
                  <a name="testRadioButtons">
                  </a> <!-- testRadioButtons -->
                  <span class="method-name">testRadioButtons</span>
                </div> <!-- method-content -->
              </div> <!-- method -->
              <div class="method">
                <div class="method-content">
                  <a name="testTextBox">
                  </a> <!-- testTextBox -->
                  <span class="method-name">testTextBox</span>
                </div> <!-- method-content -->
              </div> <!-- method -->
            </div> <!-- main-panel-content rounded-window-bottom -->
          </div> <!-- suite-Suite-class-passed -->
          <div class="suite-Suite-class-passed">
            <div class="main-panel-header rounded-window-top">
              <img src="passed.png"/>
              <span class="class-name">com.demoQA.tests.Test_Interactions</span>
            </div> <!-- main-panel-header rounded-window-top -->
            <div class="main-panel-content rounded-window-bottom">
              <div class="method">
                <div class="method-content">
                  <a name="verifyDroppableTitle">
                  </a> <!-- verifyDroppableTitle -->
                  <span class="method-name">verifyDroppableTitle</span>
                </div> <!-- method-content -->
              </div> <!-- method -->
            </div> <!-- main-panel-content rounded-window-bottom -->
          </div> <!-- suite-Suite-class-passed -->
          <div class="suite-Suite-class-passed">
            <div class="main-panel-header rounded-window-top">
              <img src="passed.png"/>
              <span class="class-name">com.demoQA.tests.Droppable_Test</span>
            </div> <!-- main-panel-header rounded-window-top -->
            <div class="main-panel-content rounded-window-bottom">
              <div class="method">
                <div class="method-content">
                  <a name="verifyAccepatbleDragDrop">
                  </a> <!-- verifyAccepatbleDragDrop -->
                  <span class="method-name">verifyAccepatbleDragDrop</span>
                </div> <!-- method-content -->
              </div> <!-- method -->
              <div class="method">
                <div class="method-content">
                  <a name="verifyDragDrop">
                  </a> <!-- verifyDragDrop -->
                  <span class="method-name">verifyDragDrop</span>
                </div> <!-- method-content -->
              </div> <!-- method -->
              <div class="method">
                <div class="method-content">
                  <a name="verifyNotAccepatbleDragDrop">
                  </a> <!-- verifyNotAccepatbleDragDrop -->
                  <span class="method-name">verifyNotAccepatbleDragDrop</span>
                </div> <!-- method-content -->
              </div> <!-- method -->
              <div class="method">
                <div class="method-content">
                  <a name="verifyTitle">
                  </a> <!-- verifyTitle -->
                  <span class="method-name">verifyTitle</span>
                </div> <!-- method-content -->
              </div> <!-- method -->
            </div> <!-- main-panel-content rounded-window-bottom -->
          </div> <!-- suite-Suite-class-passed -->
          <div class="suite-Suite-class-passed">
            <div class="main-panel-header rounded-window-top">
              <img src="passed.png"/>
              <span class="class-name">com.demoQA.tests.Datepicker_Test</span>
            </div> <!-- main-panel-header rounded-window-top -->
            <div class="main-panel-content rounded-window-bottom">
              <div class="method">
                <div class="method-content">
                  <a name="verifyDateAndTime">
                  </a> <!-- verifyDateAndTime -->
                  <span class="method-name">verifyDateAndTime</span>
                </div> <!-- method-content -->
              </div> <!-- method -->
              <div class="method">
                <div class="method-content">
                  <a name="verifyTitle">
                  </a> <!-- verifyTitle -->
                  <span class="method-name">verifyTitle</span>
                </div> <!-- method-content -->
              </div> <!-- method -->
            </div> <!-- main-panel-content rounded-window-bottom -->
          </div> <!-- suite-Suite-class-passed -->
        </div> <!-- panel Suite -->
        <div panel-name="test-xml-Suite" class="panel">
          <div class="main-panel-header rounded-window-top">
            <span class="header-content">C:\Users\bhalerao\Desktop\TDIT CORE jJava\Demo_QA_Framework\src\test\java\com\demoQA\testrunner\testng.xml</span>
=======
                  <a name="testPromptAlert">
                  </a> <!-- testPromptAlert -->
                  <span class="method-name">testPromptAlert</span>
                </div> <!-- method-content -->
              </div> <!-- method -->
            </div> <!-- main-panel-content rounded-window-bottom -->
          </div> <!-- suite-Default_suite-class-passed -->
        </div> <!-- panel Default_suite -->
        <div panel-name="test-xml-Default_suite" class="panel">
          <div class="main-panel-header rounded-window-top">
            <span class="header-content">C:\Users\bhalerao\AppData\Local\Temp\testng-eclipse-307267810\testng-customsuite.xml</span>
>>>>>>> 6364e11fe48bb0a3f1a8a329bea4d2c995220102
          </div> <!-- main-panel-header rounded-window-top -->
          <div class="main-panel-content rounded-window-bottom">
            <pre>
&lt;?xml version=&quot;1.0&quot; encoding=&quot;UTF-8&quot;?&gt;
&lt;!DOCTYPE suite SYSTEM &quot;https://testng.org/testng-1.0.dtd&quot;&gt;
&lt;suite guice-stage=&quot;DEVELOPMENT&quot; name=&quot;Suite&quot;&gt;
  &lt;listeners&gt;
    &lt;listener class-name=&quot;com.demoQA.listeners.ExtentReportListener&quot;/&gt;
    &lt;listener class-name=&quot;com.demoQA.listeners.Listeners&quot;/&gt;
  &lt;/listeners&gt;
  &lt;test thread-count=&quot;5&quot; name=&quot;Test1&quot;&gt;
    &lt;classes&gt;
<<<<<<< HEAD
      &lt;class name=&quot;com.demoQA.tests.Element_Page_Test&quot;/&gt;
=======
      &lt;class name=&quot;com.demoQA.tests.Alert_Test&quot;&gt;
        &lt;methods&gt;
          &lt;include name=&quot;testPromptAlert&quot;/&gt;
        &lt;/methods&gt;
      &lt;/class&gt; &lt;!-- com.demoQA.tests.Alert_Test --&gt;
>>>>>>> 6364e11fe48bb0a3f1a8a329bea4d2c995220102
    &lt;/classes&gt;
  &lt;/test&gt; &lt;!-- Test1 --&gt;
  &lt;test thread-count=&quot;5&quot; name=&quot;Test2&quot;&gt;
    &lt;classes&gt;
      &lt;class name=&quot;com.demoQA.tests.TextBox_Test&quot;/&gt;
    &lt;/classes&gt;
  &lt;/test&gt; &lt;!-- Test2 --&gt;
  &lt;test thread-count=&quot;5&quot; name=&quot;Test3&quot;&gt;
    &lt;classes&gt;
      &lt;class name=&quot;com.demoQA.tests.RadioButtons_Test&quot;/&gt;
    &lt;/classes&gt;
  &lt;/test&gt; &lt;!-- Test3 --&gt;
  &lt;test thread-count=&quot;5&quot; name=&quot;Test4&quot;&gt;
    &lt;classes&gt;
      &lt;class name=&quot;com.demoQA.tests.Test_Interactions&quot;/&gt;
    &lt;/classes&gt;
  &lt;/test&gt; &lt;!-- Test4 --&gt;
  &lt;test thread-count=&quot;5&quot; name=&quot;Test5&quot;&gt;
    &lt;classes&gt;
      &lt;class name=&quot;com.demoQA.tests.Widgets_Test&quot;/&gt;
    &lt;/classes&gt;
  &lt;/test&gt; &lt;!-- Test5 --&gt;
  &lt;test thread-count=&quot;5&quot; name=&quot;Test6&quot;&gt;
    &lt;classes&gt;
      &lt;class name=&quot;com.demoQA.tests.Alert_Test&quot;/&gt;
    &lt;/classes&gt;
  &lt;/test&gt; &lt;!-- Test6 --&gt;
  &lt;test thread-count=&quot;5&quot; name=&quot;Test7&quot;&gt;
    &lt;classes&gt;
      &lt;class name=&quot;com.demoQA.tests.Frame_Test&quot;/&gt;
    &lt;/classes&gt;
  &lt;/test&gt; &lt;!-- Test7 --&gt;
  &lt;test thread-count=&quot;5&quot; name=&quot;Test8&quot;&gt;
    &lt;classes&gt;
      &lt;class name=&quot;com.demoQA.tests.HomePage_Test&quot;/&gt;
    &lt;/classes&gt;
  &lt;/test&gt; &lt;!-- Test8 --&gt;
  &lt;test thread-count=&quot;5&quot; name=&quot;Test9&quot;&gt;
    &lt;classes&gt;
      &lt;class name=&quot;com.demoQA.tests.ToolTip_Test&quot;/&gt;
    &lt;/classes&gt;
  &lt;/test&gt; &lt;!-- Test9 --&gt;
  &lt;test thread-count=&quot;5&quot; name=&quot;Test10&quot;&gt;
    &lt;classes&gt;
      &lt;class name=&quot;com.demoQA.tests.NestedFrames_Test&quot;/&gt;
    &lt;/classes&gt;
  &lt;/test&gt; &lt;!-- Test10 --&gt;
  &lt;test thread-count=&quot;5&quot; name=&quot;Test11&quot;&gt;
    &lt;classes&gt;
      &lt;class name=&quot;com.demoQA.tests.Alert_Frame_Window_Page_Test&quot;/&gt;
    &lt;/classes&gt;
  &lt;/test&gt; &lt;!-- Test11 --&gt;
  &lt;test thread-count=&quot;5&quot; name=&quot;Test12&quot;&gt;
    &lt;classes&gt;
      &lt;class name=&quot;com.demoQA.tests.Browsers_Windows_Test&quot;/&gt;
    &lt;/classes&gt;
  &lt;/test&gt; &lt;!-- Test12 --&gt;
  &lt;test thread-count=&quot;5&quot; name=&quot;Test13&quot;&gt;
    &lt;classes&gt;
      &lt;class name=&quot;com.demoQA.tests.CheckBox_Test&quot;/&gt;
    &lt;/classes&gt;
  &lt;/test&gt; &lt;!-- Test13 --&gt;
  &lt;test thread-count=&quot;5&quot; name=&quot;Test14&quot;&gt;
    &lt;classes&gt;
      &lt;class name=&quot;com.demoQA.tests.Datepicker_Test&quot;/&gt;
    &lt;/classes&gt;
  &lt;/test&gt; &lt;!-- Test14 --&gt;
  &lt;test thread-count=&quot;5&quot; name=&quot;Test15&quot;&gt;
    &lt;classes&gt;
      &lt;class name=&quot;com.demoQA.tests.Droppable_Test&quot;/&gt;
    &lt;/classes&gt;
  &lt;/test&gt; &lt;!-- Test15 --&gt;
  &lt;test thread-count=&quot;5&quot; name=&quot;Test16&quot;&gt;
    &lt;classes&gt;
      &lt;class name=&quot;com.demoQA.tests.ProgressBar_Test&quot;/&gt;
    &lt;/classes&gt;
  &lt;/test&gt; &lt;!-- Test16 --&gt;
&lt;/suite&gt; &lt;!-- Suite --&gt;
            </pre>
          </div> <!-- main-panel-content rounded-window-bottom -->
        </div> <!-- panel -->
        <div panel-name="testlist-Suite" class="panel">
          <div class="main-panel-header rounded-window-top">
            <span class="header-content">Tests for Suite</span>
          </div> <!-- main-panel-header rounded-window-top -->
          <div class="main-panel-content rounded-window-bottom">
            <ul>
              <li>
                <span class="test-name">Test1 (1 class)</span>
              </li>
              <li>
                <span class="test-name">Test2 (1 class)</span>
              </li>
              <li>
                <span class="test-name">Test3 (1 class)</span>
              </li>
              <li>
                <span class="test-name">Test4 (1 class)</span>
              </li>
              <li>
                <span class="test-name">Test5 (1 class)</span>
              </li>
              <li>
                <span class="test-name">Test6 (1 class)</span>
              </li>
              <li>
                <span class="test-name">Test7 (1 class)</span>
              </li>
              <li>
                <span class="test-name">Test8 (1 class)</span>
              </li>
              <li>
                <span class="test-name">Test9 (1 class)</span>
              </li>
              <li>
                <span class="test-name">Test10 (1 class)</span>
              </li>
              <li>
                <span class="test-name">Test11 (1 class)</span>
              </li>
              <li>
                <span class="test-name">Test12 (1 class)</span>
              </li>
              <li>
                <span class="test-name">Test13 (1 class)</span>
              </li>
              <li>
                <span class="test-name">Test14 (1 class)</span>
              </li>
              <li>
                <span class="test-name">Test15 (1 class)</span>
              </li>
              <li>
                <span class="test-name">Test16 (1 class)</span>
              </li>
            </ul>
          </div> <!-- main-panel-content rounded-window-bottom -->
        </div> <!-- panel -->
        <div panel-name="group-Suite" class="panel">
          <div class="main-panel-header rounded-window-top">
            <span class="header-content">Groups for Suite</span>
          </div> <!-- main-panel-header rounded-window-top -->
          <div class="main-panel-content rounded-window-bottom">
          </div> <!-- main-panel-content rounded-window-bottom -->
        </div> <!-- panel -->
        <div panel-name="times-Suite" class="panel">
          <div class="main-panel-header rounded-window-top">
            <span class="header-content">Times for Suite</span>
          </div> <!-- main-panel-header rounded-window-top -->
          <div class="main-panel-content rounded-window-bottom">
            <div class="times-div">
              <script type="text/javascript">
suiteTableInitFunctions.push('tableData_Suite');
function tableData_Suite() {
var data = new google.visualization.DataTable();
data.addColumn('number', 'Number');
data.addColumn('string', 'Method');
data.addColumn('string', 'Class');
data.addColumn('number', 'Time (ms)');
<<<<<<< HEAD
data.addRows(49);
data.setCell(0, 0, 0)
data.setCell(0, 1, 'testConfirmAlert')
data.setCell(0, 2, 'com.demoQA.tests.Alert_Test')
data.setCell(0, 3, 100886);
data.setCell(1, 0, 1)
data.setCell(1, 1, 'verifyNewWindow')
data.setCell(1, 2, 'com.demoQA.tests.Browsers_Windows_Test')
data.setCell(1, 3, 33133);
data.setCell(2, 0, 2)
data.setCell(2, 1, 'verifyTitle')
data.setCell(2, 2, 'com.demoQA.tests.Test_Interactions')
data.setCell(2, 3, 10569);
data.setCell(3, 0, 3)
data.setCell(3, 1, 'verifyProgressBar')
data.setCell(3, 2, 'com.demoQA.tests.ProgressBar_Test')
data.setCell(3, 3, 7129);
data.setCell(4, 0, 4)
data.setCell(4, 1, 'testHomeCheckBox')
data.setCell(4, 2, 'com.demoQA.tests.CheckBox_Test')
data.setCell(4, 3, 5145);
data.setCell(5, 0, 5)
data.setCell(5, 1, 'verifyDragDrop')
data.setCell(5, 2, 'com.demoQA.tests.Droppable_Test')
data.setCell(5, 3, 3834);
data.setCell(6, 0, 6)
data.setCell(6, 1, 'verifyDateAndTime')
data.setCell(6, 2, 'com.demoQA.tests.Datepicker_Test')
data.setCell(6, 3, 1846);
data.setCell(7, 0, 7)
data.setCell(7, 1, 'verifyDateByPrevNextBtn')
data.setCell(7, 2, 'com.demoQA.tests.Datepicker_Test')
data.setCell(7, 3, 1135);
data.setCell(8, 0, 8)
data.setCell(8, 1, 'testCurrentAdd')
data.setCell(8, 2, 'com.demoQA.tests.TextBox_Test')
data.setCell(8, 3, 1104);
data.setCell(9, 0, 9)
data.setCell(9, 1, 'verifyDateByPrevNextBtn')
data.setCell(9, 2, 'com.demoQA.tests.Datepicker_Test')
data.setCell(9, 3, 1083);
data.setCell(10, 0, 10)
data.setCell(10, 1, 'verifyDateByPrevNextBtn')
data.setCell(10, 2, 'com.demoQA.tests.Datepicker_Test')
data.setCell(10, 3, 654);
data.setCell(11, 0, 11)
data.setCell(11, 1, 'verifyHoverFieldText')
data.setCell(11, 2, 'com.demoQA.tests.ToolTip_Test')
data.setCell(11, 3, 391);
data.setCell(12, 0, 12)
data.setCell(12, 1, 'verifyAccepatbleDragDrop')
data.setCell(12, 2, 'com.demoQA.tests.Droppable_Test')
data.setCell(12, 3, 377);
data.setCell(13, 0, 13)
data.setCell(13, 1, 'testAlert')
data.setCell(13, 2, 'com.demoQA.tests.Alert_Test')
data.setCell(13, 3, 367);
data.setCell(14, 0, 14)
data.setCell(14, 1, 'verifyNestedFrame')
data.setCell(14, 2, 'com.demoQA.tests.NestedFrames_Test')
data.setCell(14, 3, 347);
data.setCell(15, 0, 15)
data.setCell(15, 1, 'verifyNotAccepatbleDragDrop')
data.setCell(15, 2, 'com.demoQA.tests.Droppable_Test')
data.setCell(15, 3, 336);
data.setCell(16, 0, 16)
data.setCell(16, 1, 'verifyHoverText')
data.setCell(16, 2, 'com.demoQA.tests.ToolTip_Test')
data.setCell(16, 3, 329);
data.setCell(17, 0, 17)
data.setCell(17, 1, 'testFrame')
data.setCell(17, 2, 'com.demoQA.tests.Frame_Test')
data.setCell(17, 3, 221);
data.setCell(18, 0, 18)
data.setCell(18, 1, 'verifyDroppableTitle')
data.setCell(18, 2, 'com.demoQA.tests.Test_Interactions')
data.setCell(18, 3, 210);
data.setCell(19, 0, 19)
data.setCell(19, 1, 'verifyNewTab')
data.setCell(19, 2, 'com.demoQA.tests.Browsers_Windows_Test')
data.setCell(19, 3, 180);
data.setCell(20, 0, 20)
data.setCell(20, 1, 'verifyEnterText')
data.setCell(20, 2, 'com.demoQA.tests.ToolTip_Test')
data.setCell(20, 3, 173);
data.setCell(21, 0, 21)
data.setCell(21, 1, 'testCheckBox')
data.setCell(21, 2, 'com.demoQA.tests.Element_Page_Test')
data.setCell(21, 3, 142);
data.setCell(22, 0, 22)
data.setCell(22, 1, 'testElement')
data.setCell(22, 2, 'com.demoQA.tests.HomePage_Test')
data.setCell(22, 3, 128);
data.setCell(23, 0, 23)
data.setCell(23, 1, 'testImpressiveBtn')
data.setCell(23, 2, 'com.demoQA.tests.RadioButtons_Test')
data.setCell(23, 3, 122);
data.setCell(24, 0, 24)
data.setCell(24, 1, 'getTitleOFDatepicker')
data.setCell(24, 2, 'com.demoQA.tests.Widgets_Test')
data.setCell(24, 3, 100);
data.setCell(25, 0, 25)
data.setCell(25, 1, 'testAlertTitle')
data.setCell(25, 2, 'com.demoQA.tests.Alert_Frame_Window_Page_Test')
data.setCell(25, 3, 99);
data.setCell(26, 0, 26)
data.setCell(26, 1, 'testYesBtn')
data.setCell(26, 2, 'com.demoQA.tests.RadioButtons_Test')
data.setCell(26, 3, 98);
data.setCell(27, 0, 27)
data.setCell(27, 1, 'testTextBox')
data.setCell(27, 2, 'com.demoQA.tests.Element_Page_Test')
data.setCell(27, 3, 97);
data.setCell(28, 0, 28)
data.setCell(28, 1, 'testRadioButtons')
data.setCell(28, 2, 'com.demoQA.tests.Element_Page_Test')
data.setCell(28, 3, 92);
data.setCell(29, 0, 29)
data.setCell(29, 1, 'testFrameTitle')
data.setCell(29, 2, 'com.demoQA.tests.Alert_Frame_Window_Page_Test')
data.setCell(29, 3, 91);
data.setCell(30, 0, 30)
data.setCell(30, 1, 'testNestedIFrameTitle')
data.setCell(30, 2, 'com.demoQA.tests.Alert_Frame_Window_Page_Test')
data.setCell(30, 3, 89);
data.setCell(31, 0, 31)
data.setCell(31, 1, 'getTitleOFProgressBar')
data.setCell(31, 2, 'com.demoQA.tests.Widgets_Test')
data.setCell(31, 3, 88);
data.setCell(32, 0, 32)
data.setCell(32, 1, 'verifyTitle')
data.setCell(32, 2, 'com.demoQA.tests.Droppable_Test')
data.setCell(32, 3, 55);
data.setCell(33, 0, 33)
data.setCell(33, 1, 'testEmail')
data.setCell(33, 2, 'com.demoQA.tests.TextBox_Test')
data.setCell(33, 3, 53);
data.setCell(34, 0, 34)
data.setCell(34, 1, 'testFullName')
data.setCell(34, 2, 'com.demoQA.tests.TextBox_Test')
data.setCell(34, 3, 48);
data.setCell(35, 0, 35)
data.setCell(35, 1, 'verifyTitle')
data.setCell(35, 2, 'com.demoQA.tests.ProgressBar_Test')
data.setCell(35, 3, 35);
data.setCell(36, 0, 36)
data.setCell(36, 1, 'testHeaderTxt')
data.setCell(36, 2, 'com.demoQA.tests.RadioButtons_Test')
data.setCell(36, 3, 34);
data.setCell(37, 0, 37)
data.setCell(37, 1, 'verifyTitle')
data.setCell(37, 2, 'com.demoQA.tests.Frame_Test')
data.setCell(37, 3, 34);
data.setCell(38, 0, 38)
data.setCell(38, 1, 'verifyTitle')
data.setCell(38, 2, 'com.demoQA.tests.Datepicker_Test')
data.setCell(38, 3, 34);
data.setCell(39, 0, 39)
data.setCell(39, 1, 'getTitle')
data.setCell(39, 2, 'com.demoQA.tests.Widgets_Test')
data.setCell(39, 3, 33);
data.setCell(40, 0, 40)
data.setCell(40, 1, 'testHeaderTxt')
data.setCell(40, 2, 'com.demoQA.tests.CheckBox_Test')
data.setCell(40, 3, 33);
data.setCell(41, 0, 41)
data.setCell(41, 1, 'testHomeTxt')
data.setCell(41, 2, 'com.demoQA.tests.CheckBox_Test')
data.setCell(41, 3, 33);
data.setCell(42, 0, 42)
data.setCell(42, 1, 'verifyDate')
data.setCell(42, 2, 'com.demoQA.tests.Datepicker_Test')
data.setCell(42, 3, 31);
data.setCell(43, 0, 43)
data.setCell(43, 1, 'verifyTitle')
data.setCell(43, 2, 'com.demoQA.tests.Browsers_Windows_Test')
data.setCell(43, 3, 30);
data.setCell(44, 0, 44)
data.setCell(44, 1, 'verifyTitle')
data.setCell(44, 2, 'com.demoQA.tests.ToolTip_Test')
data.setCell(44, 3, 29);
data.setCell(45, 0, 45)
data.setCell(45, 1, 'verifyTitle')
data.setCell(45, 2, 'com.demoQA.tests.NestedFrames_Test')
data.setCell(45, 3, 29);
data.setCell(46, 0, 46)
data.setCell(46, 1, 'testTimerAlert')
data.setCell(46, 2, 'com.demoQA.tests.Alert_Test')
data.setCell(46, 3, 18);
data.setCell(47, 0, 47)
data.setCell(47, 1, 'testPromptAlert')
data.setCell(47, 2, 'com.demoQA.tests.Alert_Test')
data.setCell(47, 3, 14);
data.setCell(48, 0, 48)
data.setCell(48, 1, 'testTitle')
data.setCell(48, 2, 'com.demoQA.tests.Alert_Test')
data.setCell(48, 3, 9);
window.suiteTableData['Suite']= { tableData: data, tableDiv: 'times-div-Suite'}
return data;
}
              </script>
              <span class="suite-total-time">Total running time: 2 minutes</span>
              <div id="times-div-Suite">
              </div> <!-- times-div-Suite -->
=======
data.addRows(1);
data.setCell(0, 0, 0)
data.setCell(0, 1, 'testPromptAlert')
data.setCell(0, 2, 'com.demoQA.tests.Alert_Test')
data.setCell(0, 3, 520);
window.suiteTableData['Default_suite']= { tableData: data, tableDiv: 'times-div-Default_suite'}
return data;
}
              </script>
              <span class="suite-total-time">Total running time: 520 ms</span>
              <div id="times-div-Default_suite">
              </div> <!-- times-div-Default_suite -->
>>>>>>> 6364e11fe48bb0a3f1a8a329bea4d2c995220102
            </div> <!-- times-div -->
          </div> <!-- main-panel-content rounded-window-bottom -->
        </div> <!-- panel -->
        <div panel-name="reporter-Suite" class="panel">
          <div class="main-panel-header rounded-window-top">
            <span class="header-content">Reporter output for Suite</span>
          </div> <!-- main-panel-header rounded-window-top -->
          <div class="main-panel-content rounded-window-bottom">
          </div> <!-- main-panel-content rounded-window-bottom -->
        </div> <!-- panel -->
        <div panel-name="ignored-methods-Suite" class="panel">
          <div class="main-panel-header rounded-window-top">
<<<<<<< HEAD
            <span class="header-content">0 ignored methods</span>
          </div> <!-- main-panel-header rounded-window-top -->
          <div class="main-panel-content rounded-window-bottom">
=======
            <span class="header-content">6 ignored methods</span>
          </div> <!-- main-panel-header rounded-window-top -->
          <div class="main-panel-content rounded-window-bottom">
            <div class="ignored-class-div">
              <span class="ignored-class-name">com.demoQA.tests.Alert_Test</span>
              <div class="ignored-methods-div">
                <span class="ignored-method-name">testTitle</span>
                <br/>
                <span class="ignored-method-name">testConfirmAlertSuccesfullMsg</span>
                <br/>
                <span class="ignored-method-name">testConfirmAlertPopupMsg</span>
                <br/>
                <span class="ignored-method-name">testPromptAlertPopupMsg</span>
                <br/>
                <span class="ignored-method-name">testTimerAlert</span>
                <br/>
                <span class="ignored-method-name">testAlert</span>
                <br/>
              </div> <!-- ignored-methods-div -->
            </div> <!-- ignored-class-div -->
>>>>>>> 6364e11fe48bb0a3f1a8a329bea4d2c995220102
          </div> <!-- main-panel-content rounded-window-bottom -->
        </div> <!-- panel -->
        <div panel-name="chronological-Suite" class="panel">
          <div class="main-panel-header rounded-window-top">
            <span class="header-content">Methods in chronological order</span>
          </div> <!-- main-panel-header rounded-window-top -->
          <div class="main-panel-content rounded-window-bottom">
            <div class="chronological-class">
<<<<<<< HEAD
              <div class="chronological-class-name">com.demoQA.tests.Element_Page_Test</div> <!-- chronological-class-name -->
=======
              <div class="chronological-class-name">com.demoQA.tests.Alert_Test</div> <!-- chronological-class-name -->
>>>>>>> 6364e11fe48bb0a3f1a8a329bea4d2c995220102
              <div class="configuration-test before">
                <span class="method-name">beforetest</span>
                <span class="method-start">0 ms</span>
              </div> <!-- configuration-test before -->
              <div class="configuration-class before">
<<<<<<< HEAD
                <span class="method-name">before</span>
                <span class="method-start">20931 ms</span>
              </div> <!-- configuration-class before -->
              <div class="test-method">
                <span class="method-name">testCheckBox</span>
                <span class="method-start">21075 ms</span>
              </div> <!-- test-method -->
              <div class="configuration-method after">
                <span class="method-name">afterMethod([TestResult name=testCheckBox status=SUCCESS method=Element_Page_Test.testCheckBox()[pri:0, instance...)</span>
                <span class="method-start">21229 ms</span>
              </div> <!-- configuration-method after -->
              <div class="test-method">
                <span class="method-name">testRadioButtons</span>
                <span class="method-start">21233 ms</span>
              </div> <!-- test-method -->
              <div class="configuration-method after">
                <span class="method-name">afterMethod([TestResult name=testRadioButtons status=SUCCESS method=Element_Page_Test.testRadioButtons()[pri:0, ...)</span>
                <span class="method-start">21335 ms</span>
              </div> <!-- configuration-method after -->
              <div class="test-method">
                <span class="method-name">testTextBox</span>
                <span class="method-start">21335 ms</span>
              </div> <!-- test-method -->
              <div class="configuration-method after">
                <span class="method-name">afterMethod([TestResult name=testTextBox status=SUCCESS method=Element_Page_Test.testTextBox()[pri:0, instance:c...)</span>
                <span class="method-start">21437 ms</span>
              </div> <!-- configuration-method after -->
              <div class="configuration-test after">
                <span class="method-name">after</span>
                <span class="method-start">21439 ms</span>
              </div> <!-- configuration-test after -->
            </div> <!-- chronological-class -->
            <div class="chronological-class">
              <div class="chronological-class-name">com.demoQA.tests.TextBox_Test</div> <!-- chronological-class-name -->
              <div class="configuration-test before">
                <span class="method-name">beforetest</span>
                <span class="method-start">22632 ms</span>
              </div> <!-- configuration-test before -->
              <div class="configuration-class before">
                <span class="method-name">before</span>
                <span class="method-start">33677 ms</span>
              </div> <!-- configuration-class before -->
              <div class="configuration-test after">
                <span class="method-name">after</span>
                <span class="method-start">35059 ms</span>
              </div> <!-- configuration-test after -->
            </div> <!-- chronological-class -->
            <div class="chronological-class">
              <div class="chronological-class-name">com.demoQA.tests.RadioButtons_Test</div> <!-- chronological-class-name -->
              <div class="configuration-test before">
                <span class="method-name">beforetest</span>
                <span class="method-start">37079 ms</span>
              </div> <!-- configuration-test before -->
              <div class="configuration-class before">
                <span class="method-name">before</span>
                <span class="method-start">44342 ms</span>
              </div> <!-- configuration-class before -->
              <div class="test-method">
                <span class="method-name">testHeaderTxt</span>
                <span class="method-start">44511 ms</span>
              </div> <!-- test-method -->
              <div class="configuration-method after">
                <span class="method-name">afterMethod([TestResult name=testHeaderTxt status=SUCCESS method=RadioButtons_Test.testHeaderTxt()[pri:0, instan...)</span>
                <span class="method-start">44546 ms</span>
              </div> <!-- configuration-method after -->
              <div class="test-method">
                <span class="method-name">testImpressiveBtn</span>
                <span class="method-start">44546 ms</span>
              </div> <!-- test-method -->
              <div class="configuration-method after">
                <span class="method-name">afterMethod([TestResult name=testImpressiveBtn status=SUCCESS method=RadioButtons_Test.testImpressiveBtn()[pri:0...)</span>
                <span class="method-start">44670 ms</span>
              </div> <!-- configuration-method after -->
              <div class="test-method">
                <span class="method-name">testYesBtn</span>
                <span class="method-start">44671 ms</span>
              </div> <!-- test-method -->
              <div class="configuration-method after">
                <span class="method-name">afterMethod([TestResult name=testYesBtn status=SUCCESS method=RadioButtons_Test.testYesBtn()[pri:0, instance:com...)</span>
                <span class="method-start">44770 ms</span>
              </div> <!-- configuration-method after -->
              <div class="configuration-test after">
                <span class="method-name">after</span>
                <span class="method-start">44770 ms</span>
              </div> <!-- configuration-test after -->
            </div> <!-- chronological-class -->
            <div class="chronological-class">
              <div class="chronological-class-name">com.demoQA.tests.Test_Interactions</div> <!-- chronological-class-name -->
              <div class="configuration-test before">
                <span class="method-name">beforetest</span>
                <span class="method-start">45541 ms</span>
              </div> <!-- configuration-test before -->
              <div class="configuration-class before">
                <span class="method-name">beforeclass</span>
                <span class="method-start">58479 ms</span>
              </div> <!-- configuration-class before -->
              <div class="test-method">
                <span class="method-name">verifyDroppableTitle</span>
                <span class="method-start">58570 ms</span>
              </div> <!-- test-method -->
              <div class="configuration-method after">
                <span class="method-name">afterMethod([TestResult name=verifyDroppableTitle status=SUCCESS method=Test_Interactions.verifyDroppableTitle()...)</span>
                <span class="method-start">58785 ms</span>
              </div> <!-- configuration-method after -->
              <div class="test-method">
                <img src="failed.png">
                </img>
                <span class="method-name">verifyTitle</span>
                <span class="method-start">58786 ms</span>
              </div> <!-- test-method -->
              <div class="configuration-method after">
                <span class="method-name">afterMethod([TestResult name=verifyTitle status=FAILURE method=Test_Interactions.verifyTitle()[pri:0, instance:c...)</span>
                <span class="method-start">69369 ms</span>
              </div> <!-- configuration-method after -->
              <div class="configuration-test after">
                <span class="method-name">after</span>
                <span class="method-start">70699 ms</span>
              </div> <!-- configuration-test after -->
            </div> <!-- chronological-class -->
            <div class="chronological-class">
              <div class="chronological-class-name">com.demoQA.tests.Widgets_Test</div> <!-- chronological-class-name -->
              <div class="configuration-test before">
                <span class="method-name">beforetest</span>
                <span class="method-start">71615 ms</span>
              </div> <!-- configuration-test before -->
              <div class="configuration-class before">
                <span class="method-name">beforeclass</span>
                <span class="method-start">85111 ms</span>
              </div> <!-- configuration-class before -->
              <div class="test-method">
                <span class="method-name">getTitle</span>
                <span class="method-start">85220 ms</span>
              </div> <!-- test-method -->
              <div class="configuration-method after">
                <span class="method-name">afterMethod([TestResult name=getTitle status=SUCCESS method=Widgets_Test.getTitle()[pri:0, instance:com.demoQA.t...)</span>
                <span class="method-start">85255 ms</span>
              </div> <!-- configuration-method after -->
              <div class="test-method">
                <span class="method-name">getTitleOFDatepicker</span>
                <span class="method-start">85255 ms</span>
              </div> <!-- test-method -->
              <div class="configuration-method after">
                <span class="method-name">afterMethod([TestResult name=getTitleOFDatepicker status=SUCCESS method=Widgets_Test.getTitleOFDatepicker()[pri:...)</span>
                <span class="method-start">85358 ms</span>
              </div> <!-- configuration-method after -->
              <div class="test-method">
                <span class="method-name">getTitleOFProgressBar</span>
                <span class="method-start">85358 ms</span>
              </div> <!-- test-method -->
              <div class="configuration-method after">
                <span class="method-name">afterMethod([TestResult name=getTitleOFProgressBar status=SUCCESS method=Widgets_Test.getTitleOFProgressBar()[pr...)</span>
                <span class="method-start">85448 ms</span>
              </div> <!-- configuration-method after -->
              <div class="configuration-test after">
                <span class="method-name">after</span>
                <span class="method-start">85448 ms</span>
              </div> <!-- configuration-test after -->
            </div> <!-- chronological-class -->
            <div class="chronological-class">
              <div class="chronological-class-name">com.demoQA.tests.Alert_Test</div> <!-- chronological-class-name -->
              <div class="configuration-test before">
                <span class="method-name">beforetest</span>
                <span class="method-start">86180 ms</span>
              </div> <!-- configuration-test before -->
              <div class="configuration-class before">
                <span class="method-name">beforeClass</span>
                <span class="method-start">98957 ms</span>
              </div> <!-- configuration-class before -->
              <div class="test-method">
                <span class="method-name">testAlert</span>
                <span class="method-start">99299 ms</span>
              </div> <!-- test-method -->
              <div class="configuration-method after">
                <span class="method-name">afterMethod([TestResult name=testAlert status=SUCCESS method=Alert_Test.testAlert()[pri:0, instance:com.demoQA.t...)</span>
                <span class="method-start">99668 ms</span>
              </div> <!-- configuration-method after -->
              <div class="test-method">
                <img src="failed.png">
                </img>
                <span class="method-name">testConfirmAlert</span>
                <span class="method-start">99669 ms</span>
              </div> <!-- test-method -->
              <div class="configuration-method after">
                <span class="method-name">afterMethod([TestResult name=testConfirmAlert status=FAILURE method=Alert_Test.testConfirmAlert()[pri:0, instanc...)</span>
                <span class="method-start">200561 ms</span>
              </div> <!-- configuration-method after -->
              <div class="test-method">
                <img src="failed.png">
                </img>
                <span class="method-name">testPromptAlert</span>
                <span class="method-start">200663 ms</span>
              </div> <!-- test-method -->
              <div class="configuration-method after">
                <span class="method-name">afterMethod([TestResult name=testPromptAlert status=FAILURE method=Alert_Test.testPromptAlert()[pri:0, instance:...)</span>
                <span class="method-start">200683 ms</span>
              </div> <!-- configuration-method after -->
              <div class="test-method">
                <img src="failed.png">
                </img>
                <span class="method-name">testTimerAlert</span>
                <span class="method-start">200688 ms</span>
              </div> <!-- test-method -->
              <div class="configuration-method after">
                <span class="method-name">afterMethod([TestResult name=testTimerAlert status=FAILURE method=Alert_Test.testTimerAlert()[pri:0, instance:co...)</span>
                <span class="method-start">200711 ms</span>
              </div> <!-- configuration-method after -->
              <div class="test-method">
                <img src="failed.png">
                </img>
                <span class="method-name">testTitle</span>
                <span class="method-start">200713 ms</span>
              </div> <!-- test-method -->
              <div class="configuration-method after">
                <span class="method-name">afterMethod([TestResult name=testTitle status=FAILURE method=Alert_Test.testTitle()[pri:0, instance:com.demoQA.t...)</span>
                <span class="method-start">200725 ms</span>
              </div> <!-- configuration-method after -->
              <div class="configuration-test after">
                <span class="method-name">after</span>
                <span class="method-start">200728 ms</span>
              </div> <!-- configuration-test after -->
            </div> <!-- chronological-class -->
            <div class="chronological-class">
              <div class="chronological-class-name">com.demoQA.tests.Frame_Test</div> <!-- chronological-class-name -->
              <div class="configuration-test before">
                <span class="method-name">beforetest</span>
                <span class="method-start">201757 ms</span>
              </div> <!-- configuration-test before -->
              <div class="configuration-class before">
                <span class="method-name">beforeClass</span>
                <span class="method-start">213573 ms</span>
              </div> <!-- configuration-class before -->
              <div class="test-method">
                <span class="method-name">verifyTitle</span>
                <span class="method-start">213788 ms</span>
              </div> <!-- test-method -->
              <div class="configuration-method after">
                <span class="method-name">afterMethod([TestResult name=verifyTitle status=SUCCESS method=Frame_Test.verifyTitle()[pri:0, instance:com.demo...)</span>
                <span class="method-start">213823 ms</span>
              </div> <!-- configuration-method after -->
              <div class="test-method">
                <span class="method-name">testFrame</span>
                <span class="method-start">213823 ms</span>
              </div> <!-- test-method -->
              <div class="configuration-method after">
                <span class="method-name">afterMethod([TestResult name=testFrame status=SUCCESS method=Frame_Test.testFrame()[pri:1, instance:com.demoQA.t...)</span>
                <span class="method-start">214045 ms</span>
              </div> <!-- configuration-method after -->
              <div class="configuration-test after">
                <span class="method-name">after</span>
                <span class="method-start">214045 ms</span>
              </div> <!-- configuration-test after -->
            </div> <!-- chronological-class -->
            <div class="chronological-class">
              <div class="chronological-class-name">com.demoQA.tests.HomePage_Test</div> <!-- chronological-class-name -->
              <div class="configuration-test before">
                <span class="method-name">beforetest</span>
                <span class="method-start">214803 ms</span>
              </div> <!-- configuration-test before -->
              <div class="test-method">
                <span class="method-name">testElement</span>
                <span class="method-start">221730 ms</span>
              </div> <!-- test-method -->
              <div class="configuration-method after">
                <span class="method-name">afterMethod([TestResult name=testElement status=SUCCESS method=HomePage_Test.testElement()[pri:0, instance:com.d...)</span>
                <span class="method-start">221859 ms</span>
              </div> <!-- configuration-method after -->
              <div class="configuration-test after">
                <span class="method-name">after</span>
                <span class="method-start">221859 ms</span>
              </div> <!-- configuration-test after -->
            </div> <!-- chronological-class -->
            <div class="chronological-class">
              <div class="chronological-class-name">com.demoQA.tests.ToolTip_Test</div> <!-- chronological-class-name -->
              <div class="configuration-test before">
                <span class="method-name">beforetest</span>
                <span class="method-start">222591 ms</span>
              </div> <!-- configuration-test before -->
              <div class="configuration-class before">
                <span class="method-name">beforeclass</span>
                <span class="method-start">230228 ms</span>
              </div> <!-- configuration-class before -->
              <div class="test-method">
                <span class="method-name">verifyEnterText</span>
                <span class="method-start">230399 ms</span>
              </div> <!-- test-method -->
              <div class="configuration-method after">
                <span class="method-name">afterMethod([TestResult name=verifyEnterText status=SUCCESS method=ToolTip_Test.verifyEnterText()[pri:0, instanc...)</span>
                <span class="method-start">230573 ms</span>
              </div> <!-- configuration-method after -->
              <div class="test-method">
                <span class="method-name">verifyHoverFieldText</span>
                <span class="method-start">230574 ms</span>
              </div> <!-- test-method -->
              <div class="configuration-method after">
                <span class="method-name">afterMethod([TestResult name=verifyHoverFieldText status=SUCCESS method=ToolTip_Test.verifyHoverFieldText()[pri:...)</span>
                <span class="method-start">230967 ms</span>
              </div> <!-- configuration-method after -->
              <div class="test-method">
                <span class="method-name">verifyHoverText</span>
                <span class="method-start">230968 ms</span>
              </div> <!-- test-method -->
              <div class="configuration-method after">
                <span class="method-name">afterMethod([TestResult name=verifyHoverText status=SUCCESS method=ToolTip_Test.verifyHoverText()[pri:0, instanc...)</span>
                <span class="method-start">231300 ms</span>
              </div> <!-- configuration-method after -->
              <div class="test-method">
                <span class="method-name">verifyTitle</span>
                <span class="method-start">231300 ms</span>
              </div> <!-- test-method -->
              <div class="configuration-method after">
                <span class="method-name">afterMethod([TestResult name=verifyTitle status=SUCCESS method=ToolTip_Test.verifyTitle()[pri:0, instance:com.de...)</span>
                <span class="method-start">231329 ms</span>
              </div> <!-- configuration-method after -->
              <div class="configuration-test after">
                <span class="method-name">after</span>
                <span class="method-start">231330 ms</span>
              </div> <!-- configuration-test after -->
            </div> <!-- chronological-class -->
            <div class="chronological-class">
              <div class="chronological-class-name">com.demoQA.tests.NestedFrames_Test</div> <!-- chronological-class-name -->
              <div class="configuration-test before">
                <span class="method-name">beforetest</span>
                <span class="method-start">232088 ms</span>
              </div> <!-- configuration-test before -->
              <div class="configuration-class before">
                <span class="method-name">beforeClass</span>
                <span class="method-start">240796 ms</span>
              </div> <!-- configuration-class before -->
              <div class="test-method">
                <span class="method-name">verifyTitle</span>
                <span class="method-start">241045 ms</span>
              </div> <!-- test-method -->
              <div class="configuration-method after">
                <span class="method-name">afterMethod([TestResult name=verifyTitle status=SUCCESS method=NestedFrames_Test.verifyTitle()[pri:0, instance:c...)</span>
                <span class="method-start">241075 ms</span>
              </div> <!-- configuration-method after -->
              <div class="test-method">
                <span class="method-name">verifyNestedFrame</span>
                <span class="method-start">241076 ms</span>
              </div> <!-- test-method -->
              <div class="configuration-method after">
                <span class="method-name">afterMethod([TestResult name=verifyNestedFrame status=SUCCESS method=NestedFrames_Test.verifyNestedFrame()[pri:1...)</span>
                <span class="method-start">241424 ms</span>
              </div> <!-- configuration-method after -->
              <div class="configuration-test after">
                <span class="method-name">after</span>
                <span class="method-start">241424 ms</span>
              </div> <!-- configuration-test after -->
            </div> <!-- chronological-class -->
            <div class="chronological-class">
              <div class="chronological-class-name">com.demoQA.tests.Alert_Frame_Window_Page_Test</div> <!-- chronological-class-name -->
              <div class="configuration-test before">
                <span class="method-name">beforetest</span>
                <span class="method-start">242120 ms</span>
              </div> <!-- configuration-test before -->
              <div class="configuration-class before">
                <span class="method-name">beforeclass</span>
                <span class="method-start">256328 ms</span>
              </div> <!-- configuration-class before -->
              <div class="test-method">
                <span class="method-name">testAlertTitle</span>
                <span class="method-start">256416 ms</span>
              </div> <!-- test-method -->
              <div class="configuration-method after">
                <span class="method-name">afterMethod([TestResult name=testAlertTitle status=SUCCESS method=Alert_Frame_Window_Page_Test.testAlertTitle()[...)</span>
                <span class="method-start">256516 ms</span>
              </div> <!-- configuration-method after -->
              <div class="test-method">
                <span class="method-name">testFrameTitle</span>
                <span class="method-start">256516 ms</span>
              </div> <!-- test-method -->
              <div class="configuration-method after">
                <span class="method-name">afterMethod([TestResult name=testFrameTitle status=SUCCESS method=Alert_Frame_Window_Page_Test.testFrameTitle()[...)</span>
                <span class="method-start">256608 ms</span>
              </div> <!-- configuration-method after -->
              <div class="test-method">
                <span class="method-name">testNestedIFrameTitle</span>
                <span class="method-start">256608 ms</span>
              </div> <!-- test-method -->
              <div class="configuration-method after">
                <span class="method-name">afterMethod([TestResult name=testNestedIFrameTitle status=SUCCESS method=Alert_Frame_Window_Page_Test.testNested...)</span>
                <span class="method-start">256698 ms</span>
              </div> <!-- configuration-method after -->
              <div class="configuration-test after">
                <span class="method-name">after</span>
                <span class="method-start">256698 ms</span>
              </div> <!-- configuration-test after -->
            </div> <!-- chronological-class -->
            <div class="chronological-class">
              <div class="chronological-class-name">com.demoQA.tests.Browsers_Windows_Test</div> <!-- chronological-class-name -->
              <div class="configuration-test before">
                <span class="method-name">beforetest</span>
                <span class="method-start">257715 ms</span>
              </div> <!-- configuration-test before -->
              <div class="configuration-class before">
                <span class="method-name">beforeClass</span>
                <span class="method-start">275008 ms</span>
              </div> <!-- configuration-class before -->
              <div class="test-method">
                <span class="method-name">verifyTitle</span>
                <span class="method-start">275299 ms</span>
              </div> <!-- test-method -->
              <div class="configuration-method after">
                <span class="method-name">afterMethod([TestResult name=verifyTitle status=SUCCESS method=Browsers_Windows_Test.verifyTitle()[pri:0, instan...)</span>
                <span class="method-start">275329 ms</span>
              </div> <!-- configuration-method after -->
              <div class="test-method">
                <img src="failed.png">
                </img>
                <span class="method-name">verifyNewTab</span>
                <span class="method-start">275330 ms</span>
              </div> <!-- test-method -->
              <div class="configuration-method after">
                <span class="method-name">afterMethod([TestResult name=verifyNewTab status=FAILURE method=Browsers_Windows_Test.verifyNewTab()[pri:1, inst...)</span>
                <span class="method-start">275514 ms</span>
              </div> <!-- configuration-method after -->
              <div class="test-method">
                <img src="failed.png">
                </img>
                <span class="method-name">verifyNewWindow</span>
                <span class="method-start">276022 ms</span>
              </div> <!-- test-method -->
              <div class="configuration-method after">
                <span class="method-name">afterMethod([TestResult name=verifyNewWindow status=FAILURE method=Browsers_Windows_Test.verifyNewWindow()[pri:2...)</span>
                <span class="method-start">309156 ms</span>
              </div> <!-- configuration-method after -->
              <div class="configuration-test after">
                <span class="method-name">after</span>
                <span class="method-start">309161 ms</span>
              </div> <!-- configuration-test after -->
            </div> <!-- chronological-class -->
            <div class="chronological-class">
              <div class="chronological-class-name">com.demoQA.tests.CheckBox_Test</div> <!-- chronological-class-name -->
              <div class="configuration-test before">
                <span class="method-name">beforetest</span>
                <span class="method-start">310746 ms</span>
              </div> <!-- configuration-test before -->
              <div class="configuration-class before">
                <span class="method-name">before</span>
                <span class="method-start">318685 ms</span>
              </div> <!-- configuration-class before -->
              <div class="test-method">
                <span class="method-name">testHeaderTxt</span>
                <span class="method-start">318887 ms</span>
              </div> <!-- test-method -->
              <div class="configuration-method after">
                <span class="method-name">afterMethod([TestResult name=testHeaderTxt status=SUCCESS method=CheckBox_Test.testHeaderTxt()[pri:0, instance:c...)</span>
                <span class="method-start">318920 ms</span>
              </div> <!-- configuration-method after -->
              <div class="test-method">
                <img src="failed.png">
                </img>
                <span class="method-name">testHomeCheckBox</span>
                <span class="method-start">318921 ms</span>
              </div> <!-- test-method -->
              <div class="configuration-method after">
                <span class="method-name">afterMethod([TestResult name=testHomeCheckBox status=FAILURE method=CheckBox_Test.testHomeCheckBox()[pri:0, inst...)</span>
                <span class="method-start">324067 ms</span>
              </div> <!-- configuration-method after -->
              <div class="test-method">
                <span class="method-name">testHomeTxt</span>
                <span class="method-start">324458 ms</span>
              </div> <!-- test-method -->
              <div class="configuration-method after">
                <span class="method-name">afterMethod([TestResult name=testHomeTxt status=SUCCESS method=CheckBox_Test.testHomeTxt()[pri:0, instance:com.d...)</span>
                <span class="method-start">324493 ms</span>
              </div> <!-- configuration-method after -->
              <div class="configuration-test after">
                <span class="method-name">after</span>
                <span class="method-start">324493 ms</span>
              </div> <!-- configuration-test after -->
            </div> <!-- chronological-class -->
            <div class="chronological-class">
              <div class="chronological-class-name">com.demoQA.tests.Datepicker_Test</div> <!-- chronological-class-name -->
              <div class="configuration-test before">
                <span class="method-name">beforetest</span>
                <span class="method-start">325241 ms</span>
              </div> <!-- configuration-test before -->
              <div class="configuration-class before">
                <span class="method-name">beforeclass</span>
                <span class="method-start">333099 ms</span>
              </div> <!-- configuration-class before -->
              <div class="test-method">
                <span class="method-name">verifyDateAndTime</span>
                <span class="method-start">333302 ms</span>
              </div> <!-- test-method -->
              <div class="configuration-method after">
                <span class="method-name">afterMethod([TestResult name=verifyDateAndTime status=SUCCESS method=Datepicker_Test.verifyDateAndTime()[pri:0, ...)</span>
                <span class="method-start">335149 ms</span>
              </div> <!-- configuration-method after -->
              <div class="test-method">
                <img src="failed.png">
                </img>
                <span class="method-name">verifyDateByPrevNextBtn(2020, 8, 12)</span>
                <span class="method-start">335187 ms</span>
              </div> <!-- test-method -->
              <div class="configuration-method after">
                <span class="method-name">afterMethod([TestResult name=verifyDateByPrevNextBtn status=FAILURE method=Datepicker_Test.verifyDateByPrevNextB...)</span>
                <span class="method-start">336323 ms</span>
              </div> <!-- configuration-method after -->
              <div class="test-method">
                <img src="failed.png">
                </img>
                <span class="method-name">verifyDateByPrevNextBtn(2022, 9, 13)</span>
                <span class="method-start">336528 ms</span>
              </div> <!-- test-method -->
              <div class="configuration-method after">
                <span class="method-name">afterMethod([TestResult name=verifyDateByPrevNextBtn status=FAILURE method=Datepicker_Test.verifyDateByPrevNextB...)</span>
                <span class="method-start">337615 ms</span>
              </div> <!-- configuration-method after -->
              <div class="test-method">
                <img src="failed.png">
                </img>
                <span class="method-name">verifyDateByPrevNextBtn(2023, 10, 14)</span>
                <span class="method-start">337783 ms</span>
              </div> <!-- test-method -->
              <div class="configuration-method after">
                <span class="method-name">afterMethod([TestResult name=verifyDateByPrevNextBtn status=FAILURE method=Datepicker_Test.verifyDateByPrevNextB...)</span>
                <span class="method-start">338438 ms</span>
              </div> <!-- configuration-method after -->
              <div class="test-method">
                <span class="method-name">verifyTitle</span>
                <span class="method-start">338621 ms</span>
              </div> <!-- test-method -->
              <div class="configuration-method after">
                <span class="method-name">afterMethod([TestResult name=verifyTitle status=SUCCESS method=Datepicker_Test.verifyTitle()[pri:0, instance:com...)</span>
                <span class="method-start">338656 ms</span>
              </div> <!-- configuration-method after -->
              <div class="configuration-test after">
                <span class="method-name">after</span>
                <span class="method-start">338657 ms</span>
              </div> <!-- configuration-test after -->
            </div> <!-- chronological-class -->
            <div class="chronological-class">
              <div class="chronological-class-name">com.demoQA.tests.Droppable_Test</div> <!-- chronological-class-name -->
              <div class="configuration-test before">
                <span class="method-name">beforetest</span>
                <span class="method-start">339357 ms</span>
              </div> <!-- configuration-test before -->
              <div class="configuration-class before">
                <span class="method-name">beforeclass</span>
                <span class="method-start">346614 ms</span>
              </div> <!-- configuration-class before -->
              <div class="test-method">
                <span class="method-name">verifyAccepatbleDragDrop</span>
                <span class="method-start">346808 ms</span>
              </div> <!-- test-method -->
              <div class="configuration-method after">
                <span class="method-name">afterMethod([TestResult name=verifyAccepatbleDragDrop status=SUCCESS method=Droppable_Test.verifyAccepatbleDragD...)</span>
                <span class="method-start">347185 ms</span>
              </div> <!-- configuration-method after -->
              <div class="test-method">
                <span class="method-name">verifyDragDrop</span>
                <span class="method-start">347186 ms</span>
              </div> <!-- test-method -->
              <div class="configuration-method after">
                <span class="method-name">afterMethod([TestResult name=verifyDragDrop status=SUCCESS method=Droppable_Test.verifyDragDrop()[pri:0, instanc...)</span>
                <span class="method-start">351020 ms</span>
              </div> <!-- configuration-method after -->
              <div class="test-method">
                <span class="method-name">verifyTitle</span>
                <span class="method-start">351020 ms</span>
              </div> <!-- test-method -->
              <div class="configuration-method after">
                <span class="method-name">afterMethod([TestResult name=verifyTitle status=SUCCESS method=Droppable_Test.verifyTitle()[pri:0, instance:com....)</span>
                <span class="method-start">351076 ms</span>
              </div> <!-- configuration-method after -->
              <div class="test-method">
                <span class="method-name">verifyNotAccepatbleDragDrop</span>
                <span class="method-start">351077 ms</span>
              </div> <!-- test-method -->
              <div class="configuration-method after">
                <span class="method-name">afterMethod([TestResult name=verifyNotAccepatbleDragDrop status=SUCCESS method=Droppable_Test.verifyNotAccepatbl...)</span>
                <span class="method-start">351413 ms</span>
              </div> <!-- configuration-method after -->
              <div class="configuration-test after">
                <span class="method-name">after</span>
                <span class="method-start">351414 ms</span>
              </div> <!-- configuration-test after -->
            </div> <!-- chronological-class -->
            <div class="chronological-class">
              <div class="chronological-class-name">com.demoQA.tests.ProgressBar_Test</div> <!-- chronological-class-name -->
              <div class="configuration-test before">
                <span class="method-name">beforetest</span>
                <span class="method-start">352160 ms</span>
              </div> <!-- configuration-test before -->
              <div class="configuration-class before">
                <span class="method-name">beforeclass</span>
                <span class="method-start">360536 ms</span>
              </div> <!-- configuration-class before -->
              <div class="test-method">
                <span class="method-name">verifyProgressBar</span>
                <span class="method-start">360698 ms</span>
              </div> <!-- test-method -->
              <div class="configuration-method after">
                <span class="method-name">afterMethod([TestResult name=verifyProgressBar status=SUCCESS method=ProgressBar_Test.verifyProgressBar()[pri:0,...)</span>
                <span class="method-start">367827 ms</span>
              </div> <!-- configuration-method after -->
              <div class="test-method">
                <span class="method-name">verifyTitle</span>
                <span class="method-start">367828 ms</span>
              </div> <!-- test-method -->
              <div class="configuration-method after">
                <span class="method-name">afterMethod([TestResult name=verifyTitle status=SUCCESS method=ProgressBar_Test.verifyTitle()[pri:0, instance:co...)</span>
                <span class="method-start">367863 ms</span>
              </div> <!-- configuration-method after -->
              <div class="configuration-test after">
                <span class="method-name">after</span>
                <span class="method-start">367863 ms</span>
=======
                <span class="method-name">beforeClass</span>
                <span class="method-start">9746 ms</span>
              </div> <!-- configuration-class before -->
              <div class="test-method">
                <span class="method-name">testPromptAlert</span>
                <span class="method-start">10118 ms</span>
              </div> <!-- test-method -->
              <div class="configuration-method after">
                <span class="method-name">afterMethod([TestResult name=testPromptAlert status=SUCCESS method=Alert_Test.testPromptAlert()[pri:0, instance:...)</span>
                <span class="method-start">10645 ms</span>
              </div> <!-- configuration-method after -->
              <div class="configuration-test after">
                <span class="method-name">after</span>
                <span class="method-start">10657 ms</span>
>>>>>>> 6364e11fe48bb0a3f1a8a329bea4d2c995220102
              </div> <!-- configuration-test after -->
          </div> <!-- main-panel-content rounded-window-bottom -->
        </div> <!-- panel -->
      </div> <!-- main-panel-root -->
    </div> <!-- wrapper -->
  </body>
</html>
