<?xml version="1.0" encoding="UTF-8"?>
<testng-results skipped="0" failed="12" ignored="0" total="49" passed="37">
  <reporter-output>
  </reporter-output>
  <suite name="Suite" duration-ms="827897" started-at="2022-09-14T22:16:05 IST" finished-at="2022-09-14T22:29:53 IST">
    <groups>
    </groups>
    <test name="Test1" duration-ms="20885" started-at="2022-09-14T22:16:05 IST" finished-at="2022-09-14T22:16:26 IST">
      <class name="com.demoQA.tests.Element_Page_Test">
        <test-method status="PASS" signature="beforetest()[pri:0, instance:com.demoQA.tests.Element_Page_Test@23e028a9]" name="beforetest" is-config="true" duration-ms="19712" started-at="2022-09-14T22:16:05 IST" finished-at="2022-09-14T22:16:24 IST">
          <reporter-output>
          </reporter-output>
        </test-method> <!-- beforetest -->
        <test-method status="PASS" signature="before()[pri:0, instance:com.demoQA.tests.Element_Page_Test@23e028a9]" name="before" is-config="true" duration-ms="149" started-at="2022-09-14T22:16:24 IST" finished-at="2022-09-14T22:16:25 IST">
          <reporter-output>
          </reporter-output>
        </test-method> <!-- before -->
        <test-method status="PASS" signature="testCheckBox()[pri:0, instance:com.demoQA.tests.Element_Page_Test@23e028a9]" name="testCheckBox" duration-ms="113" started-at="2022-09-14T22:16:25 IST" finished-at="2022-09-14T22:16:25 IST">
          <reporter-output>
          </reporter-output>
        </test-method> <!-- testCheckBox -->
        <test-method status="PASS" signature="afterMethod(org.testng.ITestResult)[pri:0, instance:com.demoQA.tests.Element_Page_Test@23e028a9]" name="afterMethod" is-config="true" duration-ms="1" started-at="2022-09-14T22:16:25 IST" finished-at="2022-09-14T22:16:25 IST">
          <params>
            <param index="0">
              <value>
                <![CDATA[[TestResult name=testCheckBox status=SUCCESS method=Element_Page_Test.testCheckBox()[pri:0, instance:com.demoQA.tests.Element_Page_Test@23e028a9] output={null}]]]>
              </value>
            </param>
          </params>
          <reporter-output>
          </reporter-output>
        </test-method> <!-- afterMethod -->
        <test-method status="PASS" signature="testRadioButtons()[pri:0, instance:com.demoQA.tests.Element_Page_Test@23e028a9]" name="testRadioButtons" duration-ms="115" started-at="2022-09-14T22:16:25 IST" finished-at="2022-09-14T22:16:25 IST">
          <reporter-output>
          </reporter-output>
        </test-method> <!-- testRadioButtons -->
        <test-method status="PASS" signature="afterMethod(org.testng.ITestResult)[pri:0, instance:com.demoQA.tests.Element_Page_Test@23e028a9]" name="afterMethod" is-config="true" duration-ms="0" started-at="2022-09-14T22:16:25 IST" finished-at="2022-09-14T22:16:25 IST">
          <params>
            <param index="0">
              <value>
                <![CDATA[[TestResult name=testRadioButtons status=SUCCESS method=Element_Page_Test.testRadioButtons()[pri:0, instance:com.demoQA.tests.Element_Page_Test@23e028a9] output={null}]]]>
              </value>
            </param>
          </params>
          <reporter-output>
          </reporter-output>
        </test-method> <!-- afterMethod -->
        <test-method status="PASS" signature="testTextBox()[pri:0, instance:com.demoQA.tests.Element_Page_Test@23e028a9]" name="testTextBox" duration-ms="100" started-at="2022-09-14T22:16:25 IST" finished-at="2022-09-14T22:16:25 IST">
          <reporter-output>
          </reporter-output>
        </test-method> <!-- testTextBox -->
        <test-method status="PASS" signature="afterMethod(org.testng.ITestResult)[pri:0, instance:com.demoQA.tests.Element_Page_Test@23e028a9]" name="afterMethod" is-config="true" duration-ms="1" started-at="2022-09-14T22:16:25 IST" finished-at="2022-09-14T22:16:25 IST">
          <params>
            <param index="0">
              <value>
                <![CDATA[[TestResult name=testTextBox status=SUCCESS method=Element_Page_Test.testTextBox()[pri:0, instance:com.demoQA.tests.Element_Page_Test@23e028a9] output={null}]]]>
              </value>
            </param>
          </params>
          <reporter-output>
          </reporter-output>
        </test-method> <!-- afterMethod -->
        <test-method status="PASS" signature="after()[pri:0, instance:com.demoQA.tests.Element_Page_Test@23e028a9]" name="after" is-config="true" duration-ms="662" started-at="2022-09-14T22:16:25 IST" finished-at="2022-09-14T22:16:26 IST">
          <reporter-output>
          </reporter-output>
        </test-method> <!-- after -->
      </class> <!-- com.demoQA.tests.Element_Page_Test -->
    </test> <!-- Test1 -->
    <test name="Test2" duration-ms="46409" started-at="2022-09-14T22:16:26 IST" finished-at="2022-09-14T22:17:12 IST">
      <class name="com.demoQA.tests.TextBox_Test">
        <test-method status="PASS" signature="beforetest()[pri:0, instance:com.demoQA.tests.TextBox_Test@7c29daf3]" name="beforetest" is-config="true" duration-ms="43284" started-at="2022-09-14T22:16:26 IST" finished-at="2022-09-14T22:17:09 IST">
          <reporter-output>
          </reporter-output>
        </test-method> <!-- beforetest -->
        <test-method status="PASS" signature="before()[pri:0, instance:com.demoQA.tests.TextBox_Test@7c29daf3]" name="before" is-config="true" duration-ms="294" started-at="2022-09-14T22:17:09 IST" finished-at="2022-09-14T22:17:09 IST">
          <reporter-output>
          </reporter-output>
        </test-method> <!-- before -->
        <test-method status="FAIL" signature="testCurrentAdd(java.lang.String, java.lang.String, java.lang.String, java.lang.String, java.lang.String, java.lang.String)[pri:0, instance:com.demoQA.tests.TextBox_Test@7c29daf3]" name="testCurrentAdd" duration-ms="2075" started-at="2022-09-14T22:17:09 IST" data-provider="dp3" finished-at="2022-09-14T22:17:11 IST">
          <exception class="org.testng.internal.reflect.MethodMatcherException">
            <message>
              <![CDATA[
[public void com.demoQA.tests.TextBox_Test.testCurrentAdd(java.lang.String,java.lang.String,java.lang.String,java.lang.String,java.lang.String,java.lang.String)] has no parameters defined but was found to be using a data provider (either explicitly specified or inherited from class level annotation).
Data provider mismatch
Method: testCurrentAdd([Parameter{index=0, type=java.lang.String, declaredAnnotations=[]}, Parameter{index=1, type=java.lang.String, declaredAnnotations=[]}, Parameter{index=2, type=java.lang.String, declaredAnnotations=[]}, Parameter{index=3, type=java.lang.String, declaredAnnotations=[]}, Parameter{index=4, type=java.lang.String, declaredAnnotations=[]}, Parameter{index=5, type=java.lang.String, declaredAnnotations=[]}])
Arguments: [(java.lang.String) Nagbhushan Bhalerao,(java.lang.String) bhushan@123,(java.lang.String) Pune,(java.lang.String) Group 1, option 1,(java.lang.String) Ms.,(java.lang.String) Black,(java.lang.Integer) 10]]]>
            </message>
            <full-stacktrace>
              <![CDATA[org.testng.internal.reflect.MethodMatcherException: 
[public void com.demoQA.tests.TextBox_Test.testCurrentAdd(java.lang.String,java.lang.String,java.lang.String,java.lang.String,java.lang.String,java.lang.String)] has no parameters defined but was found to be using a data provider (either explicitly specified or inherited from class level annotation).
Data provider mismatch
Method: testCurrentAdd([Parameter{index=0, type=java.lang.String, declaredAnnotations=[]}, Parameter{index=1, type=java.lang.String, declaredAnnotations=[]}, Parameter{index=2, type=java.lang.String, declaredAnnotations=[]}, Parameter{index=3, type=java.lang.String, declaredAnnotations=[]}, Parameter{index=4, type=java.lang.String, declaredAnnotations=[]}, Parameter{index=5, type=java.lang.String, declaredAnnotations=[]}])
Arguments: [(java.lang.String) Nagbhushan Bhalerao,(java.lang.String) bhushan@123,(java.lang.String) Pune,(java.lang.String) Group 1, option 1,(java.lang.String) Ms.,(java.lang.String) Black,(java.lang.Integer) 10]
at org.testng.internal.reflect.DataProviderMethodMatcher.getConformingArguments(DataProviderMethodMatcher.java:43)
at org.testng.internal.Parameters.injectParameters(Parameters.java:925)
at org.testng.internal.MethodRunner.runInSequence(MethodRunner.java:34)
at org.testng.internal.TestInvoker$MethodInvocationAgent.invoke(TestInvoker.java:804)
at org.testng.internal.TestInvoker.invokeTestMethods(TestInvoker.java:145)
at org.testng.internal.TestMethodWorker.invokeTestMethods(TestMethodWorker.java:146)
at org.testng.internal.TestMethodWorker.run(TestMethodWorker.java:128)
at java.util.ArrayList.forEach(ArrayList.java:1259)
at org.testng.TestRunner.privateRun(TestRunner.java:770)
at org.testng.TestRunner.run(TestRunner.java:591)
at org.testng.SuiteRunner.runTest(SuiteRunner.java:402)
at org.testng.SuiteRunner.runSequentially(SuiteRunner.java:396)
at org.testng.SuiteRunner.privateRun(SuiteRunner.java:355)
at org.testng.SuiteRunner.run(SuiteRunner.java:304)
at org.testng.SuiteRunnerWorker.runSuite(SuiteRunnerWorker.java:53)
at org.testng.SuiteRunnerWorker.run(SuiteRunnerWorker.java:96)
at org.testng.TestNG.runSuitesSequentially(TestNG.java:1180)
at org.testng.TestNG.runSuitesLocally(TestNG.java:1102)
at org.testng.TestNG.runSuites(TestNG.java:1032)
at org.testng.TestNG.run(TestNG.java:1000)
at org.apache.maven.surefire.testng.TestNGExecutor.run(TestNGExecutor.java:281)
at org.apache.maven.surefire.testng.TestNGXmlTestSuite.execute(TestNGXmlTestSuite.java:75)
at org.apache.maven.surefire.testng.TestNGProvider.invoke(TestNGProvider.java:121)
at org.apache.maven.surefire.booter.ForkedBooter.invokeProviderInSameClassLoader(ForkedBooter.java:290)
at org.apache.maven.surefire.booter.ForkedBooter.runSuitesInProcess(ForkedBooter.java:242)
at org.apache.maven.surefire.booter.ForkedBooter.main(ForkedBooter.java:121)
]]>
            </full-stacktrace>
          </exception> <!-- org.testng.internal.reflect.MethodMatcherException -->
          <reporter-output>
          </reporter-output>
        </test-method> <!-- testCurrentAdd -->
        <test-method status="FAIL" signature="testEmail(java.lang.String, java.lang.String, java.lang.String, java.lang.String, java.lang.String, java.lang.String)[pri:0, instance:com.demoQA.tests.TextBox_Test@7c29daf3]" name="testEmail" duration-ms="42" started-at="2022-09-14T22:17:11 IST" data-provider="dp2" finished-at="2022-09-14T22:17:12 IST">
          <exception class="org.testng.internal.reflect.MethodMatcherException">
            <message>
              <![CDATA[
[public void com.demoQA.tests.TextBox_Test.testEmail(java.lang.String,java.lang.String,java.lang.String,java.lang.String,java.lang.String,java.lang.String)] has no parameters defined but was found to be using a data provider (either explicitly specified or inherited from class level annotation).
Data provider mismatch
Method: testEmail([Parameter{index=0, type=java.lang.String, declaredAnnotations=[]}, Parameter{index=1, type=java.lang.String, declaredAnnotations=[]}, Parameter{index=2, type=java.lang.String, declaredAnnotations=[]}, Parameter{index=3, type=java.lang.String, declaredAnnotations=[]}, Parameter{index=4, type=java.lang.String, declaredAnnotations=[]}, Parameter{index=5, type=java.lang.String, declaredAnnotations=[]}])
Arguments: [(java.lang.String) Nagbhushan Bhalerao,(java.lang.String) bhushan@123,(java.lang.String) Pune,(java.lang.String) Group 1, option 1,(java.lang.String) Ms.,(java.lang.String) Black,(java.lang.Integer) 10]]]>
            </message>
            <full-stacktrace>
              <![CDATA[org.testng.internal.reflect.MethodMatcherException: 
[public void com.demoQA.tests.TextBox_Test.testEmail(java.lang.String,java.lang.String,java.lang.String,java.lang.String,java.lang.String,java.lang.String)] has no parameters defined but was found to be using a data provider (either explicitly specified or inherited from class level annotation).
Data provider mismatch
Method: testEmail([Parameter{index=0, type=java.lang.String, declaredAnnotations=[]}, Parameter{index=1, type=java.lang.String, declaredAnnotations=[]}, Parameter{index=2, type=java.lang.String, declaredAnnotations=[]}, Parameter{index=3, type=java.lang.String, declaredAnnotations=[]}, Parameter{index=4, type=java.lang.String, declaredAnnotations=[]}, Parameter{index=5, type=java.lang.String, declaredAnnotations=[]}])
Arguments: [(java.lang.String) Nagbhushan Bhalerao,(java.lang.String) bhushan@123,(java.lang.String) Pune,(java.lang.String) Group 1, option 1,(java.lang.String) Ms.,(java.lang.String) Black,(java.lang.Integer) 10]
at org.testng.internal.reflect.DataProviderMethodMatcher.getConformingArguments(DataProviderMethodMatcher.java:43)
at org.testng.internal.Parameters.injectParameters(Parameters.java:925)
at org.testng.internal.MethodRunner.runInSequence(MethodRunner.java:34)
at org.testng.internal.TestInvoker$MethodInvocationAgent.invoke(TestInvoker.java:804)
at org.testng.internal.TestInvoker.invokeTestMethods(TestInvoker.java:145)
at org.testng.internal.TestMethodWorker.invokeTestMethods(TestMethodWorker.java:146)
at org.testng.internal.TestMethodWorker.run(TestMethodWorker.java:128)
at java.util.ArrayList.forEach(ArrayList.java:1259)
at org.testng.TestRunner.privateRun(TestRunner.java:770)
at org.testng.TestRunner.run(TestRunner.java:591)
at org.testng.SuiteRunner.runTest(SuiteRunner.java:402)
at org.testng.SuiteRunner.runSequentially(SuiteRunner.java:396)
at org.testng.SuiteRunner.privateRun(SuiteRunner.java:355)
at org.testng.SuiteRunner.run(SuiteRunner.java:304)
at org.testng.SuiteRunnerWorker.runSuite(SuiteRunnerWorker.java:53)
at org.testng.SuiteRunnerWorker.run(SuiteRunnerWorker.java:96)
at org.testng.TestNG.runSuitesSequentially(TestNG.java:1180)
at org.testng.TestNG.runSuitesLocally(TestNG.java:1102)
at org.testng.TestNG.runSuites(TestNG.java:1032)
at org.testng.TestNG.run(TestNG.java:1000)
at org.apache.maven.surefire.testng.TestNGExecutor.run(TestNGExecutor.java:281)
at org.apache.maven.surefire.testng.TestNGXmlTestSuite.execute(TestNGXmlTestSuite.java:75)
at org.apache.maven.surefire.testng.TestNGProvider.invoke(TestNGProvider.java:121)
at org.apache.maven.surefire.booter.ForkedBooter.invokeProviderInSameClassLoader(ForkedBooter.java:290)
at org.apache.maven.surefire.booter.ForkedBooter.runSuitesInProcess(ForkedBooter.java:242)
at org.apache.maven.surefire.booter.ForkedBooter.main(ForkedBooter.java:121)
]]>
            </full-stacktrace>
          </exception> <!-- org.testng.internal.reflect.MethodMatcherException -->
          <reporter-output>
          </reporter-output>
        </test-method> <!-- testEmail -->
        <test-method status="FAIL" signature="testFullName(java.lang.String, java.lang.String, java.lang.String, java.lang.String, java.lang.String, java.lang.String)[pri:0, instance:com.demoQA.tests.TextBox_Test@7c29daf3]" name="testFullName" duration-ms="47" started-at="2022-09-14T22:17:12 IST" data-provider="dp" finished-at="2022-09-14T22:17:12 IST">
          <exception class="org.testng.internal.reflect.MethodMatcherException">
            <message>
              <![CDATA[
[public void com.demoQA.tests.TextBox_Test.testFullName(java.lang.String,java.lang.String,java.lang.String,java.lang.String,java.lang.String,java.lang.String)] has no parameters defined but was found to be using a data provider (either explicitly specified or inherited from class level annotation).
Data provider mismatch
Method: testFullName([Parameter{index=0, type=java.lang.String, declaredAnnotations=[]}, Parameter{index=1, type=java.lang.String, declaredAnnotations=[]}, Parameter{index=2, type=java.lang.String, declaredAnnotations=[]}, Parameter{index=3, type=java.lang.String, declaredAnnotations=[]}, Parameter{index=4, type=java.lang.String, declaredAnnotations=[]}, Parameter{index=5, type=java.lang.String, declaredAnnotations=[]}])
Arguments: [(java.lang.String) Nagbhushan Bhalerao,(java.lang.String) bhushan@123,(java.lang.String) Pune,(java.lang.String) Group 1, option 1,(java.lang.String) Ms.,(java.lang.String) Black,(java.lang.Integer) 10]]]>
            </message>
            <full-stacktrace>
              <![CDATA[org.testng.internal.reflect.MethodMatcherException: 
[public void com.demoQA.tests.TextBox_Test.testFullName(java.lang.String,java.lang.String,java.lang.String,java.lang.String,java.lang.String,java.lang.String)] has no parameters defined but was found to be using a data provider (either explicitly specified or inherited from class level annotation).
Data provider mismatch
Method: testFullName([Parameter{index=0, type=java.lang.String, declaredAnnotations=[]}, Parameter{index=1, type=java.lang.String, declaredAnnotations=[]}, Parameter{index=2, type=java.lang.String, declaredAnnotations=[]}, Parameter{index=3, type=java.lang.String, declaredAnnotations=[]}, Parameter{index=4, type=java.lang.String, declaredAnnotations=[]}, Parameter{index=5, type=java.lang.String, declaredAnnotations=[]}])
Arguments: [(java.lang.String) Nagbhushan Bhalerao,(java.lang.String) bhushan@123,(java.lang.String) Pune,(java.lang.String) Group 1, option 1,(java.lang.String) Ms.,(java.lang.String) Black,(java.lang.Integer) 10]
at org.testng.internal.reflect.DataProviderMethodMatcher.getConformingArguments(DataProviderMethodMatcher.java:43)
at org.testng.internal.Parameters.injectParameters(Parameters.java:925)
at org.testng.internal.MethodRunner.runInSequence(MethodRunner.java:34)
at org.testng.internal.TestInvoker$MethodInvocationAgent.invoke(TestInvoker.java:804)
at org.testng.internal.TestInvoker.invokeTestMethods(TestInvoker.java:145)
at org.testng.internal.TestMethodWorker.invokeTestMethods(TestMethodWorker.java:146)
at org.testng.internal.TestMethodWorker.run(TestMethodWorker.java:128)
at java.util.ArrayList.forEach(ArrayList.java:1259)
at org.testng.TestRunner.privateRun(TestRunner.java:770)
at org.testng.TestRunner.run(TestRunner.java:591)
at org.testng.SuiteRunner.runTest(SuiteRunner.java:402)
at org.testng.SuiteRunner.runSequentially(SuiteRunner.java:396)
at org.testng.SuiteRunner.privateRun(SuiteRunner.java:355)
at org.testng.SuiteRunner.run(SuiteRunner.java:304)
at org.testng.SuiteRunnerWorker.runSuite(SuiteRunnerWorker.java:53)
at org.testng.SuiteRunnerWorker.run(SuiteRunnerWorker.java:96)
at org.testng.TestNG.runSuitesSequentially(TestNG.java:1180)
at org.testng.TestNG.runSuitesLocally(TestNG.java:1102)
at org.testng.TestNG.runSuites(TestNG.java:1032)
at org.testng.TestNG.run(TestNG.java:1000)
at org.apache.maven.surefire.testng.TestNGExecutor.run(TestNGExecutor.java:281)
at org.apache.maven.surefire.testng.TestNGXmlTestSuite.execute(TestNGXmlTestSuite.java:75)
at org.apache.maven.surefire.testng.TestNGProvider.invoke(TestNGProvider.java:121)
at org.apache.maven.surefire.booter.ForkedBooter.invokeProviderInSameClassLoader(ForkedBooter.java:290)
at org.apache.maven.surefire.booter.ForkedBooter.runSuitesInProcess(ForkedBooter.java:242)
at org.apache.maven.surefire.booter.ForkedBooter.main(ForkedBooter.java:121)
]]>
            </full-stacktrace>
          </exception> <!-- org.testng.internal.reflect.MethodMatcherException -->
          <reporter-output>
          </reporter-output>
        </test-method> <!-- testFullName -->
        <test-method status="PASS" signature="after()[pri:0, instance:com.demoQA.tests.TextBox_Test@7c29daf3]" name="after" is-config="true" duration-ms="653" started-at="2022-09-14T22:17:12 IST" finished-at="2022-09-14T22:17:12 IST">
          <reporter-output>
          </reporter-output>
        </test-method> <!-- after -->
      </class> <!-- com.demoQA.tests.TextBox_Test -->
    </test> <!-- Test2 -->
    <test name="Test3" duration-ms="27850" started-at="2022-09-14T22:17:12 IST" finished-at="2022-09-14T22:17:40 IST">
      <class name="com.demoQA.tests.RadioButtons_Test">
        <test-method status="PASS" signature="beforetest()[pri:0, instance:com.demoQA.tests.RadioButtons_Test@1e6d1014]" name="beforetest" is-config="true" duration-ms="26711" started-at="2022-09-14T22:17:12 IST" finished-at="2022-09-14T22:17:39 IST">
          <reporter-output>
          </reporter-output>
        </test-method> <!-- beforetest -->
        <test-method status="PASS" signature="before()[pri:0, instance:com.demoQA.tests.RadioButtons_Test@1e6d1014]" name="before" is-config="true" duration-ms="208" started-at="2022-09-14T22:17:39 IST" finished-at="2022-09-14T22:17:39 IST">
          <reporter-output>
          </reporter-output>
        </test-method> <!-- before -->
        <test-method status="PASS" signature="testHeaderTxt()[pri:0, instance:com.demoQA.tests.RadioButtons_Test@1e6d1014]" name="testHeaderTxt" duration-ms="44" started-at="2022-09-14T22:17:39 IST" finished-at="2022-09-14T22:17:39 IST">
          <reporter-output>
          </reporter-output>
        </test-method> <!-- testHeaderTxt -->
        <test-method status="PASS" signature="afterMethod(org.testng.ITestResult)[pri:0, instance:com.demoQA.tests.RadioButtons_Test@1e6d1014]" name="afterMethod" is-config="true" duration-ms="0" started-at="2022-09-14T22:17:39 IST" finished-at="2022-09-14T22:17:39 IST">
          <params>
            <param index="0">
              <value>
                <![CDATA[[TestResult name=testHeaderTxt status=SUCCESS method=RadioButtons_Test.testHeaderTxt()[pri:0, instance:com.demoQA.tests.RadioButtons_Test@1e6d1014] output={null}]]]>
              </value>
            </param>
          </params>
          <reporter-output>
          </reporter-output>
        </test-method> <!-- afterMethod -->
        <test-method status="PASS" signature="testImpressiveBtn()[pri:0, instance:com.demoQA.tests.RadioButtons_Test@1e6d1014]" name="testImpressiveBtn" duration-ms="122" started-at="2022-09-14T22:17:39 IST" finished-at="2022-09-14T22:17:39 IST">
          <reporter-output>
          </reporter-output>
        </test-method> <!-- testImpressiveBtn -->
        <test-method status="PASS" signature="afterMethod(org.testng.ITestResult)[pri:0, instance:com.demoQA.tests.RadioButtons_Test@1e6d1014]" name="afterMethod" is-config="true" duration-ms="2" started-at="2022-09-14T22:17:39 IST" finished-at="2022-09-14T22:17:39 IST">
          <params>
            <param index="0">
              <value>
                <![CDATA[[TestResult name=testImpressiveBtn status=SUCCESS method=RadioButtons_Test.testImpressiveBtn()[pri:0, instance:com.demoQA.tests.RadioButtons_Test@1e6d1014] output={null}]]]>
              </value>
            </param>
          </params>
          <reporter-output>
          </reporter-output>
        </test-method> <!-- afterMethod -->
        <test-method status="PASS" signature="testYesBtn()[pri:0, instance:com.demoQA.tests.RadioButtons_Test@1e6d1014]" name="testYesBtn" duration-ms="99" started-at="2022-09-14T22:17:39 IST" finished-at="2022-09-14T22:17:40 IST">
          <reporter-output>
          </reporter-output>
        </test-method> <!-- testYesBtn -->
        <test-method status="PASS" signature="after()[pri:0, instance:com.demoQA.tests.RadioButtons_Test@1e6d1014]" name="after" is-config="true" duration-ms="660" started-at="2022-09-14T22:17:40 IST" finished-at="2022-09-14T22:17:40 IST">
          <reporter-output>
          </reporter-output>
        </test-method> <!-- after -->
        <test-method status="PASS" signature="afterMethod(org.testng.ITestResult)[pri:0, instance:com.demoQA.tests.RadioButtons_Test@1e6d1014]" name="afterMethod" is-config="true" duration-ms="0" started-at="2022-09-14T22:17:40 IST" finished-at="2022-09-14T22:17:40 IST">
          <params>
            <param index="0">
              <value>
                <![CDATA[[TestResult name=testYesBtn status=SUCCESS method=RadioButtons_Test.testYesBtn()[pri:0, instance:com.demoQA.tests.RadioButtons_Test@1e6d1014] output={null}]]]>
              </value>
            </param>
          </params>
          <reporter-output>
          </reporter-output>
        </test-method> <!-- afterMethod -->
      </class> <!-- com.demoQA.tests.RadioButtons_Test -->
    </test> <!-- Test3 -->
    <test name="Test4" duration-ms="29887" started-at="2022-09-14T22:17:40 IST" finished-at="2022-09-14T22:18:10 IST">
      <class name="com.demoQA.tests.Test_Interactions">
        <test-method status="PASS" signature="beforetest()[pri:0, instance:com.demoQA.tests.Test_Interactions@26aa12dd]" name="beforetest" is-config="true" duration-ms="17330" started-at="2022-09-14T22:17:40 IST" finished-at="2022-09-14T22:17:58 IST">
          <reporter-output>
          </reporter-output>
        </test-method> <!-- beforetest -->
        <test-method status="PASS" signature="beforeclass()[pri:0, instance:com.demoQA.tests.Test_Interactions@26aa12dd]" name="beforeclass" is-config="true" duration-ms="130" started-at="2022-09-14T22:17:58 IST" finished-at="2022-09-14T22:17:58 IST">
          <reporter-output>
          </reporter-output>
        </test-method> <!-- beforeclass -->
        <test-method status="PASS" signature="verifyDroppableTitle()[pri:0, instance:com.demoQA.tests.Test_Interactions@26aa12dd]" name="verifyDroppableTitle" duration-ms="172" started-at="2022-09-14T22:17:58 IST" finished-at="2022-09-14T22:17:58 IST">
          <reporter-output>
          </reporter-output>
        </test-method> <!-- verifyDroppableTitle -->
        <test-method status="PASS" signature="afterMethod(org.testng.ITestResult)[pri:0, instance:com.demoQA.tests.Test_Interactions@26aa12dd]" name="afterMethod" is-config="true" duration-ms="0" started-at="2022-09-14T22:17:58 IST" finished-at="2022-09-14T22:17:58 IST">
          <params>
            <param index="0">
              <value>
                <![CDATA[[TestResult name=verifyDroppableTitle status=SUCCESS method=Test_Interactions.verifyDroppableTitle()[pri:0, instance:com.demoQA.tests.Test_Interactions@26aa12dd] output={null}]]]>
              </value>
            </param>
          </params>
          <reporter-output>
          </reporter-output>
        </test-method> <!-- afterMethod -->
        <test-method status="FAIL" signature="verifyTitle()[pri:0, instance:com.demoQA.tests.Test_Interactions@26aa12dd]" name="verifyTitle" duration-ms="10069" started-at="2022-09-14T22:17:58 IST" finished-at="2022-09-14T22:18:08 IST">
          <exception class="org.openqa.selenium.NoSuchElementException">
            <message>
              <![CDATA[no such element: Unable to locate element: {"method":"xpath","selector":"//div[@class='pattern-backgound playgound-header']//div[text()='Interactions']"}
  (Session info: chrome=105.0.5195.102)
For documentation on this error, please visit: https://www.seleniumhq.org/exceptions/no_such_element.html
Build info: version: '3.141.59', revision: 'e82be7d358', time: '2018-11-14T08:17:03'
System info: host: 'LAPTOP-7DB4GVKK', ip: '192.168.7.201', os.name: 'Windows 10', os.arch: 'amd64', os.version: '10.0', java.version: '1.8.0_321'
Driver info: org.openqa.selenium.chrome.ChromeDriver
Capabilities {acceptInsecureCerts: false, browserName: chrome, browserVersion: 105.0.5195.102, chrome: {chromedriverVersion: 105.0.5195.52 (412c95e51883..., userDataDir: C:\Users\bhalerao\AppData\L...}, goog:chromeOptions: {debuggerAddress: localhost:50433}, javascriptEnabled: true, networkConnectionEnabled: false, pageLoadStrategy: normal, platform: WINDOWS, platformName: WINDOWS, proxy: Proxy(), setWindowRect: true, strictFileInteractability: false, timeouts: {implicit: 0, pageLoad: 300000, script: 30000}, unhandledPromptBehavior: dismiss and notify, webauthn:extension:credBlob: true, webauthn:extension:largeBlob: true, webauthn:virtualAuthenticators: true}
Session ID: acdea6273e1c1497cf705b78e2615c4d
*** Element info: {Using=xpath, value=//div[@class='pattern-backgound playgound-header']//div[text()='Interactions']}]]>
            </message>
            <full-stacktrace>
              <![CDATA[org.openqa.selenium.NoSuchElementException: no such element: Unable to locate element: {"method":"xpath","selector":"//div[@class='pattern-backgound playgound-header']//div[text()='Interactions']"}
  (Session info: chrome=105.0.5195.102)
For documentation on this error, please visit: https://www.seleniumhq.org/exceptions/no_such_element.html
Build info: version: '3.141.59', revision: 'e82be7d358', time: '2018-11-14T08:17:03'
System info: host: 'LAPTOP-7DB4GVKK', ip: '192.168.7.201', os.name: 'Windows 10', os.arch: 'amd64', os.version: '10.0', java.version: '1.8.0_321'
Driver info: org.openqa.selenium.chrome.ChromeDriver
Capabilities {acceptInsecureCerts: false, browserName: chrome, browserVersion: 105.0.5195.102, chrome: {chromedriverVersion: 105.0.5195.52 (412c95e51883..., userDataDir: C:\Users\bhalerao\AppData\L...}, goog:chromeOptions: {debuggerAddress: localhost:50433}, javascriptEnabled: true, networkConnectionEnabled: false, pageLoadStrategy: normal, platform: WINDOWS, platformName: WINDOWS, proxy: Proxy(), setWindowRect: true, strictFileInteractability: false, timeouts: {implicit: 0, pageLoad: 300000, script: 30000}, unhandledPromptBehavior: dismiss and notify, webauthn:extension:credBlob: true, webauthn:extension:largeBlob: true, webauthn:virtualAuthenticators: true}
Session ID: acdea6273e1c1497cf705b78e2615c4d
*** Element info: {Using=xpath, value=//div[@class='pattern-backgound playgound-header']//div[text()='Interactions']}
at sun.reflect.NativeConstructorAccessorImpl.newInstance0(Native Method)
at sun.reflect.NativeConstructorAccessorImpl.newInstance(NativeConstructorAccessorImpl.java:62)
at sun.reflect.DelegatingConstructorAccessorImpl.newInstance(DelegatingConstructorAccessorImpl.java:45)
at java.lang.reflect.Constructor.newInstance(Constructor.java:423)
at org.openqa.selenium.remote.http.W3CHttpResponseCodec.createException(W3CHttpResponseCodec.java:187)
at org.openqa.selenium.remote.http.W3CHttpResponseCodec.decode(W3CHttpResponseCodec.java:122)
at org.openqa.selenium.remote.http.W3CHttpResponseCodec.decode(W3CHttpResponseCodec.java:49)
at org.openqa.selenium.remote.HttpCommandExecutor.execute(HttpCommandExecutor.java:158)
at org.openqa.selenium.remote.service.DriverCommandExecutor.execute(DriverCommandExecutor.java:83)
at org.openqa.selenium.remote.RemoteWebDriver.execute(RemoteWebDriver.java:552)
at org.openqa.selenium.remote.RemoteWebDriver.findElement(RemoteWebDriver.java:323)
at org.openqa.selenium.remote.RemoteWebDriver.findElementByXPath(RemoteWebDriver.java:428)
at org.openqa.selenium.By$ByXPath.findElement(By.java:353)
at org.openqa.selenium.remote.RemoteWebDriver.findElement(RemoteWebDriver.java:315)
at com.demoQA.page.Interactions.checkTitle(Interactions.java:31)
at com.demoQA.tests.Test_Interactions.verifyTitle(Test_Interactions.java:23)
at sun.reflect.NativeMethodAccessorImpl.invoke0(Native Method)
at sun.reflect.NativeMethodAccessorImpl.invoke(NativeMethodAccessorImpl.java:62)
at sun.reflect.DelegatingMethodAccessorImpl.invoke(DelegatingMethodAccessorImpl.java:43)
at java.lang.reflect.Method.invoke(Method.java:498)
at org.testng.internal.MethodInvocationHelper.invokeMethod(MethodInvocationHelper.java:133)
at org.testng.internal.TestInvoker.invokeMethod(TestInvoker.java:584)
at org.testng.internal.TestInvoker.invokeTestMethod(TestInvoker.java:172)
at org.testng.internal.MethodRunner.runInSequence(MethodRunner.java:46)
at org.testng.internal.TestInvoker$MethodInvocationAgent.invoke(TestInvoker.java:804)
at org.testng.internal.TestInvoker.invokeTestMethods(TestInvoker.java:145)
at org.testng.internal.TestMethodWorker.invokeTestMethods(TestMethodWorker.java:146)
at org.testng.internal.TestMethodWorker.run(TestMethodWorker.java:128)
at java.util.ArrayList.forEach(ArrayList.java:1259)
at org.testng.TestRunner.privateRun(TestRunner.java:770)
at org.testng.TestRunner.run(TestRunner.java:591)
at org.testng.SuiteRunner.runTest(SuiteRunner.java:402)
at org.testng.SuiteRunner.runSequentially(SuiteRunner.java:396)
at org.testng.SuiteRunner.privateRun(SuiteRunner.java:355)
at org.testng.SuiteRunner.run(SuiteRunner.java:304)
at org.testng.SuiteRunnerWorker.runSuite(SuiteRunnerWorker.java:53)
at org.testng.SuiteRunnerWorker.run(SuiteRunnerWorker.java:96)
at org.testng.TestNG.runSuitesSequentially(TestNG.java:1180)
at org.testng.TestNG.runSuitesLocally(TestNG.java:1102)
at org.testng.TestNG.runSuites(TestNG.java:1032)
at org.testng.TestNG.run(TestNG.java:1000)
at org.apache.maven.surefire.testng.TestNGExecutor.run(TestNGExecutor.java:281)
at org.apache.maven.surefire.testng.TestNGXmlTestSuite.execute(TestNGXmlTestSuite.java:75)
at org.apache.maven.surefire.testng.TestNGProvider.invoke(TestNGProvider.java:121)
at org.apache.maven.surefire.booter.ForkedBooter.invokeProviderInSameClassLoader(ForkedBooter.java:290)
at org.apache.maven.surefire.booter.ForkedBooter.runSuitesInProcess(ForkedBooter.java:242)
at org.apache.maven.surefire.booter.ForkedBooter.main(ForkedBooter.java:121)
]]>
            </full-stacktrace>
          </exception> <!-- org.openqa.selenium.NoSuchElementException -->
          <reporter-output>
          </reporter-output>
        </test-method> <!-- verifyTitle -->
        <test-method status="PASS" signature="afterMethod(org.testng.ITestResult)[pri:0, instance:com.demoQA.tests.Test_Interactions@26aa12dd]" name="afterMethod" is-config="true" duration-ms="312" started-at="2022-09-14T22:18:08 IST" finished-at="2022-09-14T22:18:08 IST">
          <params>
            <param index="0">
              <value>
                <![CDATA[[TestResult name=verifyTitle status=FAILURE method=Test_Interactions.verifyTitle()[pri:0, instance:com.demoQA.tests.Test_Interactions@26aa12dd] output={null}]]]>
              </value>
            </param>
          </params>
          <reporter-output>
          </reporter-output>
        </test-method> <!-- afterMethod -->
        <test-method status="PASS" signature="after()[pri:0, instance:com.demoQA.tests.Test_Interactions@26aa12dd]" name="after" is-config="true" duration-ms="1870" started-at="2022-09-14T22:18:08 IST" finished-at="2022-09-14T22:18:10 IST">
          <reporter-output>
          </reporter-output>
        </test-method> <!-- after -->
      </class> <!-- com.demoQA.tests.Test_Interactions -->
    </test> <!-- Test4 -->
    <test name="Test5" duration-ms="43605" started-at="2022-09-14T22:18:10 IST" finished-at="2022-09-14T22:18:54 IST">
      <class name="com.demoQA.tests.Widgets_Test">
        <test-method status="PASS" signature="beforetest()[pri:0, instance:com.demoQA.tests.Widgets_Test@23faf8f2]" name="beforetest" is-config="true" duration-ms="42542" started-at="2022-09-14T22:18:10 IST" finished-at="2022-09-14T22:18:53 IST">
          <reporter-output>
          </reporter-output>
        </test-method> <!-- beforetest -->
        <test-method status="PASS" signature="beforeclass()[pri:0, instance:com.demoQA.tests.Widgets_Test@23faf8f2]" name="beforeclass" is-config="true" duration-ms="139" started-at="2022-09-14T22:18:53 IST" finished-at="2022-09-14T22:18:53 IST">
          <reporter-output>
          </reporter-output>
        </test-method> <!-- beforeclass -->
        <test-method status="PASS" signature="getTitle()[pri:0, instance:com.demoQA.tests.Widgets_Test@23faf8f2]" name="getTitle" duration-ms="40" started-at="2022-09-14T22:18:53 IST" finished-at="2022-09-14T22:18:53 IST">
          <reporter-output>
          </reporter-output>
        </test-method> <!-- getTitle -->
        <test-method status="PASS" signature="afterMethod(org.testng.ITestResult)[pri:0, instance:com.demoQA.tests.Widgets_Test@23faf8f2]" name="afterMethod" is-config="true" duration-ms="0" started-at="2022-09-14T22:18:53 IST" finished-at="2022-09-14T22:18:53 IST">
          <params>
            <param index="0">
              <value>
                <![CDATA[[TestResult name=getTitle status=SUCCESS method=Widgets_Test.getTitle()[pri:0, instance:com.demoQA.tests.Widgets_Test@23faf8f2] output={null}]]]>
              </value>
            </param>
          </params>
          <reporter-output>
          </reporter-output>
        </test-method> <!-- afterMethod -->
        <test-method status="PASS" signature="getTitleOFDatepicker()[pri:0, instance:com.demoQA.tests.Widgets_Test@23faf8f2]" name="getTitleOFDatepicker" duration-ms="112" started-at="2022-09-14T22:18:53 IST" finished-at="2022-09-14T22:18:53 IST">
          <reporter-output>
          </reporter-output>
        </test-method> <!-- getTitleOFDatepicker -->
        <test-method status="PASS" signature="getTitleOFProgressBar()[pri:0, instance:com.demoQA.tests.Widgets_Test@23faf8f2]" name="getTitleOFProgressBar" duration-ms="120" started-at="2022-09-14T22:18:53 IST" finished-at="2022-09-14T22:18:53 IST">
          <reporter-output>
          </reporter-output>
        </test-method> <!-- getTitleOFProgressBar -->
        <test-method status="PASS" signature="afterMethod(org.testng.ITestResult)[pri:0, instance:com.demoQA.tests.Widgets_Test@23faf8f2]" name="afterMethod" is-config="true" duration-ms="0" started-at="2022-09-14T22:18:53 IST" finished-at="2022-09-14T22:18:53 IST">
          <params>
            <param index="0">
              <value>
                <![CDATA[[TestResult name=getTitleOFDatepicker status=SUCCESS method=Widgets_Test.getTitleOFDatepicker()[pri:0, instance:com.demoQA.tests.Widgets_Test@23faf8f2] output={null}]]]>
              </value>
            </param>
          </params>
          <reporter-output>
          </reporter-output>
        </test-method> <!-- afterMethod -->
        <test-method status="PASS" signature="afterMethod(org.testng.ITestResult)[pri:0, instance:com.demoQA.tests.Widgets_Test@23faf8f2]" name="afterMethod" is-config="true" duration-ms="1" started-at="2022-09-14T22:18:53 IST" finished-at="2022-09-14T22:18:53 IST">
          <params>
            <param index="0">
              <value>
                <![CDATA[[TestResult name=getTitleOFProgressBar status=SUCCESS method=Widgets_Test.getTitleOFProgressBar()[pri:0, instance:com.demoQA.tests.Widgets_Test@23faf8f2] output={null}]]]>
              </value>
            </param>
          </params>
          <reporter-output>
          </reporter-output>
        </test-method> <!-- afterMethod -->
        <test-method status="PASS" signature="after()[pri:0, instance:com.demoQA.tests.Widgets_Test@23faf8f2]" name="after" is-config="true" duration-ms="647" started-at="2022-09-14T22:18:53 IST" finished-at="2022-09-14T22:18:54 IST">
          <reporter-output>
          </reporter-output>
        </test-method> <!-- after -->
      </class> <!-- com.demoQA.tests.Widgets_Test -->
    </test> <!-- Test5 -->
    <test name="Test6" duration-ms="100573" started-at="2022-09-14T22:18:54 IST" finished-at="2022-09-14T22:20:34 IST">
      <class name="com.demoQA.tests.Alert_Test">
        <test-method status="PASS" signature="beforetest()[pri:0, instance:com.demoQA.tests.Alert_Test@184f6be2]" name="beforetest" is-config="true" duration-ms="92141" started-at="2022-09-14T22:18:54 IST" finished-at="2022-09-14T22:20:26 IST">
          <reporter-output>
          </reporter-output>
        </test-method> <!-- beforetest -->
        <test-method status="PASS" signature="beforeClass()[pri:0, instance:com.demoQA.tests.Alert_Test@184f6be2]" name="beforeClass" is-config="true" duration-ms="265" started-at="2022-09-14T22:20:26 IST" finished-at="2022-09-14T22:20:26 IST">
          <reporter-output>
          </reporter-output>
        </test-method> <!-- beforeClass -->
        <test-method status="PASS" signature="testAlert()[pri:0, instance:com.demoQA.tests.Alert_Test@184f6be2]" name="testAlert" duration-ms="119" started-at="2022-09-14T22:20:26 IST" finished-at="2022-09-14T22:20:26 IST">
          <reporter-output>
          </reporter-output>
        </test-method> <!-- testAlert -->
        <test-method status="PASS" signature="afterMethod(org.testng.ITestResult)[pri:0, instance:com.demoQA.tests.Alert_Test@184f6be2]" name="afterMethod" is-config="true" duration-ms="1" started-at="2022-09-14T22:20:26 IST" finished-at="2022-09-14T22:20:26 IST">
          <params>
            <param index="0">
              <value>
                <![CDATA[[TestResult name=testAlert status=SUCCESS method=Alert_Test.testAlert()[pri:0, instance:com.demoQA.tests.Alert_Test@184f6be2] output={null}]]]>
              </value>
            </param>
          </params>
          <reporter-output>
          </reporter-output>
        </test-method> <!-- afterMethod -->
        <test-method status="PASS" signature="testConfirmAlert()[pri:0, instance:com.demoQA.tests.Alert_Test@184f6be2]" name="testConfirmAlert" duration-ms="119" started-at="2022-09-14T22:20:26 IST" finished-at="2022-09-14T22:20:26 IST">
          <reporter-output>
          </reporter-output>
        </test-method> <!-- testConfirmAlert -->
        <test-method status="PASS" signature="testPromptAlert()[pri:0, instance:com.demoQA.tests.Alert_Test@184f6be2]" name="testPromptAlert" duration-ms="139" started-at="2022-09-14T22:20:26 IST" finished-at="2022-09-14T22:20:27 IST">
          <reporter-output>
          </reporter-output>
        </test-method> <!-- testPromptAlert -->
        <test-method status="PASS" signature="afterMethod(org.testng.ITestResult)[pri:0, instance:com.demoQA.tests.Alert_Test@184f6be2]" name="afterMethod" is-config="true" duration-ms="0" started-at="2022-09-14T22:20:26 IST" finished-at="2022-09-14T22:20:26 IST">
          <params>
            <param index="0">
              <value>
                <![CDATA[[TestResult name=testConfirmAlert status=SUCCESS method=Alert_Test.testConfirmAlert()[pri:0, instance:com.demoQA.tests.Alert_Test@184f6be2] output={null}]]]>
              </value>
            </param>
          </params>
          <reporter-output>
          </reporter-output>
        </test-method> <!-- afterMethod -->
        <test-method status="PASS" signature="testTimerAlert()[pri:0, instance:com.demoQA.tests.Alert_Test@184f6be2]" name="testTimerAlert" duration-ms="5195" started-at="2022-09-14T22:20:27 IST" finished-at="2022-09-14T22:20:32 IST">
          <reporter-output>
          </reporter-output>
        </test-method> <!-- testTimerAlert -->
        <test-method status="PASS" signature="afterMethod(org.testng.ITestResult)[pri:0, instance:com.demoQA.tests.Alert_Test@184f6be2]" name="afterMethod" is-config="true" duration-ms="0" started-at="2022-09-14T22:20:27 IST" finished-at="2022-09-14T22:20:27 IST">
          <params>
            <param index="0">
              <value>
                <![CDATA[[TestResult name=testPromptAlert status=SUCCESS method=Alert_Test.testPromptAlert()[pri:0, instance:com.demoQA.tests.Alert_Test@184f6be2] output={null}]]]>
              </value>
            </param>
          </params>
          <reporter-output>
          </reporter-output>
        </test-method> <!-- afterMethod -->
        <test-method status="PASS" signature="afterMethod(org.testng.ITestResult)[pri:0, instance:com.demoQA.tests.Alert_Test@184f6be2]" name="afterMethod" is-config="true" duration-ms="0" started-at="2022-09-14T22:20:32 IST" finished-at="2022-09-14T22:20:32 IST">
          <params>
            <param index="0">
              <value>
                <![CDATA[[TestResult name=testTimerAlert status=SUCCESS method=Alert_Test.testTimerAlert()[pri:0, instance:com.demoQA.tests.Alert_Test@184f6be2] output={null}]]]>
              </value>
            </param>
          </params>
          <reporter-output>
          </reporter-output>
        </test-method> <!-- afterMethod -->
        <test-method status="PASS" signature="testTitle()[pri:0, instance:com.demoQA.tests.Alert_Test@184f6be2]" name="testTitle" duration-ms="43" started-at="2022-09-14T22:20:32 IST" finished-at="2022-09-14T22:20:32 IST">
          <reporter-output>
          </reporter-output>
        </test-method> <!-- testTitle -->
        <test-method status="PASS" signature="afterMethod(org.testng.ITestResult)[pri:0, instance:com.demoQA.tests.Alert_Test@184f6be2]" name="afterMethod" is-config="true" duration-ms="1" started-at="2022-09-14T22:20:32 IST" finished-at="2022-09-14T22:20:32 IST">
          <params>
            <param index="0">
              <value>
                <![CDATA[[TestResult name=testTitle status=SUCCESS method=Alert_Test.testTitle()[pri:0, instance:com.demoQA.tests.Alert_Test@184f6be2] output={null}]]]>
              </value>
            </param>
          </params>
          <reporter-output>
          </reporter-output>
        </test-method> <!-- afterMethod -->
        <test-method status="PASS" signature="after()[pri:0, instance:com.demoQA.tests.Alert_Test@184f6be2]" name="after" is-config="true" duration-ms="2548" started-at="2022-09-14T22:20:32 IST" finished-at="2022-09-14T22:20:34 IST">
          <reporter-output>
          </reporter-output>
        </test-method> <!-- after -->
      </class> <!-- com.demoQA.tests.Alert_Test -->
    </test> <!-- Test6 -->
    <test name="Test7" duration-ms="42452" started-at="2022-09-14T22:20:34 IST" finished-at="2022-09-14T22:21:17 IST">
      <class name="com.demoQA.tests.Frame_Test">
        <test-method status="PASS" signature="beforetest()[pri:0, instance:com.demoQA.tests.Frame_Test@1d29cf23]" name="beforetest" is-config="true" duration-ms="40432" started-at="2022-09-14T22:20:34 IST" finished-at="2022-09-14T22:21:15 IST">
          <reporter-output>
          </reporter-output>
        </test-method> <!-- beforetest -->
        <test-method status="PASS" signature="beforeClass()[pri:0, instance:com.demoQA.tests.Frame_Test@1d29cf23]" name="beforeClass" is-config="true" duration-ms="202" started-at="2022-09-14T22:21:15 IST" finished-at="2022-09-14T22:21:15 IST">
          <reporter-output>
          </reporter-output>
        </test-method> <!-- beforeClass -->
        <test-method status="PASS" signature="verifyTitle()[pri:0, instance:com.demoQA.tests.Frame_Test@1d29cf23]" name="verifyTitle" duration-ms="37" started-at="2022-09-14T22:21:15 IST" finished-at="2022-09-14T22:21:15 IST">
          <reporter-output>
          </reporter-output>
        </test-method> <!-- verifyTitle -->
        <test-method status="PASS" signature="afterMethod(org.testng.ITestResult)[pri:0, instance:com.demoQA.tests.Frame_Test@1d29cf23]" name="afterMethod" is-config="true" duration-ms="0" started-at="2022-09-14T22:21:15 IST" finished-at="2022-09-14T22:21:15 IST">
          <params>
            <param index="0">
              <value>
                <![CDATA[[TestResult name=verifyTitle status=SUCCESS method=Frame_Test.verifyTitle()[pri:0, instance:com.demoQA.tests.Frame_Test@1d29cf23] output={null}]]]>
              </value>
            </param>
          </params>
          <reporter-output>
          </reporter-output>
        </test-method> <!-- afterMethod -->
        <test-method status="PASS" signature="testFrame()[pri:1, instance:com.demoQA.tests.Frame_Test@1d29cf23]" name="testFrame" duration-ms="775" started-at="2022-09-14T22:21:15 IST" finished-at="2022-09-14T22:21:16 IST">
          <reporter-output>
          </reporter-output>
        </test-method> <!-- testFrame -->
        <test-method status="PASS" signature="afterMethod(org.testng.ITestResult)[pri:0, instance:com.demoQA.tests.Frame_Test@1d29cf23]" name="afterMethod" is-config="true" duration-ms="1" started-at="2022-09-14T22:21:16 IST" finished-at="2022-09-14T22:21:16 IST">
          <params>
            <param index="0">
              <value>
                <![CDATA[[TestResult name=testFrame status=SUCCESS method=Frame_Test.testFrame()[pri:1, instance:com.demoQA.tests.Frame_Test@1d29cf23] output={null}]]]>
              </value>
            </param>
          </params>
          <reporter-output>
          </reporter-output>
        </test-method> <!-- afterMethod -->
        <test-method status="PASS" signature="after()[pri:0, instance:com.demoQA.tests.Frame_Test@1d29cf23]" name="after" is-config="true" duration-ms="1003" started-at="2022-09-14T22:21:16 IST" finished-at="2022-09-14T22:21:17 IST">
          <reporter-output>
          </reporter-output>
        </test-method> <!-- after -->
      </class> <!-- com.demoQA.tests.Frame_Test -->
    </test> <!-- Test7 -->
    <test name="Test8" duration-ms="45239" started-at="2022-09-14T22:21:17 IST" finished-at="2022-09-14T22:22:02 IST">
      <class name="com.demoQA.tests.HomePage_Test">
        <test-method status="PASS" signature="beforetest()[pri:0, instance:com.demoQA.tests.HomePage_Test@1786dec2]" name="beforetest" is-config="true" duration-ms="44408" started-at="2022-09-14T22:21:17 IST" finished-at="2022-09-14T22:22:01 IST">
          <reporter-output>
          </reporter-output>
        </test-method> <!-- beforetest -->
        <test-method status="PASS" signature="testElement()[pri:0, instance:com.demoQA.tests.HomePage_Test@1786dec2]" name="testElement" duration-ms="165" started-at="2022-09-14T22:22:01 IST" finished-at="2022-09-14T22:22:02 IST">
          <reporter-output>
          </reporter-output>
        </test-method> <!-- testElement -->
        <test-method status="PASS" signature="afterMethod(org.testng.ITestResult)[pri:0, instance:com.demoQA.tests.HomePage_Test@1786dec2]" name="afterMethod" is-config="true" duration-ms="0" started-at="2022-09-14T22:22:02 IST" finished-at="2022-09-14T22:22:02 IST">
          <params>
            <param index="0">
              <value>
                <![CDATA[[TestResult name=testElement status=SUCCESS method=HomePage_Test.testElement()[pri:0, instance:com.demoQA.tests.HomePage_Test@1786dec2] output={null}]]]>
              </value>
            </param>
          </params>
          <reporter-output>
          </reporter-output>
        </test-method> <!-- afterMethod -->
        <test-method status="PASS" signature="after()[pri:0, instance:com.demoQA.tests.HomePage_Test@1786dec2]" name="after" is-config="true" duration-ms="662" started-at="2022-09-14T22:22:02 IST" finished-at="2022-09-14T22:22:02 IST">
          <reporter-output>
          </reporter-output>
        </test-method> <!-- after -->
      </class> <!-- com.demoQA.tests.HomePage_Test -->
    </test> <!-- Test8 -->
    <test name="Test9" duration-ms="21867" started-at="2022-09-14T22:22:02 IST" finished-at="2022-09-14T22:22:24 IST">
      <class name="com.demoQA.tests.ToolTip_Test">
        <test-method status="PASS" signature="beforetest()[pri:0, instance:com.demoQA.tests.ToolTip_Test@2833cc44]" name="beforetest" is-config="true" duration-ms="17078" started-at="2022-09-14T22:22:02 IST" finished-at="2022-09-14T22:22:19 IST">
          <reporter-output>
          </reporter-output>
        </test-method> <!-- beforetest -->
        <test-method status="PASS" signature="beforeclass()[pri:0, instance:com.demoQA.tests.ToolTip_Test@2833cc44]" name="beforeclass" is-config="true" duration-ms="203" started-at="2022-09-14T22:22:19 IST" finished-at="2022-09-14T22:22:20 IST">
          <reporter-output>
          </reporter-output>
        </test-method> <!-- beforeclass -->
        <test-method status="PASS" signature="verifyEnterText()[pri:0, instance:com.demoQA.tests.ToolTip_Test@2833cc44]" name="verifyEnterText" duration-ms="437" started-at="2022-09-14T22:22:20 IST" finished-at="2022-09-14T22:22:20 IST">
          <reporter-output>
          </reporter-output>
        </test-method> <!-- verifyEnterText -->
        <test-method status="PASS" signature="verifyHoverFieldText()[pri:0, instance:com.demoQA.tests.ToolTip_Test@2833cc44]" name="verifyHoverFieldText" duration-ms="509" started-at="2022-09-14T22:22:20 IST" finished-at="2022-09-14T22:22:21 IST">
          <reporter-output>
          </reporter-output>
        </test-method> <!-- verifyHoverFieldText -->
        <test-method status="PASS" signature="afterMethod(org.testng.ITestResult)[pri:0, instance:com.demoQA.tests.ToolTip_Test@2833cc44]" name="afterMethod" is-config="true" duration-ms="0" started-at="2022-09-14T22:22:20 IST" finished-at="2022-09-14T22:22:20 IST">
          <params>
            <param index="0">
              <value>
                <![CDATA[[TestResult name=verifyEnterText status=SUCCESS method=ToolTip_Test.verifyEnterText()[pri:0, instance:com.demoQA.tests.ToolTip_Test@2833cc44] output={null}]]]>
              </value>
            </param>
          </params>
          <reporter-output>
          </reporter-output>
        </test-method> <!-- afterMethod -->
        <test-method status="PASS" signature="verifyHoverText()[pri:0, instance:com.demoQA.tests.ToolTip_Test@2833cc44]" name="verifyHoverText" duration-ms="623" started-at="2022-09-14T22:22:21 IST" finished-at="2022-09-14T22:22:21 IST">
          <reporter-output>
          </reporter-output>
        </test-method> <!-- verifyHoverText -->
        <test-method status="PASS" signature="afterMethod(org.testng.ITestResult)[pri:0, instance:com.demoQA.tests.ToolTip_Test@2833cc44]" name="afterMethod" is-config="true" duration-ms="0" started-at="2022-09-14T22:22:21 IST" finished-at="2022-09-14T22:22:21 IST">
          <params>
            <param index="0">
              <value>
                <![CDATA[[TestResult name=verifyHoverFieldText status=SUCCESS method=ToolTip_Test.verifyHoverFieldText()[pri:0, instance:com.demoQA.tests.ToolTip_Test@2833cc44] output={null}]]]>
              </value>
            </param>
          </params>
          <reporter-output>
          </reporter-output>
        </test-method> <!-- afterMethod -->
        <test-method status="PASS" signature="afterMethod(org.testng.ITestResult)[pri:0, instance:com.demoQA.tests.ToolTip_Test@2833cc44]" name="afterMethod" is-config="true" duration-ms="0" started-at="2022-09-14T22:22:21 IST" finished-at="2022-09-14T22:22:21 IST">
          <params>
            <param index="0">
              <value>
                <![CDATA[[TestResult name=verifyHoverText status=SUCCESS method=ToolTip_Test.verifyHoverText()[pri:0, instance:com.demoQA.tests.ToolTip_Test@2833cc44] output={null}]]]>
              </value>
            </param>
          </params>
          <reporter-output>
          </reporter-output>
        </test-method> <!-- afterMethod -->
        <test-method status="PASS" signature="verifyTitle()[pri:0, instance:com.demoQA.tests.ToolTip_Test@2833cc44]" name="verifyTitle" duration-ms="83" started-at="2022-09-14T22:22:21 IST" finished-at="2022-09-14T22:22:21 IST">
          <reporter-output>
          </reporter-output>
        </test-method> <!-- verifyTitle -->
        <test-method status="PASS" signature="afterMethod(org.testng.ITestResult)[pri:0, instance:com.demoQA.tests.ToolTip_Test@2833cc44]" name="afterMethod" is-config="true" duration-ms="0" started-at="2022-09-14T22:22:21 IST" finished-at="2022-09-14T22:22:21 IST">
          <params>
            <param index="0">
              <value>
                <![CDATA[[TestResult name=verifyTitle status=SUCCESS method=ToolTip_Test.verifyTitle()[pri:0, instance:com.demoQA.tests.ToolTip_Test@2833cc44] output={null}]]]>
              </value>
            </param>
          </params>
          <reporter-output>
          </reporter-output>
        </test-method> <!-- afterMethod -->
        <test-method status="PASS" signature="after()[pri:0, instance:com.demoQA.tests.ToolTip_Test@2833cc44]" name="after" is-config="true" duration-ms="2931" started-at="2022-09-14T22:22:21 IST" finished-at="2022-09-14T22:22:24 IST">
          <reporter-output>
          </reporter-output>
        </test-method> <!-- after -->
      </class> <!-- com.demoQA.tests.ToolTip_Test -->
    </test> <!-- Test9 -->
    <test name="Test10" duration-ms="36429" started-at="2022-09-14T22:22:25 IST" finished-at="2022-09-14T22:23:01 IST">
      <class name="com.demoQA.tests.NestedFrames_Test">
        <test-method status="PASS" signature="beforetest()[pri:0, instance:com.demoQA.tests.NestedFrames_Test@536aaa8d]" name="beforetest" is-config="true" duration-ms="30148" started-at="2022-09-14T22:22:25 IST" finished-at="2022-09-14T22:22:55 IST">
          <reporter-output>
          </reporter-output>
        </test-method> <!-- beforetest -->
        <test-method status="PASS" signature="beforeClass()[pri:0, instance:com.demoQA.tests.NestedFrames_Test@536aaa8d]" name="beforeClass" is-config="true" duration-ms="194" started-at="2022-09-14T22:22:55 IST" finished-at="2022-09-14T22:22:55 IST">
          <reporter-output>
          </reporter-output>
        </test-method> <!-- beforeClass -->
        <test-method status="PASS" signature="verifyTitle()[pri:0, instance:com.demoQA.tests.NestedFrames_Test@536aaa8d]" name="verifyTitle" duration-ms="42" started-at="2022-09-14T22:22:55 IST" finished-at="2022-09-14T22:22:55 IST">
          <reporter-output>
          </reporter-output>
        </test-method> <!-- verifyTitle -->
        <test-method status="PASS" signature="afterMethod(org.testng.ITestResult)[pri:0, instance:com.demoQA.tests.NestedFrames_Test@536aaa8d]" name="afterMethod" is-config="true" duration-ms="0" started-at="2022-09-14T22:22:55 IST" finished-at="2022-09-14T22:22:55 IST">
          <params>
            <param index="0">
              <value>
                <![CDATA[[TestResult name=verifyTitle status=SUCCESS method=NestedFrames_Test.verifyTitle()[pri:0, instance:com.demoQA.tests.NestedFrames_Test@536aaa8d] output={null}]]]>
              </value>
            </param>
          </params>
          <reporter-output>
          </reporter-output>
        </test-method> <!-- afterMethod -->
        <test-method status="PASS" signature="verifyNestedFrame()[pri:1, instance:com.demoQA.tests.NestedFrames_Test@536aaa8d]" name="verifyNestedFrame" duration-ms="3228" started-at="2022-09-14T22:22:55 IST" finished-at="2022-09-14T22:22:58 IST">
          <reporter-output>
          </reporter-output>
        </test-method> <!-- verifyNestedFrame -->
        <test-method status="PASS" signature="afterMethod(org.testng.ITestResult)[pri:0, instance:com.demoQA.tests.NestedFrames_Test@536aaa8d]" name="afterMethod" is-config="true" duration-ms="0" started-at="2022-09-14T22:22:58 IST" finished-at="2022-09-14T22:22:58 IST">
          <params>
            <param index="0">
              <value>
                <![CDATA[[TestResult name=verifyNestedFrame status=SUCCESS method=NestedFrames_Test.verifyNestedFrame()[pri:1, instance:com.demoQA.tests.NestedFrames_Test@536aaa8d] output={null}]]]>
              </value>
            </param>
          </params>
          <reporter-output>
          </reporter-output>
        </test-method> <!-- afterMethod -->
        <test-method status="PASS" signature="after()[pri:0, instance:com.demoQA.tests.NestedFrames_Test@536aaa8d]" name="after" is-config="true" duration-ms="2815" started-at="2022-09-14T22:22:58 IST" finished-at="2022-09-14T22:23:01 IST">
          <reporter-output>
          </reporter-output>
        </test-method> <!-- after -->
      </class> <!-- com.demoQA.tests.NestedFrames_Test -->
    </test> <!-- Test10 -->
    <test name="Test11" duration-ms="36515" started-at="2022-09-14T22:23:03 IST" finished-at="2022-09-14T22:23:39 IST">
      <class name="com.demoQA.tests.Alert_Frame_Window_Page_Test">
        <test-method status="PASS" signature="beforetest()[pri:0, instance:com.demoQA.tests.Alert_Frame_Window_Page_Test@2781e022]" name="beforetest" is-config="true" duration-ms="30957" started-at="2022-09-14T22:23:03 IST" finished-at="2022-09-14T22:23:34 IST">
          <reporter-output>
          </reporter-output>
        </test-method> <!-- beforetest -->
        <test-method status="PASS" signature="beforeclass()[pri:0, instance:com.demoQA.tests.Alert_Frame_Window_Page_Test@2781e022]" name="beforeclass" is-config="true" duration-ms="129" started-at="2022-09-14T22:23:34 IST" finished-at="2022-09-14T22:23:34 IST">
          <reporter-output>
          </reporter-output>
        </test-method> <!-- beforeclass -->
        <test-method status="PASS" signature="testAlertTitle()[pri:0, instance:com.demoQA.tests.Alert_Frame_Window_Page_Test@2781e022]" name="testAlertTitle" duration-ms="121" started-at="2022-09-14T22:23:34 IST" finished-at="2022-09-14T22:23:34 IST">
          <reporter-output>
          </reporter-output>
        </test-method> <!-- testAlertTitle -->
        <test-method status="PASS" signature="testFrameTitle()[pri:0, instance:com.demoQA.tests.Alert_Frame_Window_Page_Test@2781e022]" name="testFrameTitle" duration-ms="106" started-at="2022-09-14T22:23:34 IST" finished-at="2022-09-14T22:23:34 IST">
          <reporter-output>
          </reporter-output>
        </test-method> <!-- testFrameTitle -->
        <test-method status="PASS" signature="afterMethod(org.testng.ITestResult)[pri:0, instance:com.demoQA.tests.Alert_Frame_Window_Page_Test@2781e022]" name="afterMethod" is-config="true" duration-ms="0" started-at="2022-09-14T22:23:34 IST" finished-at="2022-09-14T22:23:34 IST">
          <params>
            <param index="0">
              <value>
                <![CDATA[[TestResult name=testAlertTitle status=SUCCESS method=Alert_Frame_Window_Page_Test.testAlertTitle()[pri:0, instance:com.demoQA.tests.Alert_Frame_Window_Page_Test@2781e022] output={null}]]]>
              </value>
            </param>
          </params>
          <reporter-output>
          </reporter-output>
        </test-method> <!-- afterMethod -->
        <test-method status="PASS" signature="afterMethod(org.testng.ITestResult)[pri:0, instance:com.demoQA.tests.Alert_Frame_Window_Page_Test@2781e022]" name="afterMethod" is-config="true" duration-ms="0" started-at="2022-09-14T22:23:34 IST" finished-at="2022-09-14T22:23:34 IST">
          <params>
            <param index="0">
              <value>
                <![CDATA[[TestResult name=testFrameTitle status=SUCCESS method=Alert_Frame_Window_Page_Test.testFrameTitle()[pri:0, instance:com.demoQA.tests.Alert_Frame_Window_Page_Test@2781e022] output={null}]]]>
              </value>
            </param>
          </params>
          <reporter-output>
          </reporter-output>
        </test-method> <!-- afterMethod -->
        <test-method status="FAIL" signature="testNestedIFrameTitle()[pri:0, instance:com.demoQA.tests.Alert_Frame_Window_Page_Test@2781e022]" name="testNestedIFrameTitle" duration-ms="1110" started-at="2022-09-14T22:23:34 IST" finished-at="2022-09-14T22:23:35 IST">
          <exception class="org.openqa.selenium.ElementClickInterceptedException">
            <message>
              <![CDATA[element click intercepted: Element <span class="text">...</span> is not clickable at point (139, 584). Other element would receive the click: <div id="fixedban" style="width:100%;margin:auto;text-align:center;float:none;overflow:hidden;display:scroll;position:fixed;bottom:0;z-index:9999999">...</div>
  (Session info: chrome=105.0.5195.102)
Build info: version: '3.141.59', revision: 'e82be7d358', time: '2018-11-14T08:17:03'
System info: host: 'LAPTOP-7DB4GVKK', ip: '192.168.7.201', os.name: 'Windows 10', os.arch: 'amd64', os.version: '10.0', java.version: '1.8.0_321'
Driver info: org.openqa.selenium.chrome.ChromeDriver
Capabilities {acceptInsecureCerts: false, browserName: chrome, browserVersion: 105.0.5195.102, chrome: {chromedriverVersion: 105.0.5195.52 (412c95e51883..., userDataDir: C:\Users\bhalerao\AppData\L...}, goog:chromeOptions: {debuggerAddress: localhost:61100}, javascriptEnabled: true, networkConnectionEnabled: false, pageLoadStrategy: normal, platform: WINDOWS, platformName: WINDOWS, proxy: Proxy(), setWindowRect: true, strictFileInteractability: false, timeouts: {implicit: 0, pageLoad: 300000, script: 30000}, unhandledPromptBehavior: dismiss and notify, webauthn:extension:credBlob: true, webauthn:extension:largeBlob: true, webauthn:virtualAuthenticators: true}
Session ID: 3f7542af68fbe13ed9a0db4d087bd8fc]]>
            </message>
            <full-stacktrace>
              <![CDATA[org.openqa.selenium.ElementClickInterceptedException: element click intercepted: Element <span class="text">...</span> is not clickable at point (139, 584). Other element would receive the click: <div id="fixedban" style="width:100%;margin:auto;text-align:center;float:none;overflow:hidden;display:scroll;position:fixed;bottom:0;z-index:9999999">...</div>
  (Session info: chrome=105.0.5195.102)
Build info: version: '3.141.59', revision: 'e82be7d358', time: '2018-11-14T08:17:03'
System info: host: 'LAPTOP-7DB4GVKK', ip: '192.168.7.201', os.name: 'Windows 10', os.arch: 'amd64', os.version: '10.0', java.version: '1.8.0_321'
Driver info: org.openqa.selenium.chrome.ChromeDriver
Capabilities {acceptInsecureCerts: false, browserName: chrome, browserVersion: 105.0.5195.102, chrome: {chromedriverVersion: 105.0.5195.52 (412c95e51883..., userDataDir: C:\Users\bhalerao\AppData\L...}, goog:chromeOptions: {debuggerAddress: localhost:61100}, javascriptEnabled: true, networkConnectionEnabled: false, pageLoadStrategy: normal, platform: WINDOWS, platformName: WINDOWS, proxy: Proxy(), setWindowRect: true, strictFileInteractability: false, timeouts: {implicit: 0, pageLoad: 300000, script: 30000}, unhandledPromptBehavior: dismiss and notify, webauthn:extension:credBlob: true, webauthn:extension:largeBlob: true, webauthn:virtualAuthenticators: true}
Session ID: 3f7542af68fbe13ed9a0db4d087bd8fc
at sun.reflect.NativeConstructorAccessorImpl.newInstance0(Native Method)
at sun.reflect.NativeConstructorAccessorImpl.newInstance(NativeConstructorAccessorImpl.java:62)
at sun.reflect.DelegatingConstructorAccessorImpl.newInstance(DelegatingConstructorAccessorImpl.java:45)
at java.lang.reflect.Constructor.newInstance(Constructor.java:423)
at org.openqa.selenium.remote.http.W3CHttpResponseCodec.createException(W3CHttpResponseCodec.java:187)
at org.openqa.selenium.remote.http.W3CHttpResponseCodec.decode(W3CHttpResponseCodec.java:122)
at org.openqa.selenium.remote.http.W3CHttpResponseCodec.decode(W3CHttpResponseCodec.java:49)
at org.openqa.selenium.remote.HttpCommandExecutor.execute(HttpCommandExecutor.java:158)
at org.openqa.selenium.remote.service.DriverCommandExecutor.execute(DriverCommandExecutor.java:83)
at org.openqa.selenium.remote.RemoteWebDriver.execute(RemoteWebDriver.java:552)
at org.openqa.selenium.remote.RemoteWebElement.execute(RemoteWebElement.java:285)
at org.openqa.selenium.remote.RemoteWebElement.click(RemoteWebElement.java:84)
at com.demoQA.page.Alert_Frame_Window_Page.goToNestedFrame(Alert_Frame_Window_Page.java:34)
at com.demoQA.tests.Alert_Frame_Window_Page_Test.testNestedIFrameTitle(Alert_Frame_Window_Page_Test.java:43)
at sun.reflect.NativeMethodAccessorImpl.invoke0(Native Method)
at sun.reflect.NativeMethodAccessorImpl.invoke(NativeMethodAccessorImpl.java:62)
at sun.reflect.DelegatingMethodAccessorImpl.invoke(DelegatingMethodAccessorImpl.java:43)
at java.lang.reflect.Method.invoke(Method.java:498)
at org.testng.internal.MethodInvocationHelper.invokeMethod(MethodInvocationHelper.java:133)
at org.testng.internal.TestInvoker.invokeMethod(TestInvoker.java:584)
at org.testng.internal.TestInvoker.invokeTestMethod(TestInvoker.java:172)
at org.testng.internal.MethodRunner.runInSequence(MethodRunner.java:46)
at org.testng.internal.TestInvoker$MethodInvocationAgent.invoke(TestInvoker.java:804)
at org.testng.internal.TestInvoker.invokeTestMethods(TestInvoker.java:145)
at org.testng.internal.TestMethodWorker.invokeTestMethods(TestMethodWorker.java:146)
at org.testng.internal.TestMethodWorker.run(TestMethodWorker.java:128)
at java.util.ArrayList.forEach(ArrayList.java:1259)
at org.testng.TestRunner.privateRun(TestRunner.java:770)
at org.testng.TestRunner.run(TestRunner.java:591)
at org.testng.SuiteRunner.runTest(SuiteRunner.java:402)
at org.testng.SuiteRunner.runSequentially(SuiteRunner.java:396)
at org.testng.SuiteRunner.privateRun(SuiteRunner.java:355)
at org.testng.SuiteRunner.run(SuiteRunner.java:304)
at org.testng.SuiteRunnerWorker.runSuite(SuiteRunnerWorker.java:53)
at org.testng.SuiteRunnerWorker.run(SuiteRunnerWorker.java:96)
at org.testng.TestNG.runSuitesSequentially(TestNG.java:1180)
at org.testng.TestNG.runSuitesLocally(TestNG.java:1102)
at org.testng.TestNG.runSuites(TestNG.java:1032)
at org.testng.TestNG.run(TestNG.java:1000)
at org.apache.maven.surefire.testng.TestNGExecutor.run(TestNGExecutor.java:281)
at org.apache.maven.surefire.testng.TestNGXmlTestSuite.execute(TestNGXmlTestSuite.java:75)
at org.apache.maven.surefire.testng.TestNGProvider.invoke(TestNGProvider.java:121)
at org.apache.maven.surefire.booter.ForkedBooter.invokeProviderInSameClassLoader(ForkedBooter.java:290)
at org.apache.maven.surefire.booter.ForkedBooter.runSuitesInProcess(ForkedBooter.java:242)
at org.apache.maven.surefire.booter.ForkedBooter.main(ForkedBooter.java:121)
]]>
            </full-stacktrace>
          </exception> <!-- org.openqa.selenium.ElementClickInterceptedException -->
          <reporter-output>
          </reporter-output>
        </test-method> <!-- testNestedIFrameTitle -->
        <test-method status="PASS" signature="afterMethod(org.testng.ITestResult)[pri:0, instance:com.demoQA.tests.Alert_Frame_Window_Page_Test@2781e022]" name="afterMethod" is-config="true" duration-ms="1529" started-at="2022-09-14T22:23:35 IST" finished-at="2022-09-14T22:23:37 IST">
          <params>
            <param index="0">
              <value>
                <![CDATA[[TestResult name=testNestedIFrameTitle status=FAILURE method=Alert_Frame_Window_Page_Test.testNestedIFrameTitle()[pri:0, instance:com.demoQA.tests.Alert_Frame_Window_Page_Test@2781e022] output={null}]]]>
              </value>
            </param>
          </params>
          <reporter-output>
          </reporter-output>
        </test-method> <!-- afterMethod -->
        <test-method status="PASS" signature="after()[pri:0, instance:com.demoQA.tests.Alert_Frame_Window_Page_Test@2781e022]" name="after" is-config="true" duration-ms="2559" started-at="2022-09-14T22:23:37 IST" finished-at="2022-09-14T22:23:39 IST">
          <reporter-output>
          </reporter-output>
        </test-method> <!-- after -->
      </class> <!-- com.demoQA.tests.Alert_Frame_Window_Page_Test -->
    </test> <!-- Test11 -->
    <test name="Test12" duration-ms="39803" started-at="2022-09-14T22:23:39 IST" finished-at="2022-09-14T22:24:19 IST">
      <class name="com.demoQA.tests.Browsers_Windows_Test">
        <test-method status="PASS" signature="beforetest()[pri:0, instance:com.demoQA.tests.Browsers_Windows_Test@34cd072c]" name="beforetest" is-config="true" duration-ms="19682" started-at="2022-09-14T22:23:39 IST" finished-at="2022-09-14T22:23:59 IST">
          <reporter-output>
          </reporter-output>
        </test-method> <!-- beforetest -->
        <test-method status="PASS" signature="beforeClass()[pri:0, instance:com.demoQA.tests.Browsers_Windows_Test@34cd072c]" name="beforeClass" is-config="true" duration-ms="220" started-at="2022-09-14T22:23:59 IST" finished-at="2022-09-14T22:23:59 IST">
          <reporter-output>
          </reporter-output>
        </test-method> <!-- beforeClass -->
        <test-method status="PASS" signature="verifyTitle()[pri:0, instance:com.demoQA.tests.Browsers_Windows_Test@34cd072c]" name="verifyTitle" duration-ms="33" started-at="2022-09-14T22:23:59 IST" finished-at="2022-09-14T22:23:59 IST">
          <reporter-output>
          </reporter-output>
        </test-method> <!-- verifyTitle -->
        <test-method status="PASS" signature="afterMethod(org.testng.ITestResult)[pri:0, instance:com.demoQA.tests.Browsers_Windows_Test@34cd072c]" name="afterMethod" is-config="true" duration-ms="1" started-at="2022-09-14T22:23:59 IST" finished-at="2022-09-14T22:23:59 IST">
          <params>
            <param index="0">
              <value>
                <![CDATA[[TestResult name=verifyTitle status=SUCCESS method=Browsers_Windows_Test.verifyTitle()[pri:0, instance:com.demoQA.tests.Browsers_Windows_Test@34cd072c] output={null}]]]>
              </value>
            </param>
          </params>
          <reporter-output>
          </reporter-output>
        </test-method> <!-- afterMethod -->
        <test-method status="PASS" signature="verifyNewTab()[pri:1, instance:com.demoQA.tests.Browsers_Windows_Test@34cd072c]" name="verifyNewTab" duration-ms="3996" started-at="2022-09-14T22:23:59 IST" finished-at="2022-09-14T22:24:03 IST">
          <reporter-output>
          </reporter-output>
        </test-method> <!-- verifyNewTab -->
        <test-method status="FAIL" signature="verifyNewWindow()[pri:2, instance:com.demoQA.tests.Browsers_Windows_Test@34cd072c]" name="verifyNewWindow" duration-ms="10224" started-at="2022-09-14T22:24:03 IST" finished-at="2022-09-14T22:24:14 IST">
          <exception class="org.openqa.selenium.NoSuchElementException">
            <message>
              <![CDATA[no such element: Unable to locate element: {"method":"xpath","selector":"//body[contains(text(),'Knowledge increases by sharing but not by saving')] "}
  (Session info: chrome=105.0.5195.102)
For documentation on this error, please visit: https://www.seleniumhq.org/exceptions/no_such_element.html
Build info: version: '3.141.59', revision: 'e82be7d358', time: '2018-11-14T08:17:03'
System info: host: 'LAPTOP-7DB4GVKK', ip: '192.168.7.201', os.name: 'Windows 10', os.arch: 'amd64', os.version: '10.0', java.version: '1.8.0_321'
Driver info: org.openqa.selenium.chrome.ChromeDriver
Capabilities {acceptInsecureCerts: false, browserName: chrome, browserVersion: 105.0.5195.102, chrome: {chromedriverVersion: 105.0.5195.52 (412c95e51883..., userDataDir: C:\Users\bhalerao\AppData\L...}, goog:chromeOptions: {debuggerAddress: localhost:61181}, javascriptEnabled: true, networkConnectionEnabled: false, pageLoadStrategy: normal, platform: WINDOWS, platformName: WINDOWS, proxy: Proxy(), setWindowRect: true, strictFileInteractability: false, timeouts: {implicit: 0, pageLoad: 300000, script: 30000}, unhandledPromptBehavior: dismiss and notify, webauthn:extension:credBlob: true, webauthn:extension:largeBlob: true, webauthn:virtualAuthenticators: true}
Session ID: d356d582c430e826626f2fa4477a22a4
*** Element info: {Using=xpath, value=//body[contains(text(),'Knowledge increases by sharing but not by saving')] }]]>
            </message>
            <full-stacktrace>
              <![CDATA[org.openqa.selenium.NoSuchElementException: no such element: Unable to locate element: {"method":"xpath","selector":"//body[contains(text(),'Knowledge increases by sharing but not by saving')] "}
  (Session info: chrome=105.0.5195.102)
For documentation on this error, please visit: https://www.seleniumhq.org/exceptions/no_such_element.html
Build info: version: '3.141.59', revision: 'e82be7d358', time: '2018-11-14T08:17:03'
System info: host: 'LAPTOP-7DB4GVKK', ip: '192.168.7.201', os.name: 'Windows 10', os.arch: 'amd64', os.version: '10.0', java.version: '1.8.0_321'
Driver info: org.openqa.selenium.chrome.ChromeDriver
Capabilities {acceptInsecureCerts: false, browserName: chrome, browserVersion: 105.0.5195.102, chrome: {chromedriverVersion: 105.0.5195.52 (412c95e51883..., userDataDir: C:\Users\bhalerao\AppData\L...}, goog:chromeOptions: {debuggerAddress: localhost:61181}, javascriptEnabled: true, networkConnectionEnabled: false, pageLoadStrategy: normal, platform: WINDOWS, platformName: WINDOWS, proxy: Proxy(), setWindowRect: true, strictFileInteractability: false, timeouts: {implicit: 0, pageLoad: 300000, script: 30000}, unhandledPromptBehavior: dismiss and notify, webauthn:extension:credBlob: true, webauthn:extension:largeBlob: true, webauthn:virtualAuthenticators: true}
Session ID: d356d582c430e826626f2fa4477a22a4
*** Element info: {Using=xpath, value=//body[contains(text(),'Knowledge increases by sharing but not by saving')] }
at sun.reflect.NativeConstructorAccessorImpl.newInstance0(Native Method)
at sun.reflect.NativeConstructorAccessorImpl.newInstance(NativeConstructorAccessorImpl.java:62)
at sun.reflect.DelegatingConstructorAccessorImpl.newInstance(DelegatingConstructorAccessorImpl.java:45)
at java.lang.reflect.Constructor.newInstance(Constructor.java:423)
at org.openqa.selenium.remote.http.W3CHttpResponseCodec.createException(W3CHttpResponseCodec.java:187)
at org.openqa.selenium.remote.http.W3CHttpResponseCodec.decode(W3CHttpResponseCodec.java:122)
at org.openqa.selenium.remote.http.W3CHttpResponseCodec.decode(W3CHttpResponseCodec.java:49)
at org.openqa.selenium.remote.HttpCommandExecutor.execute(HttpCommandExecutor.java:158)
at org.openqa.selenium.remote.service.DriverCommandExecutor.execute(DriverCommandExecutor.java:83)
at org.openqa.selenium.remote.RemoteWebDriver.execute(RemoteWebDriver.java:552)
at org.openqa.selenium.remote.RemoteWebDriver.findElement(RemoteWebDriver.java:323)
at org.openqa.selenium.remote.RemoteWebDriver.findElementByXPath(RemoteWebDriver.java:428)
at org.openqa.selenium.By$ByXPath.findElement(By.java:353)
at org.openqa.selenium.remote.RemoteWebDriver.findElement(RemoteWebDriver.java:315)
at com.demoQA.page.Browser_Windows.switchToNewWindows(Browser_Windows.java:56)
at com.demoQA.tests.Browsers_Windows_Test.verifyNewWindow(Browsers_Windows_Test.java:40)
at sun.reflect.NativeMethodAccessorImpl.invoke0(Native Method)
at sun.reflect.NativeMethodAccessorImpl.invoke(NativeMethodAccessorImpl.java:62)
at sun.reflect.DelegatingMethodAccessorImpl.invoke(DelegatingMethodAccessorImpl.java:43)
at java.lang.reflect.Method.invoke(Method.java:498)
at org.testng.internal.MethodInvocationHelper.invokeMethod(MethodInvocationHelper.java:133)
at org.testng.internal.TestInvoker.invokeMethod(TestInvoker.java:584)
at org.testng.internal.TestInvoker.invokeTestMethod(TestInvoker.java:172)
at org.testng.internal.MethodRunner.runInSequence(MethodRunner.java:46)
at org.testng.internal.TestInvoker$MethodInvocationAgent.invoke(TestInvoker.java:804)
at org.testng.internal.TestInvoker.invokeTestMethods(TestInvoker.java:145)
at org.testng.internal.TestMethodWorker.invokeTestMethods(TestMethodWorker.java:146)
at org.testng.internal.TestMethodWorker.run(TestMethodWorker.java:128)
at java.util.ArrayList.forEach(ArrayList.java:1259)
at org.testng.TestRunner.privateRun(TestRunner.java:770)
at org.testng.TestRunner.run(TestRunner.java:591)
at org.testng.SuiteRunner.runTest(SuiteRunner.java:402)
at org.testng.SuiteRunner.runSequentially(SuiteRunner.java:396)
at org.testng.SuiteRunner.privateRun(SuiteRunner.java:355)
at org.testng.SuiteRunner.run(SuiteRunner.java:304)
at org.testng.SuiteRunnerWorker.runSuite(SuiteRunnerWorker.java:53)
at org.testng.SuiteRunnerWorker.run(SuiteRunnerWorker.java:96)
at org.testng.TestNG.runSuitesSequentially(TestNG.java:1180)
at org.testng.TestNG.runSuitesLocally(TestNG.java:1102)
at org.testng.TestNG.runSuites(TestNG.java:1032)
at org.testng.TestNG.run(TestNG.java:1000)
at org.apache.maven.surefire.testng.TestNGExecutor.run(TestNGExecutor.java:281)
at org.apache.maven.surefire.testng.TestNGXmlTestSuite.execute(TestNGXmlTestSuite.java:75)
at org.apache.maven.surefire.testng.TestNGProvider.invoke(TestNGProvider.java:121)
at org.apache.maven.surefire.booter.ForkedBooter.invokeProviderInSameClassLoader(ForkedBooter.java:290)
at org.apache.maven.surefire.booter.ForkedBooter.runSuitesInProcess(ForkedBooter.java:242)
at org.apache.maven.surefire.booter.ForkedBooter.main(ForkedBooter.java:121)
]]>
            </full-stacktrace>
          </exception> <!-- org.openqa.selenium.NoSuchElementException -->
          <reporter-output>
          </reporter-output>
        </test-method> <!-- verifyNewWindow -->
        <test-method status="PASS" signature="afterMethod(org.testng.ITestResult)[pri:0, instance:com.demoQA.tests.Browsers_Windows_Test@34cd072c]" name="afterMethod" is-config="true" duration-ms="0" started-at="2022-09-14T22:24:03 IST" finished-at="2022-09-14T22:24:03 IST">
          <params>
            <param index="0">
              <value>
                <![CDATA[[TestResult name=verifyNewTab status=SUCCESS method=Browsers_Windows_Test.verifyNewTab()[pri:1, instance:com.demoQA.tests.Browsers_Windows_Test@34cd072c] output={null}]]]>
              </value>
            </param>
          </params>
          <reporter-output>
          </reporter-output>
        </test-method> <!-- afterMethod -->
        <test-method status="PASS" signature="afterMethod(org.testng.ITestResult)[pri:0, instance:com.demoQA.tests.Browsers_Windows_Test@34cd072c]" name="afterMethod" is-config="true" duration-ms="151" started-at="2022-09-14T22:24:14 IST" finished-at="2022-09-14T22:24:14 IST">
          <params>
            <param index="0">
              <value>
                <![CDATA[[TestResult name=verifyNewWindow status=FAILURE method=Browsers_Windows_Test.verifyNewWindow()[pri:2, instance:com.demoQA.tests.Browsers_Windows_Test@34cd072c] output={null}]]]>
              </value>
            </param>
          </params>
          <reporter-output>
          </reporter-output>
        </test-method> <!-- afterMethod -->
        <test-method status="PASS" signature="after()[pri:0, instance:com.demoQA.tests.Browsers_Windows_Test@34cd072c]" name="after" is-config="true" duration-ms="5495" started-at="2022-09-14T22:24:14 IST" finished-at="2022-09-14T22:24:19 IST">
          <reporter-output>
          </reporter-output>
        </test-method> <!-- after -->
      </class> <!-- com.demoQA.tests.Browsers_Windows_Test -->
    </test> <!-- Test12 -->
    <test name="Test13" duration-ms="68010" started-at="2022-09-14T22:24:20 IST" finished-at="2022-09-14T22:25:28 IST">
      <class name="com.demoQA.tests.CheckBox_Test">
        <test-method status="PASS" signature="beforetest()[pri:0, instance:com.demoQA.tests.CheckBox_Test@30a3107a]" name="beforetest" is-config="true" duration-ms="54011" started-at="2022-09-14T22:24:20 IST" finished-at="2022-09-14T22:25:14 IST">
          <reporter-output>
          </reporter-output>
        </test-method> <!-- beforetest -->
        <test-method status="PASS" signature="before()[pri:0, instance:com.demoQA.tests.CheckBox_Test@30a3107a]" name="before" is-config="true" duration-ms="203" started-at="2022-09-14T22:25:14 IST" finished-at="2022-09-14T22:25:14 IST">
          <reporter-output>
          </reporter-output>
        </test-method> <!-- before -->
        <test-method status="PASS" signature="testHeaderTxt()[pri:0, instance:com.demoQA.tests.CheckBox_Test@30a3107a]" name="testHeaderTxt" duration-ms="36" started-at="2022-09-14T22:25:14 IST" finished-at="2022-09-14T22:25:14 IST">
          <reporter-output>
          </reporter-output>
        </test-method> <!-- testHeaderTxt -->
        <test-method status="PASS" signature="afterMethod(org.testng.ITestResult)[pri:0, instance:com.demoQA.tests.CheckBox_Test@30a3107a]" name="afterMethod" is-config="true" duration-ms="0" started-at="2022-09-14T22:25:14 IST" finished-at="2022-09-14T22:25:14 IST">
          <params>
            <param index="0">
              <value>
                <![CDATA[[TestResult name=testHeaderTxt status=SUCCESS method=CheckBox_Test.testHeaderTxt()[pri:0, instance:com.demoQA.tests.CheckBox_Test@30a3107a] output={null}]]]>
              </value>
            </param>
          </params>
          <reporter-output>
          </reporter-output>
        </test-method> <!-- afterMethod -->
        <test-method status="FAIL" signature="testHomeCheckBox()[pri:0, instance:com.demoQA.tests.CheckBox_Test@30a3107a]" name="testHomeCheckBox" duration-ms="5149" started-at="2022-09-14T22:25:14 IST" finished-at="2022-09-14T22:25:19 IST">
          <exception class="java.lang.AssertionError">
            <full-stacktrace>
              <![CDATA[java.lang.AssertionError: 
at org.testng.AssertJUnit.fail(AssertJUnit.java:47)
at org.testng.AssertJUnit.assertTrue(AssertJUnit.java:20)
at org.testng.AssertJUnit.assertTrue(AssertJUnit.java:26)
at com.demoQA.tests.CheckBox_Test.testHomeCheckBox(CheckBox_Test.java:45)
at sun.reflect.NativeMethodAccessorImpl.invoke0(Native Method)
at sun.reflect.NativeMethodAccessorImpl.invoke(NativeMethodAccessorImpl.java:62)
at sun.reflect.DelegatingMethodAccessorImpl.invoke(DelegatingMethodAccessorImpl.java:43)
at java.lang.reflect.Method.invoke(Method.java:498)
at org.testng.internal.MethodInvocationHelper.invokeMethod(MethodInvocationHelper.java:133)
at org.testng.internal.TestInvoker.invokeMethod(TestInvoker.java:584)
at org.testng.internal.TestInvoker.invokeTestMethod(TestInvoker.java:172)
at org.testng.internal.MethodRunner.runInSequence(MethodRunner.java:46)
at org.testng.internal.TestInvoker$MethodInvocationAgent.invoke(TestInvoker.java:804)
at org.testng.internal.TestInvoker.invokeTestMethods(TestInvoker.java:145)
at org.testng.internal.TestMethodWorker.invokeTestMethods(TestMethodWorker.java:146)
at org.testng.internal.TestMethodWorker.run(TestMethodWorker.java:128)
at java.util.ArrayList.forEach(ArrayList.java:1259)
at org.testng.TestRunner.privateRun(TestRunner.java:770)
at org.testng.TestRunner.run(TestRunner.java:591)
at org.testng.SuiteRunner.runTest(SuiteRunner.java:402)
at org.testng.SuiteRunner.runSequentially(SuiteRunner.java:396)
at org.testng.SuiteRunner.privateRun(SuiteRunner.java:355)
at org.testng.SuiteRunner.run(SuiteRunner.java:304)
at org.testng.SuiteRunnerWorker.runSuite(SuiteRunnerWorker.java:53)
at org.testng.SuiteRunnerWorker.run(SuiteRunnerWorker.java:96)
at org.testng.TestNG.runSuitesSequentially(TestNG.java:1180)
at org.testng.TestNG.runSuitesLocally(TestNG.java:1102)
at org.testng.TestNG.runSuites(TestNG.java:1032)
at org.testng.TestNG.run(TestNG.java:1000)
at org.apache.maven.surefire.testng.TestNGExecutor.run(TestNGExecutor.java:281)
at org.apache.maven.surefire.testng.TestNGXmlTestSuite.execute(TestNGXmlTestSuite.java:75)
at org.apache.maven.surefire.testng.TestNGProvider.invoke(TestNGProvider.java:121)
at org.apache.maven.surefire.booter.ForkedBooter.invokeProviderInSameClassLoader(ForkedBooter.java:290)
at org.apache.maven.surefire.booter.ForkedBooter.runSuitesInProcess(ForkedBooter.java:242)
at org.apache.maven.surefire.booter.ForkedBooter.main(ForkedBooter.java:121)
]]>
            </full-stacktrace>
          </exception> <!-- java.lang.AssertionError -->
          <reporter-output>
          </reporter-output>
        </test-method> <!-- testHomeCheckBox -->
        <test-method status="PASS" signature="afterMethod(org.testng.ITestResult)[pri:0, instance:com.demoQA.tests.CheckBox_Test@30a3107a]" name="afterMethod" is-config="true" duration-ms="2200" started-at="2022-09-14T22:25:19 IST" finished-at="2022-09-14T22:25:21 IST">
          <params>
            <param index="0">
              <value>
                <![CDATA[[TestResult name=testHomeCheckBox status=FAILURE method=CheckBox_Test.testHomeCheckBox()[pri:0, instance:com.demoQA.tests.CheckBox_Test@30a3107a] output={null}]]]>
              </value>
            </param>
          </params>
          <reporter-output>
          </reporter-output>
        </test-method> <!-- afterMethod -->
        <test-method status="PASS" signature="testHomeTxt()[pri:0, instance:com.demoQA.tests.CheckBox_Test@30a3107a]" name="testHomeTxt" duration-ms="68" started-at="2022-09-14T22:25:21 IST" finished-at="2022-09-14T22:25:21 IST">
          <reporter-output>
          </reporter-output>
        </test-method> <!-- testHomeTxt -->
        <test-method status="PASS" signature="after()[pri:0, instance:com.demoQA.tests.CheckBox_Test@30a3107a]" name="after" is-config="true" duration-ms="6339" started-at="2022-09-14T22:25:21 IST" finished-at="2022-09-14T22:25:28 IST">
          <reporter-output>
          </reporter-output>
        </test-method> <!-- after -->
        <test-method status="PASS" signature="afterMethod(org.testng.ITestResult)[pri:0, instance:com.demoQA.tests.CheckBox_Test@30a3107a]" name="afterMethod" is-config="true" duration-ms="0" started-at="2022-09-14T22:25:21 IST" finished-at="2022-09-14T22:25:21 IST">
          <params>
            <param index="0">
              <value>
                <![CDATA[[TestResult name=testHomeTxt status=SUCCESS method=CheckBox_Test.testHomeTxt()[pri:0, instance:com.demoQA.tests.CheckBox_Test@30a3107a] output={null}]]]>
              </value>
            </param>
          </params>
          <reporter-output>
          </reporter-output>
        </test-method> <!-- afterMethod -->
      </class> <!-- com.demoQA.tests.CheckBox_Test -->
    </test> <!-- Test13 -->
    <test name="Test14" duration-ms="117620" started-at="2022-09-14T22:25:28 IST" finished-at="2022-09-14T22:27:26 IST">
      <class name="com.demoQA.tests.Datepicker_Test">
        <test-method status="PASS" signature="beforetest()[pri:0, instance:com.demoQA.tests.Datepicker_Test@78e67e0a]" name="beforetest" is-config="true" duration-ms="28798" started-at="2022-09-14T22:25:28 IST" finished-at="2022-09-14T22:25:57 IST">
          <reporter-output>
          </reporter-output>
        </test-method> <!-- beforetest -->
        <test-method status="PASS" signature="beforeclass()[pri:0, instance:com.demoQA.tests.Datepicker_Test@78e67e0a]" name="beforeclass" is-config="true" duration-ms="209" started-at="2022-09-14T22:25:57 IST" finished-at="2022-09-14T22:25:57 IST">
          <reporter-output>
          </reporter-output>
        </test-method> <!-- beforeclass -->
        <test-method status="FAIL" signature="verifyDate()[pri:0, instance:com.demoQA.tests.Datepicker_Test@78e67e0a]" name="verifyDate" duration-ms="2329" started-at="2022-09-14T22:25:57 IST" data-provider="data" finished-at="2022-09-14T22:25:59 IST">
          <exception class="org.testng.internal.reflect.MethodMatcherException">
            <message>
              <![CDATA[
[public void com.demoQA.tests.Datepicker_Test.verifyDate() throws java.lang.InterruptedException] has no parameters defined but was found to be using a data provider (either explicitly specified or inherited from class level annotation).
Data provider mismatch
Method: verifyDate([])
Arguments: [(java.lang.Integer) 2013,(java.lang.String) August,(java.lang.Integer) 13]]]>
            </message>
            <full-stacktrace>
              <![CDATA[org.testng.internal.reflect.MethodMatcherException: 
[public void com.demoQA.tests.Datepicker_Test.verifyDate() throws java.lang.InterruptedException] has no parameters defined but was found to be using a data provider (either explicitly specified or inherited from class level annotation).
Data provider mismatch
Method: verifyDate([])
Arguments: [(java.lang.Integer) 2013,(java.lang.String) August,(java.lang.Integer) 13]
at org.testng.internal.reflect.DataProviderMethodMatcher.getConformingArguments(DataProviderMethodMatcher.java:43)
at org.testng.internal.Parameters.injectParameters(Parameters.java:925)
at org.testng.internal.MethodRunner.runInSequence(MethodRunner.java:34)
at org.testng.internal.TestInvoker$MethodInvocationAgent.invoke(TestInvoker.java:804)
at org.testng.internal.TestInvoker.invokeTestMethods(TestInvoker.java:145)
at org.testng.internal.TestMethodWorker.invokeTestMethods(TestMethodWorker.java:146)
at org.testng.internal.TestMethodWorker.run(TestMethodWorker.java:128)
at java.util.ArrayList.forEach(ArrayList.java:1259)
at org.testng.TestRunner.privateRun(TestRunner.java:770)
at org.testng.TestRunner.run(TestRunner.java:591)
at org.testng.SuiteRunner.runTest(SuiteRunner.java:402)
at org.testng.SuiteRunner.runSequentially(SuiteRunner.java:396)
at org.testng.SuiteRunner.privateRun(SuiteRunner.java:355)
at org.testng.SuiteRunner.run(SuiteRunner.java:304)
at org.testng.SuiteRunnerWorker.runSuite(SuiteRunnerWorker.java:53)
at org.testng.SuiteRunnerWorker.run(SuiteRunnerWorker.java:96)
at org.testng.TestNG.runSuitesSequentially(TestNG.java:1180)
at org.testng.TestNG.runSuitesLocally(TestNG.java:1102)
at org.testng.TestNG.runSuites(TestNG.java:1032)
at org.testng.TestNG.run(TestNG.java:1000)
at org.apache.maven.surefire.testng.TestNGExecutor.run(TestNGExecutor.java:281)
at org.apache.maven.surefire.testng.TestNGXmlTestSuite.execute(TestNGXmlTestSuite.java:75)
at org.apache.maven.surefire.testng.TestNGProvider.invoke(TestNGProvider.java:121)
at org.apache.maven.surefire.booter.ForkedBooter.invokeProviderInSameClassLoader(ForkedBooter.java:290)
at org.apache.maven.surefire.booter.ForkedBooter.runSuitesInProcess(ForkedBooter.java:242)
at org.apache.maven.surefire.booter.ForkedBooter.main(ForkedBooter.java:121)
]]>
            </full-stacktrace>
          </exception> <!-- org.testng.internal.reflect.MethodMatcherException -->
          <reporter-output>
          </reporter-output>
        </test-method> <!-- verifyDate -->
        <test-method status="PASS" signature="verifyDateAndTime()[pri:0, instance:com.demoQA.tests.Datepicker_Test@78e67e0a]" name="verifyDateAndTime" duration-ms="2363" started-at="2022-09-14T22:25:59 IST" finished-at="2022-09-14T22:26:02 IST">
          <reporter-output>
          </reporter-output>
        </test-method> <!-- verifyDateAndTime -->
        <test-method status="PASS" signature="afterMethod(org.testng.ITestResult)[pri:0, instance:com.demoQA.tests.Datepicker_Test@78e67e0a]" name="afterMethod" is-config="true" duration-ms="1" started-at="2022-09-14T22:26:02 IST" finished-at="2022-09-14T22:26:02 IST">
          <params>
            <param index="0">
              <value>
                <![CDATA[[TestResult name=verifyDateAndTime status=SUCCESS method=Datepicker_Test.verifyDateAndTime()[pri:0, instance:com.demoQA.tests.Datepicker_Test@78e67e0a] output={null}]]]>
              </value>
            </param>
          </params>
          <reporter-output>
          </reporter-output>
        </test-method> <!-- afterMethod -->
        <test-method status="FAIL" signature="verifyDateByPrevNextBtn(int, int, int)[pri:0, instance:com.demoQA.tests.Datepicker_Test@78e67e0a]" name="verifyDateByPrevNextBtn" duration-ms="3577" started-at="2022-09-14T22:26:02 IST" data-provider="dp2" finished-at="2022-09-14T22:26:05 IST">
          <params>
            <param index="0">
              <value>
                <![CDATA[2020]]>
              </value>
            </param>
            <param index="1">
              <value>
                <![CDATA[8]]>
              </value>
            </param>
            <param index="2">
              <value>
                <![CDATA[12]]>
              </value>
            </param>
          </params>
          <exception class="java.lang.AssertionError">
            <message>
              <![CDATA[expected [08/15/2015] but found [08/12/2020]]]>
            </message>
            <full-stacktrace>
              <![CDATA[java.lang.AssertionError: expected [08/15/2015] but found [08/12/2020]
at org.testng.Assert.fail(Assert.java:97)
at org.testng.Assert.assertEqualsImpl(Assert.java:136)
at org.testng.Assert.assertEquals(Assert.java:118)
at org.testng.Assert.assertEquals(Assert.java:575)
at org.testng.Assert.assertEquals(Assert.java:585)
at com.demoQA.tests.Datepicker_Test.verifyDateByPrevNextBtn(Datepicker_Test.java:57)
at sun.reflect.NativeMethodAccessorImpl.invoke0(Native Method)
at sun.reflect.NativeMethodAccessorImpl.invoke(NativeMethodAccessorImpl.java:62)
at sun.reflect.DelegatingMethodAccessorImpl.invoke(DelegatingMethodAccessorImpl.java:43)
at java.lang.reflect.Method.invoke(Method.java:498)
at org.testng.internal.MethodInvocationHelper.invokeMethod(MethodInvocationHelper.java:133)
at org.testng.internal.TestInvoker.invokeMethod(TestInvoker.java:584)
at org.testng.internal.TestInvoker.invokeTestMethod(TestInvoker.java:172)
at org.testng.internal.MethodRunner.runInSequence(MethodRunner.java:46)
at org.testng.internal.TestInvoker$MethodInvocationAgent.invoke(TestInvoker.java:804)
at org.testng.internal.TestInvoker.invokeTestMethods(TestInvoker.java:145)
at org.testng.internal.TestMethodWorker.invokeTestMethods(TestMethodWorker.java:146)
at org.testng.internal.TestMethodWorker.run(TestMethodWorker.java:128)
at java.util.ArrayList.forEach(ArrayList.java:1259)
at org.testng.TestRunner.privateRun(TestRunner.java:770)
at org.testng.TestRunner.run(TestRunner.java:591)
at org.testng.SuiteRunner.runTest(SuiteRunner.java:402)
at org.testng.SuiteRunner.runSequentially(SuiteRunner.java:396)
at org.testng.SuiteRunner.privateRun(SuiteRunner.java:355)
at org.testng.SuiteRunner.run(SuiteRunner.java:304)
at org.testng.SuiteRunnerWorker.runSuite(SuiteRunnerWorker.java:53)
at org.testng.SuiteRunnerWorker.run(SuiteRunnerWorker.java:96)
at org.testng.TestNG.runSuitesSequentially(TestNG.java:1180)
at org.testng.TestNG.runSuitesLocally(TestNG.java:1102)
at org.testng.TestNG.runSuites(TestNG.java:1032)
at org.testng.TestNG.run(TestNG.java:1000)
at org.apache.maven.surefire.testng.TestNGExecutor.run(TestNGExecutor.java:281)
at org.apache.maven.surefire.testng.TestNGXmlTestSuite.execute(TestNGXmlTestSuite.java:75)
at org.apache.maven.surefire.testng.TestNGProvider.invoke(TestNGProvider.java:121)
at org.apache.maven.surefire.booter.ForkedBooter.invokeProviderInSameClassLoader(ForkedBooter.java:290)
at org.apache.maven.surefire.booter.ForkedBooter.runSuitesInProcess(ForkedBooter.java:242)
at org.apache.maven.surefire.booter.ForkedBooter.main(ForkedBooter.java:121)
]]>
            </full-stacktrace>
          </exception> <!-- java.lang.AssertionError -->
          <reporter-output>
          </reporter-output>
        </test-method> <!-- verifyDateByPrevNextBtn -->
        <test-method status="PASS" signature="afterMethod(org.testng.ITestResult)[pri:0, instance:com.demoQA.tests.Datepicker_Test@78e67e0a]" name="afterMethod" is-config="true" duration-ms="246" started-at="2022-09-14T22:26:05 IST" finished-at="2022-09-14T22:26:05 IST">
          <params>
            <param index="0">
              <value>
                <![CDATA[[TestResult name=verifyDateByPrevNextBtn status=FAILURE method=Datepicker_Test.verifyDateByPrevNextBtn(int, int, int)[pri:0, instance:com.demoQA.tests.Datepicker_Test@78e67e0a] output={null}]]]>
              </value>
            </param>
          </params>
          <reporter-output>
          </reporter-output>
        </test-method> <!-- afterMethod -->
        <test-method status="FAIL" signature="verifyDateByPrevNextBtn(int, int, int)[pri:0, instance:com.demoQA.tests.Datepicker_Test@78e67e0a]" name="verifyDateByPrevNextBtn" duration-ms="1440" started-at="2022-09-14T22:26:05 IST" data-provider="dp2" finished-at="2022-09-14T22:26:07 IST">
          <params>
            <param index="0">
              <value>
                <![CDATA[2022]]>
              </value>
            </param>
            <param index="1">
              <value>
                <![CDATA[9]]>
              </value>
            </param>
            <param index="2">
              <value>
                <![CDATA[13]]>
              </value>
            </param>
          </params>
          <exception class="java.lang.AssertionError">
            <message>
              <![CDATA[expected [08/15/2015] but found [09/13/2022]]]>
            </message>
            <full-stacktrace>
              <![CDATA[java.lang.AssertionError: expected [08/15/2015] but found [09/13/2022]
at org.testng.Assert.fail(Assert.java:97)
at org.testng.Assert.assertEqualsImpl(Assert.java:136)
at org.testng.Assert.assertEquals(Assert.java:118)
at org.testng.Assert.assertEquals(Assert.java:575)
at org.testng.Assert.assertEquals(Assert.java:585)
at com.demoQA.tests.Datepicker_Test.verifyDateByPrevNextBtn(Datepicker_Test.java:57)
at sun.reflect.NativeMethodAccessorImpl.invoke0(Native Method)
at sun.reflect.NativeMethodAccessorImpl.invoke(NativeMethodAccessorImpl.java:62)
at sun.reflect.DelegatingMethodAccessorImpl.invoke(DelegatingMethodAccessorImpl.java:43)
at java.lang.reflect.Method.invoke(Method.java:498)
at org.testng.internal.MethodInvocationHelper.invokeMethod(MethodInvocationHelper.java:133)
at org.testng.internal.TestInvoker.invokeMethod(TestInvoker.java:584)
at org.testng.internal.TestInvoker.invokeTestMethod(TestInvoker.java:172)
at org.testng.internal.MethodRunner.runInSequence(MethodRunner.java:46)
at org.testng.internal.TestInvoker$MethodInvocationAgent.invoke(TestInvoker.java:804)
at org.testng.internal.TestInvoker.invokeTestMethods(TestInvoker.java:145)
at org.testng.internal.TestMethodWorker.invokeTestMethods(TestMethodWorker.java:146)
at org.testng.internal.TestMethodWorker.run(TestMethodWorker.java:128)
at java.util.ArrayList.forEach(ArrayList.java:1259)
at org.testng.TestRunner.privateRun(TestRunner.java:770)
at org.testng.TestRunner.run(TestRunner.java:591)
at org.testng.SuiteRunner.runTest(SuiteRunner.java:402)
at org.testng.SuiteRunner.runSequentially(SuiteRunner.java:396)
at org.testng.SuiteRunner.privateRun(SuiteRunner.java:355)
at org.testng.SuiteRunner.run(SuiteRunner.java:304)
at org.testng.SuiteRunnerWorker.runSuite(SuiteRunnerWorker.java:53)
at org.testng.SuiteRunnerWorker.run(SuiteRunnerWorker.java:96)
at org.testng.TestNG.runSuitesSequentially(TestNG.java:1180)
at org.testng.TestNG.runSuitesLocally(TestNG.java:1102)
at org.testng.TestNG.runSuites(TestNG.java:1032)
at org.testng.TestNG.run(TestNG.java:1000)
at org.apache.maven.surefire.testng.TestNGExecutor.run(TestNGExecutor.java:281)
at org.apache.maven.surefire.testng.TestNGXmlTestSuite.execute(TestNGXmlTestSuite.java:75)
at org.apache.maven.surefire.testng.TestNGProvider.invoke(TestNGProvider.java:121)
at org.apache.maven.surefire.booter.ForkedBooter.invokeProviderInSameClassLoader(ForkedBooter.java:290)
at org.apache.maven.surefire.booter.ForkedBooter.runSuitesInProcess(ForkedBooter.java:242)
at org.apache.maven.surefire.booter.ForkedBooter.main(ForkedBooter.java:121)
]]>
            </full-stacktrace>
          </exception> <!-- java.lang.AssertionError -->
          <reporter-output>
          </reporter-output>
        </test-method> <!-- verifyDateByPrevNextBtn -->
        <test-method status="PASS" signature="afterMethod(org.testng.ITestResult)[pri:0, instance:com.demoQA.tests.Datepicker_Test@78e67e0a]" name="afterMethod" is-config="true" duration-ms="63235" started-at="2022-09-14T22:26:07 IST" finished-at="2022-09-14T22:27:10 IST">
          <params>
            <param index="0">
              <value>
                <![CDATA[[TestResult name=verifyDateByPrevNextBtn status=FAILURE method=Datepicker_Test.verifyDateByPrevNextBtn(int, int, int)[pri:0, instance:com.demoQA.tests.Datepicker_Test@78e67e0a] output={null}]]]>
              </value>
            </param>
          </params>
          <reporter-output>
          </reporter-output>
        </test-method> <!-- afterMethod -->
        <test-method status="FAIL" signature="verifyDateByPrevNextBtn(int, int, int)[pri:0, instance:com.demoQA.tests.Datepicker_Test@78e67e0a]" name="verifyDateByPrevNextBtn" duration-ms="39" started-at="2022-09-14T22:27:10 IST" data-provider="dp2" finished-at="2022-09-14T22:27:10 IST">
          <params>
            <param index="0">
              <value>
                <![CDATA[2023]]>
              </value>
            </param>
            <param index="1">
              <value>
                <![CDATA[10]]>
              </value>
            </param>
            <param index="2">
              <value>
                <![CDATA[14]]>
              </value>
            </param>
          </params>
          <exception class="org.openqa.selenium.NoSuchElementException">
            <message>
              <![CDATA[Cannot locate an element using id=datePickerMonthYearInput
For documentation on this error, please visit: https://www.seleniumhq.org/exceptions/no_such_element.html
Build info: version: '3.141.59', revision: 'e82be7d358', time: '2018-11-14T08:17:03'
System info: host: 'LAPTOP-7DB4GVKK', ip: '192.168.7.201', os.name: 'Windows 10', os.arch: 'amd64', os.version: '10.0', java.version: '1.8.0_321'
Driver info: driver.version: RemoteWebDriver]]>
            </message>
            <full-stacktrace>
              <![CDATA[org.openqa.selenium.NoSuchElementException: Cannot locate an element using id=datePickerMonthYearInput
For documentation on this error, please visit: https://www.seleniumhq.org/exceptions/no_such_element.html
Build info: version: '3.141.59', revision: 'e82be7d358', time: '2018-11-14T08:17:03'
System info: host: 'LAPTOP-7DB4GVKK', ip: '192.168.7.201', os.name: 'Windows 10', os.arch: 'amd64', os.version: '10.0', java.version: '1.8.0_321'
Driver info: driver.version: RemoteWebDriver
at org.openqa.selenium.remote.RemoteWebDriver.findElement(RemoteWebDriver.java:327)
at org.openqa.selenium.remote.RemoteWebDriver.findElementById(RemoteWebDriver.java:372)
at org.openqa.selenium.By$ById.findElement(By.java:188)
at org.openqa.selenium.remote.RemoteWebDriver.findElement(RemoteWebDriver.java:315)
at com.demoQA.page.Datepicker.selectDateByPrevNextBtn(Datepicker.java:49)
at com.demoQA.tests.Datepicker_Test.verifyDateByPrevNextBtn(Datepicker_Test.java:53)
at sun.reflect.NativeMethodAccessorImpl.invoke0(Native Method)
at sun.reflect.NativeMethodAccessorImpl.invoke(NativeMethodAccessorImpl.java:62)
at sun.reflect.DelegatingMethodAccessorImpl.invoke(DelegatingMethodAccessorImpl.java:43)
at java.lang.reflect.Method.invoke(Method.java:498)
at org.testng.internal.MethodInvocationHelper.invokeMethod(MethodInvocationHelper.java:133)
at org.testng.internal.TestInvoker.invokeMethod(TestInvoker.java:584)
at org.testng.internal.TestInvoker.invokeTestMethod(TestInvoker.java:172)
at org.testng.internal.MethodRunner.runInSequence(MethodRunner.java:46)
at org.testng.internal.TestInvoker$MethodInvocationAgent.invoke(TestInvoker.java:804)
at org.testng.internal.TestInvoker.invokeTestMethods(TestInvoker.java:145)
at org.testng.internal.TestMethodWorker.invokeTestMethods(TestMethodWorker.java:146)
at org.testng.internal.TestMethodWorker.run(TestMethodWorker.java:128)
at java.util.ArrayList.forEach(ArrayList.java:1259)
at org.testng.TestRunner.privateRun(TestRunner.java:770)
at org.testng.TestRunner.run(TestRunner.java:591)
at org.testng.SuiteRunner.runTest(SuiteRunner.java:402)
at org.testng.SuiteRunner.runSequentially(SuiteRunner.java:396)
at org.testng.SuiteRunner.privateRun(SuiteRunner.java:355)
at org.testng.SuiteRunner.run(SuiteRunner.java:304)
at org.testng.SuiteRunnerWorker.runSuite(SuiteRunnerWorker.java:53)
at org.testng.SuiteRunnerWorker.run(SuiteRunnerWorker.java:96)
at org.testng.TestNG.runSuitesSequentially(TestNG.java:1180)
at org.testng.TestNG.runSuitesLocally(TestNG.java:1102)
at org.testng.TestNG.runSuites(TestNG.java:1032)
at org.testng.TestNG.run(TestNG.java:1000)
at org.apache.maven.surefire.testng.TestNGExecutor.run(TestNGExecutor.java:281)
at org.apache.maven.surefire.testng.TestNGXmlTestSuite.execute(TestNGXmlTestSuite.java:75)
at org.apache.maven.surefire.testng.TestNGProvider.invoke(TestNGProvider.java:121)
at org.apache.maven.surefire.booter.ForkedBooter.invokeProviderInSameClassLoader(ForkedBooter.java:290)
at org.apache.maven.surefire.booter.ForkedBooter.runSuitesInProcess(ForkedBooter.java:242)
at org.apache.maven.surefire.booter.ForkedBooter.main(ForkedBooter.java:121)
]]>
            </full-stacktrace>
          </exception> <!-- org.openqa.selenium.NoSuchElementException -->
          <reporter-output>
          </reporter-output>
        </test-method> <!-- verifyDateByPrevNextBtn -->
        <test-method status="PASS" signature="afterMethod(org.testng.ITestResult)[pri:0, instance:com.demoQA.tests.Datepicker_Test@78e67e0a]" name="afterMethod" is-config="true" duration-ms="7" started-at="2022-09-14T22:27:10 IST" finished-at="2022-09-14T22:27:10 IST">
          <params>
            <param index="0">
              <value>
                <![CDATA[[TestResult name=verifyDateByPrevNextBtn status=FAILURE method=Datepicker_Test.verifyDateByPrevNextBtn(int, int, int)[pri:0, instance:com.demoQA.tests.Datepicker_Test@78e67e0a] output={null}]]]>
              </value>
            </param>
          </params>
          <reporter-output>
          </reporter-output>
        </test-method> <!-- afterMethod -->
        <test-method status="FAIL" signature="verifyTitle()[pri:0, instance:com.demoQA.tests.Datepicker_Test@78e67e0a]" name="verifyTitle" duration-ms="13" started-at="2022-09-14T22:27:10 IST" finished-at="2022-09-14T22:27:10 IST">
          <exception class="org.openqa.selenium.NoSuchWindowException">
            <message>
              <![CDATA[no such window: target window already closed
from unknown error: web view not found
  (Session info: chrome=105.0.5195.102)
Build info: version: '3.141.59', revision: 'e82be7d358', time: '2018-11-14T08:17:03'
System info: host: 'LAPTOP-7DB4GVKK', ip: '192.168.7.201', os.name: 'Windows 10', os.arch: 'amd64', os.version: '10.0', java.version: '1.8.0_321'
Driver info: org.openqa.selenium.chrome.ChromeDriver
Capabilities {acceptInsecureCerts: false, browserName: chrome, browserVersion: 105.0.5195.102, chrome: {chromedriverVersion: 105.0.5195.52 (412c95e51883..., userDataDir: C:\Users\bhalerao\AppData\L...}, goog:chromeOptions: {debuggerAddress: localhost:61351}, javascriptEnabled: true, networkConnectionEnabled: false, pageLoadStrategy: normal, platform: WINDOWS, platformName: WINDOWS, proxy: Proxy(), setWindowRect: true, strictFileInteractability: false, timeouts: {implicit: 0, pageLoad: 300000, script: 30000}, unhandledPromptBehavior: dismiss and notify, webauthn:extension:credBlob: true, webauthn:extension:largeBlob: true, webauthn:virtualAuthenticators: true}
Session ID: 45177076d13234cbc4961cf4ea700d1c
*** Element info: {Using=xpath, value=//div[text()='Date Picker']}]]>
            </message>
            <full-stacktrace>
              <![CDATA[org.openqa.selenium.NoSuchWindowException: no such window: target window already closed
from unknown error: web view not found
  (Session info: chrome=105.0.5195.102)
Build info: version: '3.141.59', revision: 'e82be7d358', time: '2018-11-14T08:17:03'
System info: host: 'LAPTOP-7DB4GVKK', ip: '192.168.7.201', os.name: 'Windows 10', os.arch: 'amd64', os.version: '10.0', java.version: '1.8.0_321'
Driver info: org.openqa.selenium.chrome.ChromeDriver
Capabilities {acceptInsecureCerts: false, browserName: chrome, browserVersion: 105.0.5195.102, chrome: {chromedriverVersion: 105.0.5195.52 (412c95e51883..., userDataDir: C:\Users\bhalerao\AppData\L...}, goog:chromeOptions: {debuggerAddress: localhost:61351}, javascriptEnabled: true, networkConnectionEnabled: false, pageLoadStrategy: normal, platform: WINDOWS, platformName: WINDOWS, proxy: Proxy(), setWindowRect: true, strictFileInteractability: false, timeouts: {implicit: 0, pageLoad: 300000, script: 30000}, unhandledPromptBehavior: dismiss and notify, webauthn:extension:credBlob: true, webauthn:extension:largeBlob: true, webauthn:virtualAuthenticators: true}
Session ID: 45177076d13234cbc4961cf4ea700d1c
*** Element info: {Using=xpath, value=//div[text()='Date Picker']}
at sun.reflect.NativeConstructorAccessorImpl.newInstance0(Native Method)
at sun.reflect.NativeConstructorAccessorImpl.newInstance(NativeConstructorAccessorImpl.java:62)
at sun.reflect.DelegatingConstructorAccessorImpl.newInstance(DelegatingConstructorAccessorImpl.java:45)
at java.lang.reflect.Constructor.newInstance(Constructor.java:423)
at org.openqa.selenium.remote.http.W3CHttpResponseCodec.createException(W3CHttpResponseCodec.java:187)
at org.openqa.selenium.remote.http.W3CHttpResponseCodec.decode(W3CHttpResponseCodec.java:122)
at org.openqa.selenium.remote.http.W3CHttpResponseCodec.decode(W3CHttpResponseCodec.java:49)
at org.openqa.selenium.remote.HttpCommandExecutor.execute(HttpCommandExecutor.java:158)
at org.openqa.selenium.remote.service.DriverCommandExecutor.execute(DriverCommandExecutor.java:83)
at org.openqa.selenium.remote.RemoteWebDriver.execute(RemoteWebDriver.java:552)
at org.openqa.selenium.remote.RemoteWebDriver.findElement(RemoteWebDriver.java:323)
at org.openqa.selenium.remote.RemoteWebDriver.findElementByXPath(RemoteWebDriver.java:428)
at org.openqa.selenium.By$ByXPath.findElement(By.java:353)
at org.openqa.selenium.remote.RemoteWebDriver.findElement(RemoteWebDriver.java:315)
at com.demoQA.page.Datepicker.getTitle(Datepicker.java:31)
at com.demoQA.tests.Datepicker_Test.verifyTitle(Datepicker_Test.java:29)
at sun.reflect.NativeMethodAccessorImpl.invoke0(Native Method)
at sun.reflect.NativeMethodAccessorImpl.invoke(NativeMethodAccessorImpl.java:62)
at sun.reflect.DelegatingMethodAccessorImpl.invoke(DelegatingMethodAccessorImpl.java:43)
at java.lang.reflect.Method.invoke(Method.java:498)
at org.testng.internal.MethodInvocationHelper.invokeMethod(MethodInvocationHelper.java:133)
at org.testng.internal.TestInvoker.invokeMethod(TestInvoker.java:584)
at org.testng.internal.TestInvoker.invokeTestMethod(TestInvoker.java:172)
at org.testng.internal.MethodRunner.runInSequence(MethodRunner.java:46)
at org.testng.internal.TestInvoker$MethodInvocationAgent.invoke(TestInvoker.java:804)
at org.testng.internal.TestInvoker.invokeTestMethods(TestInvoker.java:145)
at org.testng.internal.TestMethodWorker.invokeTestMethods(TestMethodWorker.java:146)
at org.testng.internal.TestMethodWorker.run(TestMethodWorker.java:128)
at java.util.ArrayList.forEach(ArrayList.java:1259)
at org.testng.TestRunner.privateRun(TestRunner.java:770)
at org.testng.TestRunner.run(TestRunner.java:591)
at org.testng.SuiteRunner.runTest(SuiteRunner.java:402)
at org.testng.SuiteRunner.runSequentially(SuiteRunner.java:396)
at org.testng.SuiteRunner.privateRun(SuiteRunner.java:355)
at org.testng.SuiteRunner.run(SuiteRunner.java:304)
at org.testng.SuiteRunnerWorker.runSuite(SuiteRunnerWorker.java:53)
at org.testng.SuiteRunnerWorker.run(SuiteRunnerWorker.java:96)
at org.testng.TestNG.runSuitesSequentially(TestNG.java:1180)
at org.testng.TestNG.runSuitesLocally(TestNG.java:1102)
at org.testng.TestNG.runSuites(TestNG.java:1032)
at org.testng.TestNG.run(TestNG.java:1000)
at org.apache.maven.surefire.testng.TestNGExecutor.run(TestNGExecutor.java:281)
at org.apache.maven.surefire.testng.TestNGXmlTestSuite.execute(TestNGXmlTestSuite.java:75)
at org.apache.maven.surefire.testng.TestNGProvider.invoke(TestNGProvider.java:121)
at org.apache.maven.surefire.booter.ForkedBooter.invokeProviderInSameClassLoader(ForkedBooter.java:290)
at org.apache.maven.surefire.booter.ForkedBooter.runSuitesInProcess(ForkedBooter.java:242)
at org.apache.maven.surefire.booter.ForkedBooter.main(ForkedBooter.java:121)
]]>
            </full-stacktrace>
          </exception> <!-- org.openqa.selenium.NoSuchWindowException -->
          <reporter-output>
          </reporter-output>
        </test-method> <!-- verifyTitle -->
        <test-method status="PASS" signature="afterMethod(org.testng.ITestResult)[pri:0, instance:com.demoQA.tests.Datepicker_Test@78e67e0a]" name="afterMethod" is-config="true" duration-ms="6" started-at="2022-09-14T22:27:10 IST" finished-at="2022-09-14T22:27:10 IST">
          <params>
            <param index="0">
              <value>
                <![CDATA[[TestResult name=verifyTitle status=FAILURE method=Datepicker_Test.verifyTitle()[pri:0, instance:com.demoQA.tests.Datepicker_Test@78e67e0a] output={null}]]]>
              </value>
            </param>
          </params>
          <reporter-output>
          </reporter-output>
        </test-method> <!-- afterMethod -->
        <test-method status="PASS" signature="after()[pri:0, instance:com.demoQA.tests.Datepicker_Test@78e67e0a]" name="after" is-config="true" duration-ms="15333" started-at="2022-09-14T22:27:10 IST" finished-at="2022-09-14T22:27:26 IST">
          <reporter-output>
          </reporter-output>
        </test-method> <!-- after -->
      </class> <!-- com.demoQA.tests.Datepicker_Test -->
    </test> <!-- Test14 -->
    <test name="Test15" duration-ms="85153" started-at="2022-09-14T22:27:26 IST" finished-at="2022-09-14T22:28:51 IST">
      <class name="com.demoQA.tests.Droppable_Test">
        <test-method status="PASS" signature="beforetest()[pri:0, instance:com.demoQA.tests.Droppable_Test@480bdb19]" name="beforetest" is-config="true" duration-ms="62333" started-at="2022-09-14T22:27:26 IST" finished-at="2022-09-14T22:28:28 IST">
          <reporter-output>
          </reporter-output>
        </test-method> <!-- beforetest -->
        <test-method status="PASS" signature="beforeclass()[pri:0, instance:com.demoQA.tests.Droppable_Test@480bdb19]" name="beforeclass" is-config="true" duration-ms="252" started-at="2022-09-14T22:28:28 IST" finished-at="2022-09-14T22:28:28 IST">
          <reporter-output>
          </reporter-output>
        </test-method> <!-- beforeclass -->
        <test-method status="PASS" signature="verifyAccepatbleDragDrop()[pri:0, instance:com.demoQA.tests.Droppable_Test@480bdb19]" name="verifyAccepatbleDragDrop" duration-ms="437" started-at="2022-09-14T22:28:28 IST" finished-at="2022-09-14T22:28:29 IST">
          <reporter-output>
          </reporter-output>
        </test-method> <!-- verifyAccepatbleDragDrop -->
        <test-method status="PASS" signature="verifyDragDrop()[pri:0, instance:com.demoQA.tests.Droppable_Test@480bdb19]" name="verifyDragDrop" duration-ms="8384" started-at="2022-09-14T22:28:29 IST" finished-at="2022-09-14T22:28:37 IST">
          <reporter-output>
          </reporter-output>
        </test-method> <!-- verifyDragDrop -->
        <test-method status="PASS" signature="afterMethod(org.testng.ITestResult)[pri:0, instance:com.demoQA.tests.Droppable_Test@480bdb19]" name="afterMethod" is-config="true" duration-ms="0" started-at="2022-09-14T22:28:29 IST" finished-at="2022-09-14T22:28:29 IST">
          <params>
            <param index="0">
              <value>
                <![CDATA[[TestResult name=verifyAccepatbleDragDrop status=SUCCESS method=Droppable_Test.verifyAccepatbleDragDrop()[pri:0, instance:com.demoQA.tests.Droppable_Test@480bdb19] output={null}]]]>
              </value>
            </param>
          </params>
          <reporter-output>
          </reporter-output>
        </test-method> <!-- afterMethod -->
        <test-method status="PASS" signature="afterMethod(org.testng.ITestResult)[pri:0, instance:com.demoQA.tests.Droppable_Test@480bdb19]" name="afterMethod" is-config="true" duration-ms="1" started-at="2022-09-14T22:28:37 IST" finished-at="2022-09-14T22:28:37 IST">
          <params>
            <param index="0">
              <value>
                <![CDATA[[TestResult name=verifyDragDrop status=SUCCESS method=Droppable_Test.verifyDragDrop()[pri:0, instance:com.demoQA.tests.Droppable_Test@480bdb19] output={null}]]]>
              </value>
            </param>
          </params>
          <reporter-output>
          </reporter-output>
        </test-method> <!-- afterMethod -->
        <test-method status="PASS" signature="verifyTitle()[pri:0, instance:com.demoQA.tests.Droppable_Test@480bdb19]" name="verifyTitle" duration-ms="59" started-at="2022-09-14T22:28:37 IST" finished-at="2022-09-14T22:28:37 IST">
          <reporter-output>
          </reporter-output>
        </test-method> <!-- verifyTitle -->
        <test-method status="PASS" signature="afterMethod(org.testng.ITestResult)[pri:0, instance:com.demoQA.tests.Droppable_Test@480bdb19]" name="afterMethod" is-config="true" duration-ms="0" started-at="2022-09-14T22:28:37 IST" finished-at="2022-09-14T22:28:37 IST">
          <params>
            <param index="0">
              <value>
                <![CDATA[[TestResult name=verifyTitle status=SUCCESS method=Droppable_Test.verifyTitle()[pri:0, instance:com.demoQA.tests.Droppable_Test@480bdb19] output={null}]]]>
              </value>
            </param>
          </params>
          <reporter-output>
          </reporter-output>
        </test-method> <!-- afterMethod -->
        <test-method status="PASS" signature="verifyNotAccepatbleDragDrop()[pri:1, instance:com.demoQA.tests.Droppable_Test@480bdb19]" name="verifyNotAccepatbleDragDrop" duration-ms="388" started-at="2022-09-14T22:28:37 IST" finished-at="2022-09-14T22:28:38 IST">
          <reporter-output>
          </reporter-output>
        </test-method> <!-- verifyNotAccepatbleDragDrop -->
        <test-method status="PASS" signature="after()[pri:0, instance:com.demoQA.tests.Droppable_Test@480bdb19]" name="after" is-config="true" duration-ms="13297" started-at="2022-09-14T22:28:38 IST" finished-at="2022-09-14T22:28:51 IST">
          <reporter-output>
          </reporter-output>
        </test-method> <!-- after -->
        <test-method status="PASS" signature="afterMethod(org.testng.ITestResult)[pri:0, instance:com.demoQA.tests.Droppable_Test@480bdb19]" name="afterMethod" is-config="true" duration-ms="0" started-at="2022-09-14T22:28:38 IST" finished-at="2022-09-14T22:28:38 IST">
          <params>
            <param index="0">
              <value>
                <![CDATA[[TestResult name=verifyNotAccepatbleDragDrop status=SUCCESS method=Droppable_Test.verifyNotAccepatbleDragDrop()[pri:1, instance:com.demoQA.tests.Droppable_Test@480bdb19] output={null}]]]>
              </value>
            </param>
          </params>
          <reporter-output>
          </reporter-output>
        </test-method> <!-- afterMethod -->
      </class> <!-- com.demoQA.tests.Droppable_Test -->
    </test> <!-- Test15 -->
    <test name="Test16" duration-ms="61767" started-at="2022-09-14T22:28:51 IST" finished-at="2022-09-14T22:29:53 IST">
      <class name="com.demoQA.tests.ProgressBar_Test">
        <test-method status="PASS" signature="beforetest()[pri:0, instance:com.demoQA.tests.ProgressBar_Test@7e2d773b]" name="beforetest" is-config="true" duration-ms="51621" started-at="2022-09-14T22:28:51 IST" finished-at="2022-09-14T22:29:42 IST">
          <reporter-output>
          </reporter-output>
        </test-method> <!-- beforetest -->
        <test-method status="PASS" signature="beforeclass()[pri:0, instance:com.demoQA.tests.ProgressBar_Test@7e2d773b]" name="beforeclass" is-config="true" duration-ms="199" started-at="2022-09-14T22:29:42 IST" finished-at="2022-09-14T22:29:43 IST">
          <reporter-output>
          </reporter-output>
        </test-method> <!-- beforeclass -->
        <test-method status="PASS" signature="verifyProgressBar()[pri:0, instance:com.demoQA.tests.ProgressBar_Test@7e2d773b]" name="verifyProgressBar" duration-ms="7736" started-at="2022-09-14T22:29:43 IST" finished-at="2022-09-14T22:29:50 IST">
          <reporter-output>
          </reporter-output>
        </test-method> <!-- verifyProgressBar -->
        <test-method status="PASS" signature="afterMethod(org.testng.ITestResult)[pri:0, instance:com.demoQA.tests.ProgressBar_Test@7e2d773b]" name="afterMethod" is-config="true" duration-ms="0" started-at="2022-09-14T22:29:50 IST" finished-at="2022-09-14T22:29:50 IST">
          <params>
            <param index="0">
              <value>
                <![CDATA[[TestResult name=verifyProgressBar status=SUCCESS method=ProgressBar_Test.verifyProgressBar()[pri:0, instance:com.demoQA.tests.ProgressBar_Test@7e2d773b] output={null}]]]>
              </value>
            </param>
          </params>
          <reporter-output>
          </reporter-output>
        </test-method> <!-- afterMethod -->
        <test-method status="PASS" signature="verifyTitle()[pri:0, instance:com.demoQA.tests.ProgressBar_Test@7e2d773b]" name="verifyTitle" duration-ms="39" started-at="2022-09-14T22:29:50 IST" finished-at="2022-09-14T22:29:50 IST">
          <reporter-output>
          </reporter-output>
        </test-method> <!-- verifyTitle -->
        <test-method status="PASS" signature="after()[pri:0, instance:com.demoQA.tests.ProgressBar_Test@7e2d773b]" name="after" is-config="true" duration-ms="2170" started-at="2022-09-14T22:29:50 IST" finished-at="2022-09-14T22:29:53 IST">
          <reporter-output>
          </reporter-output>
        </test-method> <!-- after -->
        <test-method status="PASS" signature="afterMethod(org.testng.ITestResult)[pri:0, instance:com.demoQA.tests.ProgressBar_Test@7e2d773b]" name="afterMethod" is-config="true" duration-ms="0" started-at="2022-09-14T22:29:50 IST" finished-at="2022-09-14T22:29:50 IST">
          <params>
            <param index="0">
              <value>
                <![CDATA[[TestResult name=verifyTitle status=SUCCESS method=ProgressBar_Test.verifyTitle()[pri:0, instance:com.demoQA.tests.ProgressBar_Test@7e2d773b] output={null}]]]>
              </value>
            </param>
          </params>
          <reporter-output>
          </reporter-output>
        </test-method> <!-- afterMethod -->
      </class> <!-- com.demoQA.tests.ProgressBar_Test -->
    </test> <!-- Test16 -->
  </suite> <!-- Suite -->
</testng-results>
